This is pdfTeX, Version 3.1415926-2.4-1.40.13 (TeX Live 2012/Debian) (format=pdflatex 2012.11.9)  7 FEB 2013 08:54
entering extended mode
 \write18 enabled.
 %&-line parsing enabled.
**CursP_3
(./CursP_3.tex
LaTeX2e <2011/06/27>
Babel <v3.8m> and hyphenation patterns for english, dumylang, nohyphenation, lo
aded.
(/usr/share/texmf/tex/latex/beamer/base/beamer.cls
(/usr/share/texmf/tex/latex/beamer/base/beamerbasercs.sty
Package: beamerbasercs 2010/06/12 (rcs-revision c3821710bb40)
)
Document Class: beamer 2010/06/21 development version 3.10 A class for typesett
ing presentations (rcs-revision a6b1a8434d30)
(/usr/share/texmf/tex/latex/beamer/base/beamerbasemodes.sty
Package: beamerbasemodes 2010/05/01 (rcs-revision efa082c6111d)
\beamer@tempbox=\box26
\beamer@tempcount=\count79
\c@beamerpauses=\count80

(/usr/share/texmf/tex/latex/beamer/base/beamerbasedecode.sty
Package: beamerbasedecode 2010/05/01 (rcs-revision efa082c6111d)
\beamer@slideinframe=\count81
\beamer@minimum=\count82
)
\beamer@commentbox=\box27
\beamer@modecount=\count83
)
\headheight=\dimen102
\headdp=\dimen103
\footheight=\dimen104
\sidebarheight=\dimen105
\beamer@tempdim=\dimen106
\beamer@finalheight=\dimen107
\beamer@animht=\dimen108
\beamer@animdp=\dimen109
\beamer@animwd=\dimen110
\beamer@leftmargin=\dimen111
\beamer@rightmargin=\dimen112
\beamer@leftsidebar=\dimen113
\beamer@rightsidebar=\dimen114
\beamer@boxsize=\dimen115
\beamer@vboxoffset=\dimen116
\beamer@descdefault=\dimen117
\beamer@descriptionwidth=\dimen118
\beamer@lastskip=\skip41
\beamer@areabox=\box28
\beamer@animcurrent=\box29
\beamer@animshowbox=\box30
\beamer@sectionbox=\box31
\beamer@logobox=\box32
\beamer@linebox=\box33
\beamer@sectioncount=\count84
\beamer@subsubsectionmax=\count85
\beamer@subsectionmax=\count86
\beamer@sectionmax=\count87
\beamer@totalheads=\count88
\beamer@headcounter=\count89
\beamer@partstartpage=\count90
\beamer@sectionstartpage=\count91
\beamer@subsectionstartpage=\count92
\beamer@animationtempa=\count93
\beamer@animationtempb=\count94
\beamer@xpos=\count95
\beamer@ypos=\count96
\beamer@showpartnumber=\count97
\beamer@currentsubsection=\count98
\beamer@coveringdepth=\count99
\beamer@sectionadjust=\count100
\beamer@tocsectionnumber=\count101

(/usr/share/texmf/tex/latex/beamer/base/beamerbaseoptions.sty
Package: beamerbaseoptions 2010/04/27 (rcs-revision 982469101dd6)

(/usr/share/texlive/texmf-dist/tex/latex/graphics/keyval.sty
Package: keyval 1999/03/16 v1.13 key=value parser (DPC)
\KV@toks@=\toks14
))
\beamer@paperwidth=\skip42
\beamer@paperheight=\skip43

(/usr/share/texlive/texmf-dist/tex/latex/geometry/geometry.sty
Package: geometry 2010/09/12 v5.6 Page Geometry

(/usr/share/texlive/texmf-dist/tex/generic/oberdiek/ifpdf.sty
Package: ifpdf 2011/01/30 v2.3 Provides the ifpdf switch (HO)
Package ifpdf Info: pdfTeX in PDF mode is detected.
)
(/usr/share/texlive/texmf-dist/tex/generic/oberdiek/ifvtex.sty
Package: ifvtex 2010/03/01 v1.5 Detect VTeX and its facilities (HO)
Package ifvtex Info: VTeX not detected.
)
(/usr/share/texlive/texmf-dist/tex/generic/ifxetex/ifxetex.sty
Package: ifxetex 2010/09/12 v0.6 Provides ifxetex conditional
)
\Gm@cnth=\count102
\Gm@cntv=\count103
\c@Gm@tempcnt=\count104
\Gm@bindingoffset=\dimen119
\Gm@wd@mp=\dimen120
\Gm@odd@mp=\dimen121
\Gm@even@mp=\dimen122
\Gm@layoutwidth=\dimen123
\Gm@layoutheight=\dimen124
\Gm@layouthoffset=\dimen125
\Gm@layoutvoffset=\dimen126
\Gm@dimlist=\toks15
)
(/usr/share/texlive/texmf-dist/tex/latex/base/size10.clo
File: size10.clo 2007/10/19 v1.4h Standard LaTeX file (size option)
)
(/usr/share/texmf/tex/latex/pgf/basiclayer/pgfcore.sty
(/usr/share/texlive/texmf-dist/tex/latex/graphics/graphicx.sty
Package: graphicx 1999/02/16 v1.0f Enhanced LaTeX Graphics (DPC,SPQR)

(/usr/share/texlive/texmf-dist/tex/latex/graphics/graphics.sty
Package: graphics 2009/02/05 v1.0o Standard LaTeX Graphics (DPC,SPQR)

(/usr/share/texlive/texmf-dist/tex/latex/graphics/trig.sty
Package: trig 1999/03/16 v1.09 sin cos tan (DPC)
)
(/usr/share/texlive/texmf-dist/tex/latex/latexconfig/graphics.cfg
File: graphics.cfg 2010/04/23 v1.9 graphics configuration of TeX Live
)
Package graphics Info: Driver file: pdftex.def on input line 91.

(/usr/share/texlive/texmf-dist/tex/latex/pdftex-def/pdftex.def
File: pdftex.def 2011/05/27 v0.06d Graphics/color for pdfTeX

(/usr/share/texlive/texmf-dist/tex/generic/oberdiek/infwarerr.sty
Package: infwarerr 2010/04/08 v1.3 Providing info/warning/error messages (HO)
)
(/usr/share/texlive/texmf-dist/tex/generic/oberdiek/ltxcmds.sty
Package: ltxcmds 2011/11/09 v1.22 LaTeX kernel commands for general use (HO)
)
\Gread@gobject=\count105
))
\Gin@req@height=\dimen127
\Gin@req@width=\dimen128
)
(/usr/share/texmf/tex/latex/pgf/systemlayer/pgfsys.sty
(/usr/share/texmf/tex/latex/pgf/utilities/pgfrcs.sty
(/usr/share/texmf/tex/generic/pgf/utilities/pgfutil-common.tex
\pgfutil@everybye=\toks16
)
(/usr/share/texmf/tex/generic/pgf/utilities/pgfutil-latex.def
\pgfutil@abb=\box34

(/usr/share/texlive/texmf-dist/tex/latex/ms/everyshi.sty
Package: everyshi 2001/05/15 v3.00 EveryShipout Package (MS)
))
(/usr/share/texmf/tex/generic/pgf/utilities/pgfrcs.code.tex
Package: pgfrcs 2010/10/25 v2.10 (rcs-revision 1.24)
))
(/usr/share/texmf/tex/generic/pgf/systemlayer/pgfsys.code.tex
Package: pgfsys 2010/06/30 v2.10 (rcs-revision 1.37)

(/usr/share/texmf/tex/generic/pgf/utilities/pgfkeys.code.tex
\pgfkeys@pathtoks=\toks17
\pgfkeys@temptoks=\toks18

(/usr/share/texmf/tex/generic/pgf/utilities/pgfkeysfiltered.code.tex
\pgfkeys@tmptoks=\toks19
))
\pgf@x=\dimen129
\pgf@y=\dimen130
\pgf@xa=\dimen131
\pgf@ya=\dimen132
\pgf@xb=\dimen133
\pgf@yb=\dimen134
\pgf@xc=\dimen135
\pgf@yc=\dimen136
\w@pgf@writea=\write3
\r@pgf@reada=\read1
\c@pgf@counta=\count106
\c@pgf@countb=\count107
\c@pgf@countc=\count108
\c@pgf@countd=\count109

(/usr/share/texmf/tex/generic/pgf/systemlayer/pgf.cfg
File: pgf.cfg 2008/05/14  (rcs-revision 1.7)
)
Package pgfsys Info: Driver file for pgf: pgfsys-pdftex.def on input line 900.

(/usr/share/texmf/tex/generic/pgf/systemlayer/pgfsys-pdftex.def
File: pgfsys-pdftex.def 2009/05/22  (rcs-revision 1.26)

(/usr/share/texmf/tex/generic/pgf/systemlayer/pgfsys-common-pdf.def
File: pgfsys-common-pdf.def 2008/05/19  (rcs-revision 1.10)
)))
(/usr/share/texmf/tex/generic/pgf/systemlayer/pgfsyssoftpath.code.tex
File: pgfsyssoftpath.code.tex 2008/07/18  (rcs-revision 1.7)
\pgfsyssoftpath@smallbuffer@items=\count110
\pgfsyssoftpath@bigbuffer@items=\count111
)
(/usr/share/texmf/tex/generic/pgf/systemlayer/pgfsysprotocol.code.tex
File: pgfsysprotocol.code.tex 2006/10/16  (rcs-revision 1.4)
))
(/usr/share/texmf/tex/latex/xcolor/xcolor.sty
Package: xcolor 2007/01/21 v2.11 LaTeX color extensions (UK)

(/usr/share/texlive/texmf-dist/tex/latex/latexconfig/color.cfg
File: color.cfg 2007/01/18 v1.5 color configuration of teTeX/TeXLive
)
Package xcolor Info: Driver file: pdftex.def on input line 225.
Package xcolor Info: Model `cmy' substituted by `cmy0' on input line 1337.
Package xcolor Info: Model `hsb' substituted by `rgb' on input line 1341.
Package xcolor Info: Model `RGB' extended on input line 1353.
Package xcolor Info: Model `HTML' substituted by `rgb' on input line 1355.
Package xcolor Info: Model `Hsb' substituted by `hsb' on input line 1356.
Package xcolor Info: Model `tHsb' substituted by `hsb' on input line 1357.
Package xcolor Info: Model `HSB' substituted by `hsb' on input line 1358.
Package xcolor Info: Model `Gray' substituted by `gray' on input line 1359.
Package xcolor Info: Model `wave' substituted by `hsb' on input line 1360.
)
(/usr/share/texmf/tex/generic/pgf/basiclayer/pgfcore.code.tex
Package: pgfcore 2010/04/11 v2.10 (rcs-revision 1.7)

(/usr/share/texmf/tex/generic/pgf/math/pgfmath.code.tex
(/usr/share/texmf/tex/generic/pgf/math/pgfmathcalc.code.tex
(/usr/share/texmf/tex/generic/pgf/math/pgfmathutil.code.tex)
(/usr/share/texmf/tex/generic/pgf/math/pgfmathparser.code.tex
\pgfmath@dimen=\dimen137
\pgfmath@count=\count112
\pgfmath@box=\box35
\pgfmath@toks=\toks20
\pgfmath@stack@operand=\toks21
\pgfmath@stack@operation=\toks22
)
(/usr/share/texmf/tex/generic/pgf/math/pgfmathfunctions.code.tex
(/usr/share/texmf/tex/generic/pgf/math/pgfmathfunctions.basic.code.tex)
(/usr/share/texmf/tex/generic/pgf/math/pgfmathfunctions.trigonometric.code.tex)
(/usr/share/texmf/tex/generic/pgf/math/pgfmathfunctions.random.code.tex)
(/usr/share/texmf/tex/generic/pgf/math/pgfmathfunctions.comparison.code.tex)
(/usr/share/texmf/tex/generic/pgf/math/pgfmathfunctions.base.code.tex)
(/usr/share/texmf/tex/generic/pgf/math/pgfmathfunctions.round.code.tex)
(/usr/share/texmf/tex/generic/pgf/math/pgfmathfunctions.misc.code.tex)))
(/usr/share/texmf/tex/generic/pgf/math/pgfmathfloat.code.tex
\c@pgfmathroundto@lastzeros=\count113
))
(/usr/share/texmf/tex/generic/pgf/basiclayer/pgfcorepoints.code.tex
File: pgfcorepoints.code.tex 2010/04/09  (rcs-revision 1.20)
\pgf@picminx=\dimen138
\pgf@picmaxx=\dimen139
\pgf@picminy=\dimen140
\pgf@picmaxy=\dimen141
\pgf@pathminx=\dimen142
\pgf@pathmaxx=\dimen143
\pgf@pathminy=\dimen144
\pgf@pathmaxy=\dimen145
\pgf@xx=\dimen146
\pgf@xy=\dimen147
\pgf@yx=\dimen148
\pgf@yy=\dimen149
\pgf@zx=\dimen150
\pgf@zy=\dimen151
)
(/usr/share/texmf/tex/generic/pgf/basiclayer/pgfcorepathconstruct.code.tex
File: pgfcorepathconstruct.code.tex 2010/08/03  (rcs-revision 1.24)
\pgf@path@lastx=\dimen152
\pgf@path@lasty=\dimen153
)
(/usr/share/texmf/tex/generic/pgf/basiclayer/pgfcorepathusage.code.tex
File: pgfcorepathusage.code.tex 2008/04/22  (rcs-revision 1.12)
\pgf@shorten@end@additional=\dimen154
\pgf@shorten@start@additional=\dimen155
)
(/usr/share/texmf/tex/generic/pgf/basiclayer/pgfcorescopes.code.tex
File: pgfcorescopes.code.tex 2010/09/08  (rcs-revision 1.34)
\pgfpic=\box36
\pgf@hbox=\box37
\pgf@layerbox@main=\box38
\pgf@picture@serial@count=\count114
)
(/usr/share/texmf/tex/generic/pgf/basiclayer/pgfcoregraphicstate.code.tex
File: pgfcoregraphicstate.code.tex 2008/04/22  (rcs-revision 1.9)
\pgflinewidth=\dimen156
)
(/usr/share/texmf/tex/generic/pgf/basiclayer/pgfcoretransformations.code.tex
File: pgfcoretransformations.code.tex 2009/06/10  (rcs-revision 1.11)
\pgf@pt@x=\dimen157
\pgf@pt@y=\dimen158
\pgf@pt@temp=\dimen159
)
(/usr/share/texmf/tex/generic/pgf/basiclayer/pgfcorequick.code.tex
File: pgfcorequick.code.tex 2008/10/09  (rcs-revision 1.3)
)
(/usr/share/texmf/tex/generic/pgf/basiclayer/pgfcoreobjects.code.tex
File: pgfcoreobjects.code.tex 2006/10/11  (rcs-revision 1.2)
)
(/usr/share/texmf/tex/generic/pgf/basiclayer/pgfcorepathprocessing.code.tex
File: pgfcorepathprocessing.code.tex 2008/10/09  (rcs-revision 1.8)
)
(/usr/share/texmf/tex/generic/pgf/basiclayer/pgfcorearrows.code.tex
File: pgfcorearrows.code.tex 2008/04/23  (rcs-revision 1.11)
)
(/usr/share/texmf/tex/generic/pgf/basiclayer/pgfcoreshade.code.tex
File: pgfcoreshade.code.tex 2008/11/23  (rcs-revision 1.13)
\pgf@max=\dimen160
\pgf@sys@shading@range@num=\count115
)
(/usr/share/texmf/tex/generic/pgf/basiclayer/pgfcoreimage.code.tex
File: pgfcoreimage.code.tex 2010/03/25  (rcs-revision 1.16)

(/usr/share/texmf/tex/generic/pgf/basiclayer/pgfcoreexternal.code.tex
File: pgfcoreexternal.code.tex 2010/09/01  (rcs-revision 1.17)
\pgfexternal@startupbox=\box39
))
(/usr/share/texmf/tex/generic/pgf/basiclayer/pgfcorelayers.code.tex
File: pgfcorelayers.code.tex 2010/08/27  (rcs-revision 1.2)
)
(/usr/share/texmf/tex/generic/pgf/basiclayer/pgfcoretransparency.code.tex
File: pgfcoretransparency.code.tex 2008/01/17  (rcs-revision 1.2)
)
(/usr/share/texmf/tex/generic/pgf/basiclayer/pgfcorepatterns.code.tex
File: pgfcorepatterns.code.tex 2009/07/02  (rcs-revision 1.3)
)))
(/usr/share/texmf/tex/latex/pgf/utilities/xxcolor.sty
Package: xxcolor 2003/10/24 ver 0.1
\XC@nummixins=\count116
\XC@countmixins=\count117
)
(/usr/share/texlive/texmf-dist/tex/latex/hyperref/hyperref.sty
Package: hyperref 2012/05/13 v6.82q Hypertext links for LaTeX

(/usr/share/texlive/texmf-dist/tex/generic/oberdiek/hobsub-hyperref.sty
Package: hobsub-hyperref 2012/05/28 v1.13 Bundle oberdiek, subset hyperref (HO)


(/usr/share/texlive/texmf-dist/tex/generic/oberdiek/hobsub-generic.sty
Package: hobsub-generic 2012/05/28 v1.13 Bundle oberdiek, subset generic (HO)
Package: hobsub 2012/05/28 v1.13 Construct package bundles (HO)
Package hobsub Info: Skipping package `infwarerr' (already loaded).
Package hobsub Info: Skipping package `ltxcmds' (already loaded).
Package: ifluatex 2010/03/01 v1.3 Provides the ifluatex switch (HO)
Package ifluatex Info: LuaTeX not detected.
Package hobsub Info: Skipping package `ifvtex' (already loaded).
Package: intcalc 2007/09/27 v1.1 Expandable calculations with integers (HO)
Package hobsub Info: Skipping package `ifpdf' (already loaded).
Package: etexcmds 2011/02/16 v1.5 Avoid name clashes with e-TeX commands (HO)
Package etexcmds Info: Could not find \expanded.
(etexcmds)             That can mean that you are not using pdfTeX 1.50 or
(etexcmds)             that some package has redefined \expanded.
(etexcmds)             In the latter case, load this package earlier.
Package: kvsetkeys 2012/04/25 v1.16 Key value parser (HO)
Package: kvdefinekeys 2011/04/07 v1.3 Define keys (HO)
Package: pdftexcmds 2011/11/29 v0.20 Utility functions of pdfTeX for LuaTeX (HO
)
Package pdftexcmds Info: LuaTeX not detected.
Package pdftexcmds Info: \pdf@primitive is available.
Package pdftexcmds Info: \pdf@ifprimitive is available.
Package pdftexcmds Info: \pdfdraftmode found.
Package: pdfescape 2011/11/25 v1.13 Implements pdfTeX's escape features (HO)
Package: bigintcalc 2012/04/08 v1.3 Expandable calculations on big integers (HO
)
Package: bitset 2011/01/30 v1.1 Handle bit-vector datatype (HO)
Package: uniquecounter 2011/01/30 v1.2 Provide unlimited unique counter (HO)
)
Package hobsub Info: Skipping package `hobsub' (already loaded).
Package: letltxmacro 2010/09/02 v1.4 Let assignment for LaTeX macros (HO)
Package: hopatch 2012/05/28 v1.2 Wrapper for package hooks (HO)
Package: xcolor-patch 2011/01/30 xcolor patch
Package: atveryend 2011/06/30 v1.8 Hooks at the very end of document (HO)
Package atveryend Info: \enddocument detected (standard20110627).
Package: atbegshi 2011/10/05 v1.16 At begin shipout hook (HO)
Package: refcount 2011/10/16 v3.4 Data extraction from label references (HO)
Package: hycolor 2011/01/30 v1.7 Color options for hyperref/bookmark (HO)
)
(/usr/share/texlive/texmf-dist/tex/latex/oberdiek/kvoptions.sty
Package: kvoptions 2011/06/30 v3.11 Key value format for package options (HO)
)
\@linkdim=\dimen161
\Hy@linkcounter=\count118
\Hy@pagecounter=\count119

(/usr/share/texlive/texmf-dist/tex/latex/hyperref/pd1enc.def
File: pd1enc.def 2012/05/13 v6.82q Hyperref: PDFDocEncoding definition (HO)
)
\Hy@SavedSpaceFactor=\count120

(/usr/share/texlive/texmf-dist/tex/latex/latexconfig/hyperref.cfg
File: hyperref.cfg 2002/06/06 v1.2 hyperref configuration of TeXLive
)
Package hyperref Info: Option `colorlinks' set `true' on input line 3941.
Package hyperref Info: Option `bookmarks' set `true' on input line 3941.
Package hyperref Info: Option `bookmarksopen' set `true' on input line 3941.
Package hyperref Info: Option `implicit' set `false' on input line 3941.
Package hyperref Info: Hyper figures OFF on input line 4062.
Package hyperref Info: Link nesting OFF on input line 4067.
Package hyperref Info: Hyper index ON on input line 4070.
Package hyperref Info: Plain pages OFF on input line 4077.
Package hyperref Info: Backreferencing OFF on input line 4082.
Package hyperref Info: Implicit mode OFF; no redefinition of LaTeX internals.
Package hyperref Info: Bookmarks ON on input line 4300.
\c@Hy@tempcnt=\count121

(/usr/share/texlive/texmf-dist/tex/latex/url/url.sty
\Urlmuskip=\muskip10
Package: url 2006/04/12  ver 3.3  Verb mode for urls, etc.
)
LaTeX Info: Redefining \url on input line 4653.
\Fld@menulength=\count122
\Field@Width=\dimen162
\Fld@charsize=\dimen163
Package hyperref Info: Hyper figures OFF on input line 5773.
Package hyperref Info: Link nesting OFF on input line 5778.
Package hyperref Info: Hyper index ON on input line 5781.
Package hyperref Info: backreferencing OFF on input line 5788.
Package hyperref Info: Link coloring ON on input line 5791.
Package hyperref Info: Link coloring with OCG OFF on input line 5798.
Package hyperref Info: PDF/A mode OFF on input line 5803.
LaTeX Info: Redefining \ref on input line 5843.
LaTeX Info: Redefining \pageref on input line 5847.
\Hy@abspage=\count123


Package hyperref Message: Stopped early.

)

Package hyperref Message: Driver (autodetected): hpdftex.

(/usr/share/texlive/texmf-dist/tex/latex/hyperref/hpdftex.def
File: hpdftex.def 2012/05/13 v6.82q Hyperref driver for pdfTeX
\Fld@listcount=\count124
\c@bookmark@seq@number=\count125

(/usr/share/texlive/texmf-dist/tex/latex/oberdiek/rerunfilecheck.sty
Package: rerunfilecheck 2011/04/15 v1.7 Rerun checks for auxiliary files (HO)
Package uniquecounter Info: New unique counter `rerunfilecheck' on input line 2
82.
))
(/usr/share/texmf/tex/latex/beamer/base/beamerbaserequires.sty
Package: beamerbaserequires 2010/05/01  (rcs-revision efa082c6111d)

(/usr/share/texmf/tex/latex/beamer/base/beamerbasecompatibility.sty
Package: beamerbasecompatibility 2010/07/12  (rcs-revision 6648c3177e4e)
)
(/usr/share/texmf/tex/latex/beamer/base/beamerbasefont.sty
Package: beamerbasefont 2010/05/10  (rcs-revision cd36e8a33c6b)

(/usr/share/texlive/texmf-dist/tex/latex/amsfonts/amssymb.sty
Package: amssymb 2009/06/22 v3.00

(/usr/share/texlive/texmf-dist/tex/latex/amsfonts/amsfonts.sty
Package: amsfonts 2009/06/22 v3.00 Basic AMSFonts support
\@emptytoks=\toks23
\symAMSa=\mathgroup4
\symAMSb=\mathgroup5
LaTeX Font Info:    Overwriting math alphabet `\mathfrak' in version `bold'
(Font)                  U/euf/m/n --> U/euf/b/n on input line 96.
)))
(/usr/share/texmf/tex/latex/beamer/base/beamerbasetranslator.sty
Package: beamerbasetranslator 2010/06/11  (rcs-revision 85fd1cc7fc42)

(/usr/share/texmf/tex/latex/beamer/base/translator/translator.sty
Package: translator 2010/06/12 ver 1.10

(/usr/share/texmf/tex/latex/beamer/base/translator/translator-language-mappings
.tex))) (/usr/share/texmf/tex/latex/beamer/base/beamerbasemisc.sty
Package: beamerbasemisc 2010/06/06  (rcs-revision bff0a9294b45)
)
(/usr/share/texmf/tex/latex/beamer/base/beamerbasetwoscreens.sty
Package: beamerbasetwoscreens 2010/05/01  (rcs-revision efa082c6111d)
)
(/usr/share/texmf/tex/latex/beamer/base/beamerbaseoverlay.sty
Package: beamerbaseoverlay 2010/05/07  (rcs-revision 5584dad462a9)
\beamer@argscount=\count126
\beamer@lastskipcover=\skip44
\beamer@trivlistdepth=\count127
)
(/usr/share/texmf/tex/latex/beamer/base/beamerbasetitle.sty
Package: beamerbasetitle 2010/06/12  (rcs-revision 717e481ca47a)
)
(/usr/share/texmf/tex/latex/beamer/base/beamerbasesection.sty
Package: beamerbasesection 2010/06/17  (rcs-revision e0d9401bb743)
\c@lecture=\count128
\c@part=\count129
\c@section=\count130
\c@subsection=\count131
\c@subsubsection=\count132
)
(/usr/share/texmf/tex/latex/beamer/base/beamerbaseframe.sty
Package: beamerbaseframe 2010/06/06  (rcs-revision bff0a9294b45)
\beamer@framebox=\box40
\beamer@frametitlebox=\box41
\beamer@zoombox=\box42
\beamer@zoomcount=\count133
\beamer@zoomframecount=\count134
\beamer@frametextheight=\dimen164
\c@subsectionslide=\count135
\beamer@frametopskip=\skip45
\beamer@framebottomskip=\skip46
\beamer@frametopskipautobreak=\skip47
\beamer@framebottomskipautobreak=\skip48
\beamer@envbody=\toks24
\c@framenumber=\count136
)
(/usr/share/texmf/tex/latex/beamer/base/beamerbaseverbatim.sty
Package: beamerbaseverbatim 2010/05/01  (rcs-revision efa082c6111d)
\beamer@verbatimfileout=\write4
)
(/usr/share/texmf/tex/latex/beamer/base/beamerbaseframesize.sty
Package: beamerbaseframesize 2010/06/27  (rcs-revision 6baa2d92e6f1)
\beamer@splitbox=\box43
\beamer@autobreakcount=\count137
\beamer@autobreaklastheight=\dimen165
\beamer@frametitletoks=\toks25
\beamer@framesubtitletoks=\toks26
)
(/usr/share/texmf/tex/latex/beamer/base/beamerbaseframecomponents.sty
Package: beamerbaseframecomponents 2010/07/12  (rcs-revision 09e82992d9b1)
\beamer@footins=\box44
)
(/usr/share/texmf/tex/latex/beamer/base/beamerbasecolor.sty
Package: beamerbasecolor 2010/06/06  (rcs-revision d1a9b48be06d)
)
(/usr/share/texmf/tex/latex/beamer/base/beamerbasenotes.sty
Package: beamerbasenotes 2010/05/01  (rcs-revision efa082c6111d)
\beamer@frameboxcopy=\box45
)
(/usr/share/texmf/tex/latex/beamer/base/beamerbasetoc.sty
Package: beamerbasetoc 2010/06/11  (rcs-revision 242ecaa6783b)
)
(/usr/share/texmf/tex/latex/beamer/base/beamerbasetemplates.sty
Package: beamerbasetemplates 2010/05/01  (rcs-revision efa082c6111d)
\beamer@sbttoks=\toks27

(/usr/share/texmf/tex/latex/beamer/base/beamerbaseauxtemplates.sty
Package: beamerbaseauxtemplates 2010/05/01  (rcs-revision efa082c6111d)

(/usr/share/texmf/tex/latex/beamer/base/beamerbaseboxes.sty
Package: beamerbaseboxes 2010/05/01  (rcs-revision efa082c6111d)
\bmb@box=\box46
\bmb@colorbox=\box47
\bmb@boxshadow=\box48
\bmb@boxshadowball=\box49
\bmb@boxshadowballlarge=\box50
\bmb@temp=\dimen166
\bmb@dima=\dimen167
\bmb@dimb=\dimen168
\bmb@prevheight=\dimen169
)
\beamer@blockheadheight=\dimen170
))
(/usr/share/texmf/tex/latex/beamer/base/beamerbaselocalstructure.sty
Package: beamerbaselocalstructure 2010/06/01  (rcs-revision 81f9e33f7cc2)

(/usr/share/texlive/texmf-dist/tex/latex/tools/enumerate.sty
Package: enumerate 1999/03/05 v3.00 enumerate extensions (DPC)
\@enLab=\toks28
)
\c@figure=\count138
\c@table=\count139
\abovecaptionskip=\skip49
\belowcaptionskip=\skip50
)
(/usr/share/texmf/tex/latex/beamer/base/beamerbasenavigation.sty
Package: beamerbasenavigation 2010/05/01  (rcs-revision efa082c6111d)
)
(/usr/share/texmf/tex/latex/beamer/base/beamerbasetheorems.sty
Package: beamerbasetheorems 2010/06/06  (rcs-revision 7e7cc5e53e9d)

(/usr/share/texlive/texmf-dist/tex/latex/amsmath/amsmath.sty
Package: amsmath 2000/07/18 v2.13 AMS math features
\@mathmargin=\skip51

For additional information on amsmath, use the `?' option.
(/usr/share/texlive/texmf-dist/tex/latex/amsmath/amstext.sty
Package: amstext 2000/06/29 v2.01

(/usr/share/texlive/texmf-dist/tex/latex/amsmath/amsgen.sty
File: amsgen.sty 1999/11/30 v2.0
\@emptytoks=\toks29
\ex@=\dimen171
))
(/usr/share/texlive/texmf-dist/tex/latex/amsmath/amsbsy.sty
Package: amsbsy 1999/11/29 v1.2d
\pmbraise@=\dimen172
)
(/usr/share/texlive/texmf-dist/tex/latex/amsmath/amsopn.sty
Package: amsopn 1999/12/14 v2.01 operator names
)
\inf@bad=\count140
LaTeX Info: Redefining \frac on input line 211.
\uproot@=\count141
\leftroot@=\count142
LaTeX Info: Redefining \overline on input line 307.
\classnum@=\count143
\DOTSCASE@=\count144
LaTeX Info: Redefining \ldots on input line 379.
LaTeX Info: Redefining \dots on input line 382.
LaTeX Info: Redefining \cdots on input line 467.
\Mathstrutbox@=\box51
\strutbox@=\box52
\big@size=\dimen173
LaTeX Font Info:    Redeclaring font encoding OML on input line 567.
LaTeX Font Info:    Redeclaring font encoding OMS on input line 568.
\macc@depth=\count145
\c@MaxMatrixCols=\count146
\dotsspace@=\muskip11
\c@parentequation=\count147
\dspbrk@lvl=\count148
\tag@help=\toks30
\row@=\count149
\column@=\count150
\maxfields@=\count151
\andhelp@=\toks31
\eqnshift@=\dimen174
\alignsep@=\dimen175
\tagshift@=\dimen176
\tagwidth@=\dimen177
\totwidth@=\dimen178
\lineht@=\dimen179
\@envbody=\toks32
\multlinegap=\skip52
\multlinetaggap=\skip53
\mathdisplay@stack=\toks33
LaTeX Info: Redefining \[ on input line 2666.
LaTeX Info: Redefining \] on input line 2667.
)
(/usr/share/texlive/texmf-dist/tex/latex/amscls/amsthm.sty
Package: amsthm 2009/07/02 v2.20.1
\thm@style=\toks34
\thm@bodyfont=\toks35
\thm@headfont=\toks36
\thm@notefont=\toks37
\thm@headpunct=\toks38
\thm@preskip=\skip54
\thm@postskip=\skip55
\thm@headsep=\skip56
\dth@everypar=\toks39
)
\c@theorem=\count152
)
(/usr/share/texmf/tex/latex/beamer/base/beamerbasethemes.sty
Package: beamerbasethemes 2010/05/01  (rcs-revision efa082c6111d)
))
(/usr/share/texmf/tex/latex/beamer/base/themes/theme/beamerthemedefault.sty
Package: beamerthemedefault 2010/06/17  (rcs-revision d02a7cf4d8ae)

(/usr/share/texmf/tex/latex/beamer/base/themes/font/beamerfontthemedefault.sty
Package: beamerfontthemedefault 2010/06/17  (rcs-revision d02a7cf4d8ae)
)
(/usr/share/texmf/tex/latex/beamer/base/themes/color/beamercolorthemedefault.st
y
Package: beamercolorthemedefault 2010/06/17  (rcs-revision d02a7cf4d8ae)
)
(/usr/share/texmf/tex/latex/beamer/base/themes/inner/beamerinnerthemedefault.st
y
Package: beamerinnerthemedefault 2010/06/17  (rcs-revision d02a7cf4d8ae)
\beamer@dima=\dimen180
\beamer@dimb=\dimen181
)
(/usr/share/texmf/tex/latex/beamer/base/themes/outer/beamerouterthemedefault.st
y
Package: beamerouterthemedefault 2010/06/17  (rcs-revision d02a7cf4d8ae)
))) (./minted.sty
Package: minted 2011/09/17 v1.7 Yet another Pygments shim for LaTeX

(/usr/share/texlive/texmf-dist/tex/latex/fancyvrb/fancyvrb.sty
Package: fancyvrb 2008/02/07

Style option: `fancyvrb' v2.7a, with DG/SPQR fixes, and firstline=lastline fix 
<2008/02/07> (tvz)
\FV@CodeLineNo=\count153
\FV@InFile=\read2
\FV@TabBox=\box53
\c@FancyVerbLine=\count154
\FV@StepNumber=\count155
\FV@OutFile=\write5
) (/usr/share/texlive/texmf-dist/tex/latex/float/float.sty
Package: float 2001/11/08 v1.3d Float enhancements (AL)
\c@float@type=\count156
\float@exts=\toks40
\float@box=\box54
\@float@everytoks=\toks41
\@floatcapt=\box55
)
(/usr/share/texlive/texmf-dist/tex/latex/base/ifthen.sty
Package: ifthen 2001/05/26 v1.1c Standard LaTeX ifthen package (DPC)
)
(/usr/share/texlive/texmf-dist/tex/latex/tools/calc.sty
Package: calc 2007/08/22 v4.3 Infix arithmetic (KKT,FJ)
\calc@Acount=\count157
\calc@Bcount=\count158
\calc@Adimen=\dimen182
\calc@Bdimen=\dimen183
\calc@Askip=\skip57
\calc@Bskip=\skip58
LaTeX Info: Redefining \setlength on input line 76.
LaTeX Info: Redefining \addtolength on input line 77.
\calc@Ccount=\count159
\calc@Cskip=\skip59
)
(/usr/share/texlive/texmf-dist/tex/latex/ifplatform/ifplatform.sty
Package: ifplatform 2010/10/22 v0.4 Testing for the operating system

(/usr/share/texlive/texmf-dist/tex/generic/oberdiek/catchfile.sty
Package: catchfile 2011/03/01 v1.6 Catch the contents of a file (HO)
)
runsystem(uname -s > "CursP_3.w18")...executed.


(./CursP_3.w18)
runsystem(rm -- "CursP_3.w18")...executed.

)
\minted@bgbox=\box56
\minted@code=\write6
\@float@every@listing=\toks42
\c@listing=\count160
)
runsystem(which pygmentize && touch CursP_3.aex)...executed.

runsystem(rm CursP_3.aex)...executed.

 (/usr/share/texlive/texmf-dist/tex/generic/babel/babel.sty
Package: babel 2008/07/08 v3.8m The Babel package

(/usr/share/texlive/texmf-dist/tex/generic/babel/english.ldf
Language: english 2005/03/30 v3.3o English support from the babel system

(/usr/share/texlive/texmf-dist/tex/generic/babel/babel.def
File: babel.def 2008/07/08 v3.8m Babel common definitions
LaTeX Info: Redefining \textlatin on input line 82.
\babel@savecnt=\count161
\U@D=\dimen184
)
\l@british = a dialect from \language\l@english 
\l@UKenglish = a dialect from \language\l@english 
\l@canadian = a dialect from \language\l@american 
\l@australian = a dialect from \language\l@british 
\l@newzealand = a dialect from \language\l@british 
))
(/usr/share/texlive/texmf-dist/tex/latex/base/inputenc.sty
Package: inputenc 2008/03/30 v1.1d Input encoding file
\inpenc@prehook=\toks43
\inpenc@posthook=\toks44

(/usr/share/texlive/texmf-dist/tex/latex/ucs/utf8x.def
File: utf8x.def 2004/10/17 UCS: Input encoding UTF-8
))
(/usr/share/texlive/texmf-dist/tex/latex/ucs/ucs.sty
Package: ucs 2004/10/17 UCS: Unicode input support

(/usr/share/texlive/texmf-dist/tex/latex/ucs/data/uni-global.def
File: uni-global.def 2012/04/20 UCS: Unicode global data
)
\uc@secondtry=\count162
\uc@combtoks=\toks45
\uc@combtoksb=\toks46
\uc@temptokena=\toks47
)
(/usr/share/texmf/tex/latex/beamer/base/themes/theme/compatibility/beamerthemes
plit.sty
Package: beamerthemesplit 2010/06/17  (rcs-revision d02a7cf4d8ae)

(/usr/share/texmf/tex/latex/beamer/base/themes/color/beamercolorthemewhale.sty
Package: beamercolorthemewhale 2010/06/17  (rcs-revision d02a7cf4d8ae)
) (/usr/share/texmf/tex/latex/beamer/base/themes/outer/beamerouterthemesplit.st
y
Package: beamerouterthemesplit 2010/06/17  (rcs-revision d02a7cf4d8ae)
)
(/usr/share/texmf/tex/latex/beamer/base/themes/font/beamerfontthemestructurebol
d.sty
Package: beamerfontthemestructurebold 2010/06/17  (rcs-revision d02a7cf4d8ae)
)) (./format.tex
(/usr/share/texmf/tex/latex/beamer/base/themes/theme/beamerthemeWarsaw.sty
Package: beamerthemeWarsaw 2010/06/17  (rcs-revision d02a7cf4d8ae)

(/usr/share/texmf/tex/latex/beamer/base/themes/inner/beamerinnerthemerounded.st
y
Package: beamerinnerthemerounded 2010/06/17  (rcs-revision d02a7cf4d8ae)
)
(/usr/share/texmf/tex/latex/beamer/base/themes/outer/beamerouterthemeshadow.sty
Package: beamerouterthemeshadow 2010/06/17  (rcs-revision d02a7cf4d8ae)
)
(/usr/share/texmf/tex/latex/beamer/base/themes/color/beamercolorthemeorchid.sty
Package: beamercolorthemeorchid 2010/06/17  (rcs-revision d02a7cf4d8ae)
))
(/usr/share/texmf/tex/latex/beamer/base/themes/color/beamercolorthemedolphin.st
y
Package: beamercolorthemedolphin 2010/06/17  (rcs-revision d02a7cf4d8ae)
) (/usr/share/texmf/tex/latex/beamer/base/themes/font/beamerfontthemeserif.sty
Package: beamerfontthemeserif 2010/06/17  (rcs-revision d02a7cf4d8ae)
)) (./header.tex (/usr/share/texlive/texmf-dist/tex/latex/amsfonts/umsa.fd
File: umsa.fd 2009/06/22 v3.00 AMS symbols A
)
(/usr/share/texlive/texmf-dist/tex/latex/amsfonts/umsb.fd
File: umsb.fd 2009/06/22 v3.00 AMS symbols B
)

Package hyperref Warning: Token not allowed in a PDF string (PDFDocEncoding):
(hyperref)                removing `math shift' on input line 2.


Package hyperref Warning: Token not allowed in a PDF string (PDFDocEncoding):
(hyperref)                removing `superscript' on input line 2.


Package hyperref Warning: Token not allowed in a PDF string (PDFDocEncoding):
(hyperref)                removing `math shift' on input line 2.

) (./CursP_3.aux

LaTeX Warning: Label `fig:' multiply defined.

)
\openout1 = `CursP_3.aux'.

LaTeX Font Info:    Checking defaults for OML/cmm/m/it on input line 38.
LaTeX Font Info:    ... okay on input line 38.
LaTeX Font Info:    Checking defaults for T1/cmr/m/n on input line 38.
LaTeX Font Info:    ... okay on input line 38.
LaTeX Font Info:    Checking defaults for OT1/cmr/m/n on input line 38.
LaTeX Font Info:    ... okay on input line 38.
LaTeX Font Info:    Checking defaults for OMS/cmsy/m/n on input line 38.
LaTeX Font Info:    ... okay on input line 38.
LaTeX Font Info:    Checking defaults for OMX/cmex/m/n on input line 38.
LaTeX Font Info:    ... okay on input line 38.
LaTeX Font Info:    Checking defaults for U/cmr/m/n on input line 38.
LaTeX Font Info:    ... okay on input line 38.
LaTeX Font Info:    Checking defaults for PD1/pdf/m/n on input line 38.
LaTeX Font Info:    ... okay on input line 38.

*geometry* driver: auto-detecting
*geometry* detected driver: pdftex
*geometry* verbose mode - [ preamble ] result:
* driver: pdftex
* paper: custom
* layout: <same size as paper>
* layoutoffset:(h,v)=(0.0pt,0.0pt)
* modes: includehead includefoot 
* h-part:(L,W,R)=(28.45274pt, 307.28987pt, 28.45274pt)
* v-part:(T,H,B)=(0.0pt, 273.14662pt, 0.0pt)
* \paperwidth=364.19536pt
* \paperheight=273.14662pt
* \textwidth=307.28987pt
* \textheight=244.6939pt
* \oddsidemargin=-43.81725pt
* \evensidemargin=-43.81725pt
* \topmargin=-72.26999pt
* \headheight=14.22636pt
* \headsep=0.0pt
* \topskip=10.0pt
* \footskip=14.22636pt
* \marginparwidth=3.0pt
* \marginparsep=11.0pt
* \columnsep=10.0pt
* \skip\footins=9.0pt plus 4.0pt minus 2.0pt
* \hoffset=0.0pt
* \voffset=0.0pt
* \mag=1000
* \@twocolumnfalse
* \@twosidefalse
* \@mparswitchfalse
* \@reversemarginfalse
* (1in=72.27pt=25.4mm, 1cm=28.453pt)

(/usr/share/texlive/texmf-dist/tex/context/base/supp-pdf.mkii
[Loading MPS to PDF converter (version 2006.09.02).]
\scratchcounter=\count163
\scratchdimen=\dimen185
\scratchbox=\box57
\nofMPsegments=\count164
\nofMParguments=\count165
\everyMPshowfont=\toks48
\MPscratchCnt=\count166
\MPscratchDim=\dimen186
\MPnumerator=\count167
\makeMPintoPDFobject=\count168
\everyMPtoPDFconversion=\toks49
) (/usr/share/texlive/texmf-dist/tex/latex/oberdiek/epstopdf-base.sty
Package: epstopdf-base 2010/02/09 v2.5 Base part for package epstopdf

(/usr/share/texlive/texmf-dist/tex/latex/oberdiek/grfext.sty
Package: grfext 2010/08/19 v1.1 Manage graphics extensions (HO)
)
Package grfext Info: Graphics extension search list:
(grfext)             [.png,.pdf,.jpg,.mps,.jpeg,.jbig2,.jb2,.PNG,.PDF,.JPG,.JPE
G,.JBIG2,.JB2,.eps]
(grfext)             \AppendGraphicsExtensions on input line 452.

(/usr/share/texlive/texmf-dist/tex/latex/latexconfig/epstopdf-sys.cfg
File: epstopdf-sys.cfg 2010/07/13 v1.3 Configuration of (r)epstopdf for TeX Liv
e
))
ABD: EveryShipout initializing macros
\AtBeginShipoutBox=\box58
Package hyperref Info: Link coloring ON on input line 38.

(/usr/share/texlive/texmf-dist/tex/latex/hyperref/nameref.sty
Package: nameref 2010/04/30 v2.40 Cross-referencing by name of section

(/usr/share/texlive/texmf-dist/tex/generic/oberdiek/gettitlestring.sty
Package: gettitlestring 2010/12/03 v1.4 Cleanup title references (HO)
)
\c@section@level=\count169
)
LaTeX Info: Redefining \ref on input line 38.
LaTeX Info: Redefining \pageref on input line 38.
LaTeX Info: Redefining \nameref on input line 38.

(./CursP_3.out) (./CursP_3.out)
\@outlinefile=\write7
\openout7 = `CursP_3.out'.


(/usr/share/texmf/tex/latex/beamer/base/translator/dicts/translator-basic-dicti
onary/translator-basic-dictionary-English.dict
Dictionary: translator-basic-dictionary, Language: English 
)
(/usr/share/texmf/tex/latex/beamer/base/translator/dicts/translator-bibliograph
y-dictionary/translator-bibliography-dictionary-English.dict
Dictionary: translator-bibliography-dictionary, Language: English 
)
(/usr/share/texmf/tex/latex/beamer/base/translator/dicts/translator-environment
-dictionary/translator-environment-dictionary-English.dict
Dictionary: translator-environment-dictionary, Language: English 
)
(/usr/share/texmf/tex/latex/beamer/base/translator/dicts/translator-months-dict
ionary/translator-months-dictionary-English.dict
Dictionary: translator-months-dictionary, Language: English 
)
(/usr/share/texmf/tex/latex/beamer/base/translator/dicts/translator-numbers-dic
tionary/translator-numbers-dictionary-English.dict
Dictionary: translator-numbers-dictionary, Language: English 
)
(/usr/share/texmf/tex/latex/beamer/base/translator/dicts/translator-theorem-dic
tionary/translator-theorem-dictionary-English.dict
Dictionary: translator-theorem-dictionary, Language: English 
)
runsystem(pygmentize -S default -f latex > CursP_3.pyg)...executed.

 (./CursP_3.pyg)
(/usr/share/texlive/texmf-dist/tex/latex/ucs/ucsencs.def
File: ucsencs.def 2011/01/21 Fixes to fontencodings LGR, T3
) (./CursP_3.nav)
[1

{/var/lib/texmf/fonts/map/pdftex/updmap/pdftex.map}] (./CursP_3.toc)

LaTeX Font Warning: Font shape `OT1/cmr/bx/n' in size <4> not available
(Font)              size <5> substituted on input line 51.


LaTeX Font Warning: Font shape `OT1/cmr/m/n' in size <4> not available
(Font)              size <5> substituted on input line 51.

[2

] [3


] (./CursP_3.toc)
\openout4 = `CursP_3.vrb'.

 (./CursP_3.vrb
<figs/nicetry.png, id=317, 694.595pt x 242.9075pt>
File: figs/nicetry.png Graphic file (type png)
 <use figs/nicetry.png>
Package pdftex.def Info: figs/nicetry.png used on input line 3.
(pdftex.def)             Requested size: 307.28987pt x 107.46524pt.
)
[4

 <./figs/nicetry.png (PNG copy)>]
\openout4 = `CursP_3.vrb'.

 (./CursP_3.vrb) [5

] (./CursP_3.vrb)
[6

] (./CursP_3.vrb) [7

] (./CursP_3.vrb) [8

]
\openout4 = `CursP_3.vrb'.

 (./CursP_3.vrb) [9

]
\openout4 = `CursP_3.vrb'.

 (./CursP_3.vrb
<figs/scipy.png, id=514, 961.5925pt x 600.2425pt>
File: figs/scipy.png Graphic file (type png)
 <use figs/scipy.png>
Package pdftex.def Info: figs/scipy.png used on input line 4.
(pdftex.def)             Requested size: 276.559pt x 172.63707pt.
)
[10

 <./figs/scipy.png (PNG copy)>]
\openout4 = `CursP_3.vrb'.

 (./CursP_3.vrb
\openout5 = `CursP_3.pyg'.

runsystem(pygmentize -l python -f latex -F tokenmerge      -P mathescape       
-P "verboptions= ,frame=lines" -o CursP_3.out.pyg CursP_3.pyg)...executed.

 (./CursP_3.out.pyg
LaTeX Font Info:    Font shape `OT1/cmtt/bx/n' in size <9> not available
(Font)              Font shape `OT1/cmtt/m/n' tried instead on input line 2.
)
runsystem(rm CursP_3.out.pyg)...executed.

runsystem(rm CursP_3.pyg)...executed.

) [11

]
\openout4 = `CursP_3.vrb'.


(./CursP_3.vrb) [12

] (./CursP_3.toc)
\openout4 = `CursP_3.vrb'.

 (./CursP_3.vrb
<figs/nine.png, id=641, 642.4pt x 189.70876pt>
File: figs/nine.png Graphic file (type png)
 <use figs/nine.png>
Package pdftex.def Info: figs/nine.png used on input line 3.
(pdftex.def)             Requested size: 307.28987pt x 90.74942pt.
) [13

 <./figs/nine.png>]
\openout4 = `CursP_3.vrb'.

 (./CursP_3.vrb) [14

] (./CursP_3.vrb) [15

]
\openout4 = `CursP_3.vrb'.

 (./CursP_3.vrb) [16

]
\openout4 = `CursP_3.vrb'.


(./CursP_3.vrb) [17

]
\openout4 = `CursP_3.vrb'.

 (./CursP_3.vrb) [18

]
\openout4 = `CursP_3.vrb'.

 (./CursP_3.vrb
\openout5 = `CursP_3.pyg'.

runsystem(pygmentize -l python -f latex -F tokenmerge      -P mathescape       
-P "verboptions= ,frame=lines" -o CursP_3.out.pyg CursP_3.pyg)...executed.

 (./CursP_3.out.pyg
LaTeX Font Info:    Font shape `OT1/cmtt/bx/n' in size <10> not available
(Font)              Font shape `OT1/cmtt/m/n' tried instead on input line 2.
)
runsystem(rm CursP_3.out.pyg)...executed.

runsystem(rm CursP_3.pyg)...executed.

\openout5 = `CursP_3.pyg'.

runsystem(pygmentize -l python -f latex -F tokenmerge      -P mathescape       
-P "verboptions= ,frame=lines" -o CursP_3.out.pyg CursP_3.pyg)...executed.


(./CursP_3.out.pyg)
runsystem(rm CursP_3.out.pyg)...executed.

runsystem(rm CursP_3.pyg)...executed.

) [19

]
\openout4 = `CursP_3.vrb'.

 (./CursP_3.vrb
\openout5 = `CursP_3.pyg'.

runsystem(pygmentize -l python -f latex -F tokenmerge      -P mathescape       
-P "verboptions= ,frame=lines" -o CursP_3.out.pyg CursP_3.pyg)...executed.

 (./CursP_3.out.pyg)
runsystem(rm CursP_3.out.pyg)...executed.

runsystem(rm CursP_3.pyg)...executed.

) [20

]
\openout4 = `CursP_3.vrb'.


(./CursP_3.vrb
\openout5 = `CursP_3.pyg'.

runsystem(pygmentize -l python -f latex -F tokenmerge      -P mathescape       
-P "verboptions= ,frame=lines" -o CursP_3.out.pyg CursP_3.pyg)...executed.

 (./CursP_3.out.pyg)
runsystem(rm CursP_3.out.pyg)...executed.

runsystem(rm CursP_3.pyg)...executed.

) [21

]
\openout4 = `CursP_3.vrb'.

 (./CursP_3.vrb
\openout5 = `CursP_3.pyg'.

runsystem(pygmentize -l python -f latex -F tokenmerge      -P mathescape       
-P "verboptions= ,frame=lines" -o CursP_3.out.pyg CursP_3.pyg)...executed.

 (./CursP_3.out.pyg)
runsystem(rm CursP_3.out.pyg)...executed.

runsystem(rm CursP_3.pyg)...executed.

\openout5 = `CursP_3.pyg'.

runsystem(pygmentize -l python -f latex -F tokenmerge      -P mathescape       
-P "verboptions= ,frame=lines" -o CursP_3.out.pyg CursP_3.pyg)...executed.


(./CursP_3.out.pyg)
runsystem(rm CursP_3.out.pyg)...executed.

runsystem(rm CursP_3.pyg)...executed.

) [22

]
\openout4 = `CursP_3.vrb'.

 (./CursP_3.vrb) [23

]
\openout4 = `CursP_3.vrb'.

 (./CursP_3.vrb
\openout5 = `CursP_3.pyg'.

runsystem(pygmentize -l python -f latex -F tokenmerge      -P mathescape       
-P "verboptions= ,frame=lines" -o CursP_3.out.pyg CursP_3.pyg)...executed.


(./CursP_3.out.pyg)
runsystem(rm CursP_3.out.pyg)...executed.

runsystem(rm CursP_3.pyg)...executed.


<plwfigis/CursP_3_figure9.pdf, id=1048, 578.16pt x 433.62pt>
File: plwfigis/CursP_3_figure9.pdf Graphic file (type pdf)

<use plwfigis/CursP_3_figure9.pdf>
Package pdftex.def Info: plwfigis/CursP_3_figure9.pdf used on input line 20.
(pdftex.def)             Requested size: 153.64493pt x 115.23296pt.
) [24

 <./plwfigis/CursP_3_figure9.pdf>]
\openout4 = `CursP_3.vrb'.


(./CursP_3.vrb
\openout5 = `CursP_3.pyg'.

runsystem(pygmentize -l python -f latex -F tokenmerge      -P mathescape       
-P "verboptions= ,frame=lines" -o CursP_3.out.pyg CursP_3.pyg)...executed.

 (./CursP_3.out.pyg)
runsystem(rm CursP_3.out.pyg)...executed.

runsystem(rm CursP_3.pyg)...executed.

) [25

]
\openout4 = `CursP_3.vrb'.

 (./CursP_3.vrb
\openout5 = `CursP_3.pyg'.

runsystem(pygmentize -l python -f latex -F tokenmerge      -P mathescape       
-P "verboptions= ,frame=lines" -o CursP_3.out.pyg CursP_3.pyg)...executed.

 (./CursP_3.out.pyg)
runsystem(rm CursP_3.out.pyg)...executed.

runsystem(rm CursP_3.pyg)...executed.


<plwfigis/CursP_3_figure12.pdf, id=1135, 578.16pt x 433.62pt>
File: plwfigis/CursP_3_figure12.pdf Graphic file (type pdf)

<use plwfigis/CursP_3_figure12.pdf>
Package pdftex.def Info: plwfigis/CursP_3_figure12.pdf used on input line 18.
(pdftex.def)             Requested size: 153.64493pt x 115.23296pt.
) [26

 <./plwfigis/CursP_3_figure12.pdf>]
[27

]
\openout4 = `CursP_3.vrb'.

 (./CursP_3.vrb
\openout5 = `CursP_3.pyg'.

runsystem(pygmentize -l python -f latex -F tokenmerge      -P mathescape       
-P "verboptions= ,frame=lines" -o CursP_3.out.pyg CursP_3.pyg)...executed.

 (./CursP_3.out.pyg)
runsystem(rm CursP_3.out.pyg)...executed.

runsystem(rm CursP_3.pyg)...executed.

) [28

]
\openout4 = `CursP_3.vrb'.

 (./CursP_3.vrb
\openout5 = `CursP_3.pyg'.

runsystem(pygmentize -l python -f latex -F tokenmerge      -P mathescape       
-P "verboptions= ,frame=lines" -o CursP_3.out.pyg CursP_3.pyg)...executed.

 (./CursP_3.out.pyg)
runsystem(rm CursP_3.out.pyg)...executed.

runsystem(rm CursP_3.pyg)...executed.

) [29

]
\openout4 = `CursP_3.vrb'.

 (./CursP_3.vrb
\openout5 = `CursP_3.pyg'.

runsystem(pygmentize -l python -f latex -F tokenmerge      -P mathescape       
-P "verboptions= ,frame=lines" -o CursP_3.out.pyg CursP_3.pyg)...executed.

 (./CursP_3.out.pyg)
runsystem(rm CursP_3.out.pyg)...executed.

runsystem(rm CursP_3.pyg)...executed.


<plwfigis/CursP_3_figure16.pdf, id=1292, 578.16pt x 433.62pt>
File: plwfigis/CursP_3_figure16.pdf Graphic file (type pdf)

<use plwfigis/CursP_3_figure16.pdf>
Package pdftex.def Info: plwfigis/CursP_3_figure16.pdf used on input line 17.
(pdftex.def)             Requested size: 153.64493pt x 115.23296pt.
) [30

 <./plwfigis/CursP_3_figure16.pdf>]
\openout4 = `CursP_3.vrb'.


(./CursP_3.vrb <figs/statisticsmadeeasy.png, id=1356, 451.6875pt x 421.575pt>
File: figs/statisticsmadeeasy.png Graphic file (type png)

<use figs/statisticsmadeeasy.png>
Package pdftex.def Info: figs/statisticsmadeeasy.png used on input line 4.
(pdftex.def)             Requested size: 215.10196pt x 200.76482pt.
)
Overfull \vbox (15.94025pt too high) detected at line 502
 []

[31

 <./figs/statisticsmadeeasy.png>]
\openout4 = `CursP_3.vrb'.

 (./CursP_3.vrb
\openout5 = `CursP_3.pyg'.

runsystem(pygmentize -l python -f latex -F tokenmerge      -P mathescape       
-P "verboptions= ,frame=lines" -o CursP_3.out.pyg CursP_3.pyg)...executed.

 (./CursP_3.out.pyg)
runsystem(rm CursP_3.out.pyg)...executed.

runsystem(rm CursP_3.pyg)...executed.

)
[32

]
\openout4 = `CursP_3.vrb'.

 (./CursP_3.vrb
\openout5 = `CursP_3.pyg'.

runsystem(pygmentize -l python -f latex -F tokenmerge      -P mathescape       
-P "verboptions= ,frame=lines" -o CursP_3.out.pyg CursP_3.pyg)...executed.

 (./CursP_3.out.pyg)
runsystem(rm CursP_3.out.pyg)...executed.

runsystem(rm CursP_3.pyg)...executed.

) [33

]
\openout4 = `CursP_3.vrb'.

 (./CursP_3.vrb
\openout5 = `CursP_3.pyg'.

runsystem(pygmentize -l python -f latex -F tokenmerge      -P mathescape       
-P "verboptions= ,frame=lines" -o CursP_3.out.pyg CursP_3.pyg)...executed.

 (./CursP_3.out.pyg)
runsystem(rm CursP_3.out.pyg)...executed.

runsystem(rm CursP_3.pyg)...executed.

) [34

]
\openout4 = `CursP_3.vrb'.

 (./CursP_3.vrb
\openout5 = `CursP_3.pyg'.

runsystem(pygmentize -l python -f latex -F tokenmerge      -P mathescape       
-P "verboptions= ,frame=lines" -o CursP_3.out.pyg CursP_3.pyg)...executed.

 (./CursP_3.out.pyg)
runsystem(rm CursP_3.out.pyg)...executed.

runsystem(rm CursP_3.pyg)...executed.

) [35

]
\openout4 = `CursP_3.vrb'.

 (./CursP_3.vrb
\openout5 = `CursP_3.pyg'.

runsystem(pygmentize -l python -f latex -F tokenmerge      -P mathescape       
-P "verboptions= ,frame=lines" -o CursP_3.out.pyg CursP_3.pyg)...executed.


(./CursP_3.out.pyg)
runsystem(rm CursP_3.out.pyg)...executed.

runsystem(rm CursP_3.pyg)...executed.

) [36

]
\openout4 = `CursP_3.vrb'.

 (./CursP_3.vrb) [37

]
\openout4 = `CursP_3.vrb'.

 (./CursP_3.vrb
\openout5 = `CursP_3.pyg'.

runsystem(pygmentize -l python -f latex -F tokenmerge      -P mathescape       
-P "verboptions= ,frame=lines" -o CursP_3.out.pyg CursP_3.pyg)...executed.


(./CursP_3.out.pyg
LaTeX Font Info:    Font shape `OT1/cmtt/bx/n' in size <5> not available
(Font)              Font shape `OT1/cmtt/m/n' tried instead on input line 2.
)
runsystem(rm CursP_3.out.pyg)...executed.

runsystem(rm CursP_3.pyg)...executed.


<plwfigis/CursP_3_figure23.pdf, id=1609, 578.16pt x 433.62pt>
File: plwfigis/CursP_3_figure23.pdf Graphic file (type pdf)

<use plwfigis/CursP_3_figure23.pdf>
Package pdftex.def Info: plwfigis/CursP_3_figure23.pdf used on input line 30.
(pdftex.def)             Requested size: 184.3758pt x 138.27823pt.
) [38

 <./plwfigis/CursP_3_figure23.pdf>]
(./CursP_3.toc)
\openout4 = `CursP_3.vrb'.

 (./CursP_3.vrb) [39

]
\openout4 = `CursP_3.vrb'.

 (./CursP_3.vrb) [40

]
\openout4 = `CursP_3.vrb'.

 (./CursP_3.vrb
\openout5 = `CursP_3.pyg'.

runsystem(pygmentize -l python -f latex -F tokenmerge      -P mathescape       
-P "verboptions= ,frame=lines" -o CursP_3.out.pyg CursP_3.pyg)...executed.


(./CursP_3.out.pyg)
runsystem(rm CursP_3.out.pyg)...executed.

runsystem(rm CursP_3.pyg)...executed.

) [41

]
\openout4 = `CursP_3.vrb'.

 (./CursP_3.vrb
\openout5 = `CursP_3.pyg'.

runsystem(pygmentize -l python -f latex -F tokenmerge      -P mathescape       
-P "verboptions= ,frame=lines" -o CursP_3.out.pyg CursP_3.pyg)...executed.

 (./CursP_3.out.pyg)
runsystem(rm CursP_3.out.pyg)...executed.

runsystem(rm CursP_3.pyg)...executed.

) [42

]
\openout4 = `CursP_3.vrb'.


(./CursP_3.vrb) [43

]
\openout4 = `CursP_3.vrb'.

 (./CursP_3.vrb
\openout5 = `CursP_3.pyg'.

runsystem(pygmentize -l python -f latex -F tokenmerge      -P mathescape       
-P "verboptions= ,frame=lines" -o CursP_3.out.pyg CursP_3.pyg)...executed.

 (./CursP_3.out.pyg)
runsystem(rm CursP_3.out.pyg)...executed.

runsystem(rm CursP_3.pyg)...executed.

\openout5 = `CursP_3.pyg'.

runsystem(pygmentize -l python -f latex -F tokenmerge      -P mathescape       
-P "verboptions= ,frame=lines" -o CursP_3.out.pyg CursP_3.pyg)...executed.

 (./CursP_3.out.pyg)
runsystem(rm CursP_3.out.pyg)...executed.

runsystem(rm CursP_3.pyg)...executed.

)
[44

] (./CursP_3.vrb
\openout5 = `CursP_3.pyg'.

runsystem(pygmentize -l python -f latex -F tokenmerge      -P mathescape       
-P "verboptions= ,frame=lines" -o CursP_3.out.pyg CursP_3.pyg)...executed.

 (./CursP_3.out.pyg)
runsystem(rm CursP_3.out.pyg)...executed.

runsystem(rm CursP_3.pyg)...executed.

\openout5 = `CursP_3.pyg'.

runsystem(pygmentize -l python -f latex -F tokenmerge      -P mathescape       
-P "verboptions= ,frame=lines" -o CursP_3.out.pyg CursP_3.pyg)...executed.

 (./CursP_3.out.pyg)
runsystem(rm CursP_3.out.pyg)...executed.

runsystem(rm CursP_3.pyg)...executed.

) [45

]
\openout4 = `CursP_3.vrb'.


(./CursP_3.vrb) [46

] (./CursP_3.vrb) [47

]
\openout4 = `CursP_3.vrb'.

 (./CursP_3.vrb
\openout5 = `CursP_3.pyg'.

runsystem(pygmentize -l python -f latex -F tokenmerge      -P mathescape       
-P "verboptions= ,frame=lines" -o CursP_3.out.pyg CursP_3.pyg)...executed.

 (./CursP_3.out.pyg)
runsystem(rm CursP_3.out.pyg)...executed.

runsystem(rm CursP_3.pyg)...executed.

)
[48

]
\openout4 = `CursP_3.vrb'.

 (./CursP_3.vrb
\openout5 = `CursP_3.pyg'.

runsystem(pygmentize -l python -f latex -F tokenmerge      -P mathescape       
-P "verboptions= ,frame=lines" -o CursP_3.out.pyg CursP_3.pyg)...executed.

 (./CursP_3.out.pyg)
runsystem(rm CursP_3.out.pyg)...executed.

runsystem(rm CursP_3.pyg)...executed.


<plwfigis/CursP_3_fft2.pdf, id=2089, 578.16pt x 433.62pt>
File: plwfigis/CursP_3_fft2.pdf Graphic file (type pdf)

<use plwfigis/CursP_3_fft2.pdf>
Package pdftex.def Info: plwfigis/CursP_3_fft2.pdf used on input line 16.
(pdftex.def)             Requested size: 153.64493pt x 115.23296pt.
) [49

 <./plwfigis/CursP_3_fft2.pdf>]
\openout4 = `CursP_3.vrb'.


(./CursP_3.vrb
\openout5 = `CursP_3.pyg'.

runsystem(pygmentize -l python -f latex -F tokenmerge      -P mathescape       
-P "verboptions= ,frame=lines" -o CursP_3.out.pyg CursP_3.pyg)...executed.

 (./CursP_3.out.pyg)
runsystem(rm CursP_3.out.pyg)...executed.

runsystem(rm CursP_3.pyg)...executed.

\openout5 = `CursP_3.pyg'.

runsystem(pygmentize -l python -f latex -F tokenmerge      -P mathescape       
-P "verboptions= ,frame=lines" -o CursP_3.out.pyg CursP_3.pyg)...executed.

 (./CursP_3.out.pyg)
runsystem(rm CursP_3.out.pyg)...executed.

runsystem(rm CursP_3.pyg)...executed.

) [50

]
\openout4 = `CursP_3.vrb'.

 (./CursP_3.vrb
\openout5 = `CursP_3.pyg'.

runsystem(pygmentize -l python -f latex -F tokenmerge      -P mathescape       
-P "verboptions= ,frame=lines" -o CursP_3.out.pyg CursP_3.pyg)...executed.


(./CursP_3.out.pyg)
runsystem(rm CursP_3.out.pyg)...executed.

runsystem(rm CursP_3.pyg)...executed.

\openout5 = `CursP_3.pyg'.

runsystem(pygmentize -l python -f latex -F tokenmerge      -P mathescape       
-P "verboptions= ,frame=lines" -o CursP_3.out.pyg CursP_3.pyg)...executed.

 (./CursP_3.out.pyg)
runsystem(rm CursP_3.out.pyg)...executed.

runsystem(rm CursP_3.pyg)...executed.

) [51

]
\openout4 = `CursP_3.vrb'.

 (./CursP_3.vrb
\openout5 = `CursP_3.pyg'.

runsystem(pygmentize -l python -f latex -F tokenmerge      -P mathescape       
-P "verboptions= ,frame=lines" -o CursP_3.out.pyg CursP_3.pyg)...executed.

 (./CursP_3.out.pyg)
runsystem(rm CursP_3.out.pyg)...executed.

runsystem(rm CursP_3.pyg)...executed.

\openout5 = `CursP_3.pyg'.

runsystem(pygmentize -l python -f latex -F tokenmerge      -P mathescape       
-P "verboptions= ,frame=lines" -o CursP_3.out.pyg CursP_3.pyg)...executed.

 (./CursP_3.out.pyg)
runsystem(rm CursP_3.out.pyg)...executed.

runsystem(rm CursP_3.pyg)...executed.


<plwfigis/CursP_3_figure36.pdf, id=2229, 578.16pt x 433.62pt>
File: plwfigis/CursP_3_figure36.pdf Graphic file (type pdf)

<use plwfigis/CursP_3_figure36.pdf>
Package pdftex.def Info: plwfigis/CursP_3_figure36.pdf used on input line 26.
(pdftex.def)             Requested size: 153.64493pt x 115.23296pt.
) [52

 <./plwfigis/CursP_3_figure36.pdf>]
\openout4 = `CursP_3.vrb'.


(./CursP_3.vrb <challenges/orionnebulaN.jpg, id=2293, 1634.105pt x 1232.605pt>
File: challenges/orionnebulaN.jpg Graphic file (type jpg)

<use challenges/orionnebulaN.jpg>
Package pdftex.def Info: challenges/orionnebulaN.jpg used on input line 9.
(pdftex.def)             Requested size: 92.18788pt x 69.53322pt.
) [53

 <./challenges/orionnebulaN.jpg>]
\openout4 = `CursP_3.vrb'.


(./CursP_3.vrb) [54

] (./CursP_3.vrb) [55

]
\openout4 = `CursP_3.vrb'.

 (./CursP_3.vrb
\openout5 = `CursP_3.pyg'.

runsystem(pygmentize -l python -f latex -F tokenmerge      -P mathescape       
-P "verboptions= ,frame=lines" -o CursP_3.out.pyg CursP_3.pyg)...executed.

 (./CursP_3.out.pyg)
runsystem(rm CursP_3.out.pyg)...executed.

runsystem(rm CursP_3.pyg)...executed.


<plwfigis/CursP_3_figure38.pdf, id=2411, 578.16pt x 433.62pt>
File: plwfigis/CursP_3_figure38.pdf Graphic file (type pdf)

<use plwfigis/CursP_3_figure38.pdf>
Package pdftex.def Info: plwfigis/CursP_3_figure38.pdf used on input line 21.
(pdftex.def)             Requested size: 153.64493pt x 115.23296pt.
) [56

 <./plwfigis/CursP_3_figure38.pdf>]
\openout4 = `CursP_3.vrb'.


(./CursP_3.vrb
\openout5 = `CursP_3.pyg'.

runsystem(pygmentize -l python -f latex -F tokenmerge      -P mathescape       
-P "verboptions= ,frame=lines" -o CursP_3.out.pyg CursP_3.pyg)...executed.

 (./CursP_3.out.pyg)
runsystem(rm CursP_3.out.pyg)...executed.

runsystem(rm CursP_3.pyg)...executed.

) [57

]
\openout4 = `CursP_3.vrb'.

 (./CursP_3.vrb
\openout5 = `CursP_3.pyg'.

runsystem(pygmentize -l python -f latex -F tokenmerge      -P mathescape       
-P "verboptions= ,frame=lines,frame=lines,frame=lines" -o CursP_3.out.pyg CursP
_3.pyg)...executed.

 (./CursP_3.out.pyg)
runsystem(rm CursP_3.out.pyg)...executed.

runsystem(rm CursP_3.pyg)...executed.

\openout5 = `CursP_3.pyg'.

runsystem(pygmentize -l python -f latex -F tokenmerge      -P mathescape       
-P "verboptions= ,frame=lines" -o CursP_3.out.pyg CursP_3.pyg)...executed.


(./CursP_3.out.pyg)
runsystem(rm CursP_3.out.pyg)...executed.

runsystem(rm CursP_3.pyg)...executed.

) [58

] (./CursP_3.vrb
\openout5 = `CursP_3.pyg'.

runsystem(pygmentize -l python -f latex -F tokenmerge      -P mathescape       
-P "verboptions= ,frame=lines,frame=lines,frame=lines" -o CursP_3.out.pyg CursP
_3.pyg)...executed.

 (./CursP_3.out.pyg)
runsystem(rm CursP_3.out.pyg)...executed.

runsystem(rm CursP_3.pyg)...executed.

\openout5 = `CursP_3.pyg'.

runsystem(pygmentize -l python -f latex -F tokenmerge      -P mathescape       
-P "verboptions= ,frame=lines" -o CursP_3.out.pyg CursP_3.pyg)...executed.

 (./CursP_3.out.pyg)
runsystem(rm CursP_3.out.pyg)...executed.

runsystem(rm CursP_3.pyg)...executed.

) [59

]
\openout4 = `CursP_3.vrb'.

 (./CursP_3.vrb) [60

]
\openout4 = `CursP_3.vrb'.

 (./CursP_3.vrb
<figs/optims.png, id=2616, 722.7pt x 289.08pt>
File: figs/optims.png Graphic file (type png)
 <use figs/optims.png>
Package pdftex.def Info: figs/optims.png used on input line 4.
(pdftex.def)             Requested size: 307.28987pt x 122.91692pt.
pdfTeX warning (ext4): destination with the same identifier (name{fig:}) has be
en already used, duplicate ignored
<to be read again> 
                   \relax 
l.5       \label{fig:}
                      ) [61

 <./figs/optims.png>]
\openout4 = `CursP_3.vrb'.

 (./CursP_3.vrb
\openout5 = `CursP_3.pyg'.

runsystem(pygmentize -l python -f latex -F tokenmerge      -P mathescape       
-P "verboptions= ,frame=lines" -o CursP_3.out.pyg CursP_3.pyg)...executed.


(./CursP_3.out.pyg)
runsystem(rm CursP_3.out.pyg)...executed.

runsystem(rm CursP_3.pyg)...executed.

\openout5 = `CursP_3.pyg'.

runsystem(pygmentize -l python -f latex -F tokenmerge      -P mathescape       
-P "verboptions= ,frame=lines" -o CursP_3.out.pyg CursP_3.pyg)...executed.

 (./CursP_3.out.pyg)
runsystem(rm CursP_3.out.pyg)...executed.

runsystem(rm CursP_3.pyg)...executed.

) [62

]
\openout4 = `CursP_3.vrb'.

 (./CursP_3.vrb
\openout5 = `CursP_3.pyg'.

runsystem(pygmentize -l python -f latex -F tokenmerge      -P mathescape       
-P "verboptions= ,frame=lines" -o CursP_3.out.pyg CursP_3.pyg)...executed.

 (./CursP_3.out.pyg)
runsystem(rm CursP_3.out.pyg)...executed.

runsystem(rm CursP_3.pyg)...executed.

 <plwfigis/CursP_3_figure44.pdf, id=2696, 578.16pt x 433.62pt>
File: plwfigis/CursP_3_figure44.pdf Graphic file (type pdf)

<use plwfigis/CursP_3_figure44.pdf>
Package pdftex.def Info: plwfigis/CursP_3_figure44.pdf used on input line 17.
(pdftex.def)             Requested size: 153.64493pt x 115.23296pt.
) [63

 <./plwfigis/CursP_3_figure44.pdf>]
\openout4 = `CursP_3.vrb'.


(./CursP_3.vrb
\openout5 = `CursP_3.pyg'.

runsystem(pygmentize -l python -f latex -F tokenmerge      -P mathescape       
-P "verboptions= ,frame=lines" -o CursP_3.out.pyg CursP_3.pyg)...executed.

 (./CursP_3.out.pyg)
runsystem(rm CursP_3.out.pyg)...executed.

runsystem(rm CursP_3.pyg)...executed.

\openout5 = `CursP_3.pyg'.

runsystem(pygmentize -l python -f latex -F tokenmerge      -P mathescape       
-P "verboptions= ,frame=lines" -o CursP_3.out.pyg CursP_3.pyg)...executed.

 (./CursP_3.out.pyg)
runsystem(rm CursP_3.out.pyg)...executed.

runsystem(rm CursP_3.pyg)...executed.

) [64

]
\openout4 = `CursP_3.vrb'.

 (./CursP_3.vrb
\openout5 = `CursP_3.pyg'.

runsystem(pygmentize -l python -f latex -F tokenmerge      -P mathescape       
-P "verboptions= ,frame=lines" -o CursP_3.out.pyg CursP_3.pyg)...executed.


(./CursP_3.out.pyg)
runsystem(rm CursP_3.out.pyg)...executed.

runsystem(rm CursP_3.pyg)...executed.


<plwfigis/CursP_3_figure48.pdf, id=2786, 578.16pt x 433.62pt>
File: plwfigis/CursP_3_figure48.pdf Graphic file (type pdf)

<use plwfigis/CursP_3_figure48.pdf>
Package pdftex.def Info: plwfigis/CursP_3_figure48.pdf used on input line 21.
(pdftex.def)             Requested size: 153.64493pt x 115.23296pt.
) [65

 <./plwfigis/CursP_3_figure48.pdf>]
\openout4 = `CursP_3.vrb'.


(./CursP_3.vrb <figs/extrapolation.jpg, id=2854, 354.57469pt x 227.34938pt>
File: figs/extrapolation.jpg Graphic file (type jpg)

<use figs/extrapolation.jpg>
Package pdftex.def Info: figs/extrapolation.jpg used on input line 4.
(pdftex.def)             Requested size: 215.10196pt x 137.92319pt.
) [66

 <./figs/extrapolation.jpg>]
\openout4 = `CursP_3.vrb'.

 (./CursP_3.vrb
\openout5 = `CursP_3.pyg'.

runsystem(pygmentize -l python -f latex -F tokenmerge      -P mathescape       
-P "verboptions= ,frame=lines" -o CursP_3.out.pyg CursP_3.pyg)...executed.


(./CursP_3.out.pyg)
runsystem(rm CursP_3.out.pyg)...executed.

runsystem(rm CursP_3.pyg)...executed.

\openout5 = `CursP_3.pyg'.

runsystem(pygmentize -l python -f latex -F tokenmerge      -P mathescape       
-P "verboptions= ,frame=lines" -o CursP_3.out.pyg CursP_3.pyg)...executed.

 (./CursP_3.out.pyg)
runsystem(rm CursP_3.out.pyg)...executed.

runsystem(rm CursP_3.pyg)...executed.

\openout5 = `CursP_3.pyg'.

runsystem(pygmentize -l python -f latex -F tokenmerge      -P mathescape       
-P "verboptions= ,frame=lines" -o CursP_3.out.pyg CursP_3.pyg)...executed.

 (./CursP_3.out.pyg)
runsystem(rm CursP_3.out.pyg)...executed.

runsystem(rm CursP_3.pyg)...executed.

) [67

]
\openout4 = `CursP_3.vrb'.


(./CursP_3.vrb) [68

]
\openout4 = `CursP_3.vrb'.

 (./CursP_3.vrb
<plwfigis/CursP_3_figure52.pdf, id=2969, 578.16pt x 433.62pt>
File: plwfigis/CursP_3_figure52.pdf Graphic file (type pdf)

<use plwfigis/CursP_3_figure52.pdf>
Package pdftex.def Info: plwfigis/CursP_3_figure52.pdf used on input line 5.
(pdftex.def)             Requested size: 215.10196pt x 161.3235pt.
) [69

 <./plwfigis/CursP_3_figure52.pdf>]
\openout4 = `CursP_3.vrb'.


(./CursP_3.vrb
\openout5 = `CursP_3.pyg'.

runsystem(pygmentize -l python -f latex -F tokenmerge      -P mathescape       
-P "verboptions= ,frame=lines" -o CursP_3.out.pyg CursP_3.pyg)...executed.

 (./CursP_3.out.pyg)
runsystem(rm CursP_3.out.pyg)...executed.

runsystem(rm CursP_3.pyg)...executed.

) [70

]
\openout4 = `CursP_3.vrb'.

 (./CursP_3.vrb
<figs/damper.png, id=3075, 765.86125pt x 449.68pt>
File: figs/damper.png Graphic file (type png)
 <use figs/damper.png>
Package pdftex.def Info: figs/damper.png used on input line 4.
(pdftex.def)             Requested size: 92.1879pt x 54.12395pt.


Package amsmath Warning: Foreign command \over;
(amsmath)                \frac or \genfrac should be used instead
(amsmath)                 on input line 8.

) [71

 <./figs/damper.png>]
\openout4 = `CursP_3.vrb'.

 (./CursP_3.vrb
\openout5 = `CursP_3.pyg'.

runsystem(pygmentize -l python -f latex -F tokenmerge      -P mathescape       
-P "verboptions= ,frame=lines" -o CursP_3.out.pyg CursP_3.pyg)...executed.

 (./CursP_3.out.pyg)
runsystem(rm CursP_3.out.pyg)...executed.

runsystem(rm CursP_3.pyg)...executed.

) [72

]
\openout4 = `CursP_3.vrb'.


(./CursP_3.vrb
\openout5 = `CursP_3.pyg'.

runsystem(pygmentize -l python -f latex -F tokenmerge      -P mathescape       
-P "verboptions= ,frame=lines" -o CursP_3.out.pyg CursP_3.pyg)...executed.

 (./CursP_3.out.pyg)
runsystem(rm CursP_3.out.pyg)...executed.

runsystem(rm CursP_3.pyg)...executed.

\openout5 = `CursP_3.pyg'.

runsystem(pygmentize -l python -f latex -F tokenmerge      -P mathescape       
-P "verboptions= ,frame=lines" -o CursP_3.out.pyg CursP_3.pyg)...executed.

 (./CursP_3.out.pyg)
runsystem(rm CursP_3.out.pyg)...executed.

runsystem(rm CursP_3.pyg)...executed.


Overfull \hbox (19.99992pt too wide) in paragraph at lines 14--24
         [][][][][][] 
 []

)
Overfull \vbox (6.34053pt too high) detected at line 1294
 []

[73

]
\openout4 = `CursP_3.vrb'.

 (./CursP_3.vrb
\openout5 = `CursP_3.pyg'.

runsystem(pygmentize -l python -f latex -F tokenmerge      -P mathescape       
-P "verboptions= ,frame=lines" -o CursP_3.out.pyg CursP_3.pyg)...executed.

 (./CursP_3.out.pyg)
runsystem(rm CursP_3.out.pyg)...executed.

runsystem(rm CursP_3.pyg)...executed.


<plwfigis/CursP_3_figure58.pdf, id=3191, 578.16pt x 433.62pt>
File: plwfigis/CursP_3_figure58.pdf Graphic file (type pdf)

<use plwfigis/CursP_3_figure58.pdf>
Package pdftex.def Info: plwfigis/CursP_3_figure58.pdf used on input line 16.
(pdftex.def)             Requested size: 153.64493pt x 115.23296pt.
) [74

 <./plwfigis/CursP_3_figure58.pdf>]
[75

]
\openout4 = `CursP_3.vrb'.

 (./CursP_3.vrb) [76

]
\openout4 = `CursP_3.vrb'.

 (./CursP_3.vrb) [77

]
\openout4 = `CursP_3.vrb'.

 (./CursP_3.vrb
<figs/filters.jpg, id=3345, 440.90773pt x 293.33118pt>
File: figs/filters.jpg Graphic file (type jpg)
 <use figs/filters.jpg>
Package pdftex.def Info: figs/filters.jpg used on input line 4.
(pdftex.def)             Requested size: 230.46739pt x 153.3253pt.
)
[78

 <./figs/filters.jpg>]
\openout4 = `CursP_3.vrb'.

 (./CursP_3.vrb) [79

]
\openout4 = `CursP_3.vrb'.

 (./CursP_3.vrb
Underfull \hbox (badness 10000) in paragraph at lines 7--8
[]\OT1/cmr/m/n/5 s-to-z map-pings
 []


Underfull \hbox (badness 10000) in paragraph at lines 7--8
\OT1/cmr/m/n/5 dis-tort phase.
 []


Underfull \hbox (badness 1097) in paragraph at lines 7--8
\OT1/cmr/m/n/5 FIR usu-ally more
 []


Underfull \hbox (badness 10000) in paragraph at lines 9--9
[]\OT1/cmr/m/n/5 Maximally
 []


Underfull \hbox (badness 10000) in paragraph at lines 9--9
\OT1/cmr/m/n/5 flat, mono-
 []


Underfull \hbox (badness 10000) in paragraph at lines 13--14
[]\OT1/cmr/m/n/5 Somewhat more
 []


Underfull \hbox (badness 10000) in paragraph at lines 15--15
[]\OT1/cmr/m/n/5 Maximally
 []


Overfull \hbox (20.57758pt too wide) in paragraph at lines 5--19
[][] 
 []

\openout5 = `CursP_3.pyg'.

runsystem(pygmentize -l python -f latex -F tokenmerge      -P mathescape       
-P "verboptions= ,frame=lines,frame=lines,frame=lines" -o CursP_3.out.pyg CursP
_3.pyg)...executed.

(./CursP_3.out.pyg)
runsystem(rm CursP_3.out.pyg)...executed.

runsystem(rm CursP_3.pyg)...executed.

) [80

]
\openout4 = `CursP_3.vrb'.

 (./CursP_3.vrb
\openout5 = `CursP_3.pyg'.

runsystem(pygmentize -l python -f latex -F tokenmerge      -P mathescape       
-P "verboptions= ,frame=lines" -o CursP_3.out.pyg CursP_3.pyg)...executed.

 (./CursP_3.out.pyg)
runsystem(rm CursP_3.out.pyg)...executed.

runsystem(rm CursP_3.pyg)...executed.

)
Overfull \vbox (5.41986pt too high) detected at line 1500
 []

[81

]
\openout4 = `CursP_3.vrb'.

 (./CursP_3.vrb
\openout5 = `CursP_3.pyg'.

runsystem(pygmentize -l python -f latex -F tokenmerge      -P mathescape       
-P "verboptions= ,frame=lines" -o CursP_3.out.pyg CursP_3.pyg)...executed.

 (./CursP_3.out.pyg)
runsystem(rm CursP_3.out.pyg)...executed.

runsystem(rm CursP_3.pyg)...executed.

) [82

]
\openout4 = `CursP_3.vrb'.

 (./CursP_3.vrb
\openout5 = `CursP_3.pyg'.

runsystem(pygmentize -l python -f latex -F tokenmerge      -P mathescape       
-P "verboptions= ,frame=lines" -o CursP_3.out.pyg CursP_3.pyg)...executed.

 (./CursP_3.out.pyg)
runsystem(rm CursP_3.out.pyg)...executed.

runsystem(rm CursP_3.pyg)...executed.

) [83

]
\openout4 = `CursP_3.vrb'.

 (./CursP_3.vrb
<plwfigis/CursP_3_mf1.pdf, id=3571, 578.16pt x 433.62pt>
File: plwfigis/CursP_3_mf1.pdf Graphic file (type pdf)

<use plwfigis/CursP_3_mf1.pdf>
Package pdftex.def Info: plwfigis/CursP_3_mf1.pdf used on input line 9.
(pdftex.def)             Requested size: 245.83282pt x 184.36876pt.
)
Overfull \vbox (0.54419pt too high) detected at line 1566
 []

[84

 <./plwfigis/CursP_3_mf1.pdf>]
\openout4 = `CursP_3.vrb'.

 (./CursP_3.vrb
<plwfigis/CursP_3_figure63.pdf, id=3659, 578.16pt x 433.62pt>
File: plwfigis/CursP_3_figure63.pdf Graphic file (type pdf)

<use plwfigis/CursP_3_figure63.pdf>
Package pdftex.def Info: plwfigis/CursP_3_figure63.pdf used on input line 6.
(pdftex.def)             Requested size: 261.19826pt x 195.89471pt.
)
Overfull \vbox (1.07014pt too high) detected at line 1578
 []

[85

 <./plwfigis/CursP_3_figure63.pdf>]
\openout4 = `CursP_3.vrb'.

 (./CursP_3.vrb) [86

]
\openout4 = `CursP_3.vrb'.

 (./CursP_3.vrb
\openout5 = `CursP_3.pyg'.

runsystem(pygmentize -l python -f latex -F tokenmerge      -P mathescape       
-P "verboptions= ,frame=lines" -o CursP_3.out.pyg CursP_3.pyg)...executed.


(./CursP_3.out.pyg)
runsystem(rm CursP_3.out.pyg)...executed.

runsystem(rm CursP_3.pyg)...executed.

) [87

]
\openout4 = `CursP_3.vrb'.

 (./CursP_3.vrb
<plwfigis/CursP_3_figure65.pdf, id=3810, 578.16pt x 433.62pt>
File: plwfigis/CursP_3_figure65.pdf Graphic file (type pdf)

<use plwfigis/CursP_3_figure65.pdf>
Package pdftex.def Info: plwfigis/CursP_3_figure65.pdf used on input line 3.
(pdftex.def)             Requested size: 307.28987pt x 230.46591pt.
)
Overfull \vbox (35.64134pt too high) detected at line 1624
 []

[88

 <./plwfigis/CursP_3_figure65.pdf>]
\openout4 = `CursP_3.vrb'.

 (./CursP_3.vrb
\openout5 = `CursP_3.pyg'.

runsystem(pygmentize -l python -f latex -F tokenmerge      -P mathescape       
-P "verboptions= ,frame=lines" -o CursP_3.out.pyg CursP_3.pyg)...executed.

 (./CursP_3.out.pyg)
runsystem(rm CursP_3.out.pyg)...executed.

runsystem(rm CursP_3.pyg)...executed.

)
[89

]
\openout4 = `CursP_3.vrb'.

 (./CursP_3.vrb
<plwfigis/CursP_3_figure67.pdf, id=3893, 578.16pt x 433.62pt>
File: plwfigis/CursP_3_figure67.pdf Graphic file (type pdf)

<use plwfigis/CursP_3_figure67.pdf>
Package pdftex.def Info: plwfigis/CursP_3_figure67.pdf used on input line 3.
(pdftex.def)             Requested size: 307.28987pt x 230.46591pt.
)
Overfull \vbox (35.64134pt too high) detected at line 1652
 []

[90

 <./plwfigis/CursP_3_figure67.pdf>]
\openout4 = `CursP_3.vrb'.

 (./CursP_3.vrb
\openout5 = `CursP_3.pyg'.

runsystem(pygmentize -l python -f latex -F tokenmerge      -P mathescape       
-P "verboptions= ,frame=lines" -o CursP_3.out.pyg CursP_3.pyg)...executed.

 (./CursP_3.out.pyg)
runsystem(rm CursP_3.out.pyg)...executed.

runsystem(rm CursP_3.pyg)...executed.


<plwfigis/CursP_3_figure69.pdf, id=3942, 578.16pt x 433.62pt>
File: plwfigis/CursP_3_figure69.pdf Graphic file (type pdf)

<use plwfigis/CursP_3_figure69.pdf>
Package pdftex.def Info: plwfigis/CursP_3_figure69.pdf used on input line 16.
(pdftex.def)             Requested size: 153.64493pt x 115.23296pt.

<plwfigis/CursP_3_figure70.pdf, id=3943, 578.16pt x 433.62pt>
File: plwfigis/CursP_3_figure70.pdf Graphic file (type pdf)

<use plwfigis/CursP_3_figure70.pdf>
Package pdftex.def Info: plwfigis/CursP_3_figure70.pdf used on input line 21.
(pdftex.def)             Requested size: 153.64493pt x 115.23296pt.
) [91

 <./plwfigis/CursP_3_figure69.pdf> <./plwfigis/CursP_3_figure70.pdf

pdfTeX warning: pdflatex (file ./plwfigis/CursP_3_figure70.pdf): PDF inclusion:
 multiple pdfs with page group included in a single page
>]
\openout4 = `CursP_3.vrb'.

 (./CursP_3.vrb
\openout5 = `CursP_3.pyg'.

runsystem(pygmentize -l python -f latex -F tokenmerge      -P mathescape       
-P "verboptions= ,frame=lines" -o CursP_3.out.pyg CursP_3.pyg)...executed.

 (./CursP_3.out.pyg)
runsystem(rm CursP_3.out.pyg)...executed.

runsystem(rm CursP_3.pyg)...executed.

) [92

]
\openout4 = `CursP_3.vrb'.

 (./CursP_3.vrb
<plwfigis/CursP_3_figure72.pdf, id=4049, 578.16pt x 433.62pt>
File: plwfigis/CursP_3_figure72.pdf Graphic file (type pdf)

<use plwfigis/CursP_3_figure72.pdf>
Package pdftex.def Info: plwfigis/CursP_3_figure72.pdf used on input line 3.
(pdftex.def)             Requested size: 307.28987pt x 230.46591pt.
)
Overfull \vbox (35.64134pt too high) detected at line 1711
 []

[93

 <./plwfigis/CursP_3_figure72.pdf>]
\openout4 = `CursP_3.vrb'.

 (./CursP_3.vrb
<figs/MV_HFV_012.jpg, id=4102, 1027.84pt x 946.53625pt>
File: figs/MV_HFV_012.jpg Graphic file (type jpg)

<use figs/MV_HFV_012.jpg>
Package pdftex.def Info: figs/MV_HFV_012.jpg used on input line 12.
(pdftex.def)             Requested size: 153.64493pt x 141.48325pt.
) [94

 <./figs/MV_HFV_012.jpg>]
\openout4 = `CursP_3.vrb'.

 (./CursP_3.vrb)
[95

]
\openout4 = `CursP_3.vrb'.

 (./CursP_3.vrb) [96

] (./CursP_3.toc)
\openout4 = `CursP_3.vrb'.

 (./CursP_3.vrb) [97

]
\openout4 = `CursP_3.vrb'.

 (./CursP_3.vrb
\openout5 = `CursP_3.pyg'.

runsystem(pygmentize -l python -f latex -F tokenmerge      -P mathescape       
-P "verboptions= ,frame=lines" -o CursP_3.out.pyg CursP_3.pyg)...executed.


(./CursP_3.out.pyg)
runsystem(rm CursP_3.out.pyg)...executed.

runsystem(rm CursP_3.pyg)...executed.


<plwfigis/CursP_3_figure74.pdf, id=4289, 578.16pt x 433.62pt>
File: plwfigis/CursP_3_figure74.pdf Graphic file (type pdf)

<use plwfigis/CursP_3_figure74.pdf>
Package pdftex.def Info: plwfigis/CursP_3_figure74.pdf used on input line 18.
(pdftex.def)             Requested size: 153.64493pt x 115.23296pt.
) [98

 <./plwfigis/CursP_3_figure74.pdf>]
\openout4 = `CursP_3.vrb'.


(./CursP_3.vrb <figs/graph_g.png, id=4353, 216.81pt x 162.6075pt>
File: figs/graph_g.png Graphic file (type png)

<use figs/graph_g.png>
Package pdftex.def Info: figs/graph_g.png used on input line 13.
(pdftex.def)             Requested size: 153.64493pt x 115.23874pt.
) [99

 <./figs/graph_g.png>]
\openout4 = `CursP_3.vrb'.

 (./CursP_3.vrb) [100

]
\openout4 = `CursP_3.vrb'.


(./CursP_3.vrb) [101

]
\openout4 = `CursP_3.vrb'.

 (./CursP_3.vrb
\openout5 = `CursP_3.pyg'.

runsystem(pygmentize -l python -f latex -F tokenmerge      -P mathescape       
-P "verboptions= ,frame=lines" -o CursP_3.out.pyg CursP_3.pyg)...executed.

 (./CursP_3.out.pyg)
runsystem(rm CursP_3.out.pyg)...executed.

runsystem(rm CursP_3.pyg)...executed.

) [102

]
\openout4 = `CursP_3.vrb'.

 (./CursP_3.vrb) [103

]
\openout4 = `CursP_3.vrb'.

 (./CursP_3.vrb
\openout5 = `CursP_3.pyg'.

runsystem(pygmentize -l python -f latex -F tokenmerge      -P mathescape       
-P "verboptions= ,frame=lines" -o CursP_3.out.pyg CursP_3.pyg)...executed.

 (./CursP_3.out.pyg)
runsystem(rm CursP_3.out.pyg)...executed.

runsystem(rm CursP_3.pyg)...executed.

) [104

]
\openout4 = `CursP_3.vrb'.

 (./CursP_3.vrb
\openout5 = `CursP_3.pyg'.

runsystem(pygmentize -l python -f latex -F tokenmerge      -P mathescape       
-P "verboptions= ,frame=lines" -o CursP_3.out.pyg CursP_3.pyg)...executed.


(./CursP_3.out.pyg)
runsystem(rm CursP_3.out.pyg)...executed.

runsystem(rm CursP_3.pyg)...executed.

) [105

]
\openout4 = `CursP_3.vrb'.

 (./CursP_3.vrb) [106

]
\openout4 = `CursP_3.vrb'.

 (./CursP_3.vrb
<figs/wtf.jpg, id=4663, 501.875pt x 449.68pt>
File: figs/wtf.jpg Graphic file (type jpg)
 <use figs/wtf.jpg>
Package pdftex.def Info: figs/wtf.jpg used on input line 4.
(pdftex.def)             Requested size: 199.73653pt x 178.96307pt.
) [107

 <./figs/wtf.jpg>]
\openout4 = `CursP_3.vrb'.

 (./CursP_3.vrb) [108

]
\openout4 = `CursP_3.vrb'.

 (./CursP_3.vrb
\openout5 = `CursP_3.pyg'.

runsystem(pygmentize -l python -f latex -F tokenmerge      -P mathescape       
-P "verboptions= ,frame=lines" -o CursP_3.out.pyg CursP_3.pyg)...executed.

 (./CursP_3.out.pyg)
runsystem(rm CursP_3.out.pyg)...executed.

runsystem(rm CursP_3.pyg)...executed.

\openout5 = `CursP_3.pyg'.

runsystem(pygmentize -l python -f latex -F tokenmerge      -P mathescape       
-P "verboptions= ,frame=lines" -o CursP_3.out.pyg CursP_3.pyg)...executed.


(./CursP_3.out.pyg)
runsystem(rm CursP_3.out.pyg)...executed.

runsystem(rm CursP_3.pyg)...executed.

) [109

]
\openout4 = `CursP_3.vrb'.

 (./CursP_3.vrb
\openout5 = `CursP_3.pyg'.

runsystem(pygmentize -l python -f latex -F tokenmerge      -P mathescape       
-P "verboptions= ,frame=lines,frame=lines,frame=lines" -o CursP_3.out.pyg CursP
_3.pyg)...executed.

 (./CursP_3.out.pyg)
runsystem(rm CursP_3.out.pyg)...executed.

runsystem(rm CursP_3.pyg)...executed.

) [110

]
\openout4 = `CursP_3.vrb'.


(./CursP_3.vrb
\openout5 = `CursP_3.pyg'.

runsystem(pygmentize -l python -f latex -F tokenmerge      -P mathescape       
-P "verboptions= ,frame=lines,frame=lines,frame=lines" -o CursP_3.out.pyg CursP
_3.pyg)...executed.

 (./CursP_3.out.pyg)
runsystem(rm CursP_3.out.pyg)...executed.

runsystem(rm CursP_3.pyg)...executed.

) [111

]
\openout4 = `CursP_3.vrb'.

 (./CursP_3.vrb
\openout5 = `CursP_3.pyg'.

runsystem(pygmentize -l python -f latex -F tokenmerge      -P mathescape       
-P "verboptions= ,frame=lines,frame=lines,frame=lines" -o CursP_3.out.pyg CursP
_3.pyg)...executed.

 (./CursP_3.out.pyg)
runsystem(rm CursP_3.out.pyg)...executed.

runsystem(rm CursP_3.pyg)...executed.

)
[112

]
\openout4 = `CursP_3.vrb'.

 (./CursP_3.vrb
\openout5 = `CursP_3.pyg'.

runsystem(pygmentize -l python -f latex -F tokenmerge      -P mathescape       
-P "verboptions= ,frame=lines,frame=lines,frame=lines" -o CursP_3.out.pyg CursP
_3.pyg)...executed.

 (./CursP_3.out.pyg)
runsystem(rm CursP_3.out.pyg)...executed.

runsystem(rm CursP_3.pyg)...executed.

) [113

]
\openout4 = `CursP_3.vrb'.

 (./CursP_3.vrb
\openout5 = `CursP_3.pyg'.

runsystem(pygmentize -l python -f latex -F tokenmerge      -P mathescape       
-P "verboptions= ,frame=lines,frame=lines,frame=lines" -o CursP_3.out.pyg CursP
_3.pyg)...executed.


(./CursP_3.out.pyg)
runsystem(rm CursP_3.out.pyg)...executed.

runsystem(rm CursP_3.pyg)...executed.

) [114

]
\openout4 = `CursP_3.vrb'.

 (./CursP_3.vrb
\openout5 = `CursP_3.pyg'.

runsystem(pygmentize -l bash -f latex -F tokenmerge      -P mathescape       -P
 "verboptions= ,frame=lines,frame=lines,frame=lines" -o CursP_3.out.pyg CursP_3
.pyg)...executed.

 (./CursP_3.out.pyg)
runsystem(rm CursP_3.out.pyg)...executed.

runsystem(rm CursP_3.pyg)...executed.

) [115

]
\openout4 = `CursP_3.vrb'.


(./CursP_3.vrb
\openout5 = `CursP_3.pyg'.

runsystem(pygmentize -l python -f latex -F tokenmerge      -P mathescape       
-P "verboptions= ,frame=lines,frame=lines,frame=lines" -o CursP_3.out.pyg CursP
_3.pyg)...executed.

 (./CursP_3.out.pyg)
runsystem(rm CursP_3.out.pyg)...executed.

runsystem(rm CursP_3.pyg)...executed.

) [116

]
\openout4 = `CursP_3.vrb'.

 (./CursP_3.vrb
\openout5 = `CursP_3.pyg'.

runsystem(pygmentize -l python -f latex -F tokenmerge      -P mathescape       
-P "verboptions= ,frame=lines,frame=lines,frame=lines" -o CursP_3.out.pyg CursP
_3.pyg)...executed.

 (./CursP_3.out.pyg)
runsystem(rm CursP_3.out.pyg)...executed.

runsystem(rm CursP_3.pyg)...executed.

)
[117

]
\openout4 = `CursP_3.vrb'.

 (./CursP_3.vrb
\openout5 = `CursP_3.pyg'.

runsystem(pygmentize -l python -f latex -F tokenmerge      -P mathescape       
-P "verboptions= ,frame=lines,frame=lines,frame=lines" -o CursP_3.out.pyg CursP
_3.pyg)...executed.

 (./CursP_3.out.pyg)
runsystem(rm CursP_3.out.pyg)...executed.

runsystem(rm CursP_3.pyg)...executed.

) [118

]
\openout4 = `CursP_3.vrb'.

 (./CursP_3.vrb
\openout5 = `CursP_3.pyg'.

runsystem(pygmentize -l python -f latex -F tokenmerge      -P mathescape       
-P "verboptions= ,frame=lines,frame=lines,frame=lines" -o CursP_3.out.pyg CursP
_3.pyg)...executed.


(./CursP_3.out.pyg)
runsystem(rm CursP_3.out.pyg)...executed.

runsystem(rm CursP_3.pyg)...executed.

) [119

]
\openout4 = `CursP_3.vrb'.

 (./CursP_3.vrb
\openout5 = `CursP_3.pyg'.

runsystem(pygmentize -l python -f latex -F tokenmerge      -P mathescape       
-P "verboptions= ,frame=lines,frame=lines,frame=lines" -o CursP_3.out.pyg CursP
_3.pyg)...executed.

 (./CursP_3.out.pyg)
runsystem(rm CursP_3.out.pyg)...executed.

runsystem(rm CursP_3.pyg)...executed.

) [120

]
\openout4 = `CursP_3.vrb'.


(./CursP_3.vrb) [121

] (./CursP_3.toc)
\openout4 = `CursP_3.vrb'.

 (./CursP_3.vrb) [122

]
\openout4 = `CursP_3.vrb'.

 (./CursP_3.vrb
\openout5 = `CursP_3.pyg'.

runsystem(pygmentize -l python -f latex -F tokenmerge      -P mathescape       
-P "verboptions= ,frame=lines" -o CursP_3.out.pyg CursP_3.pyg)...executed.


(./CursP_3.out.pyg)
runsystem(rm CursP_3.out.pyg)...executed.

runsystem(rm CursP_3.pyg)...executed.

) [123

]
\openout4 = `CursP_3.vrb'.

 (./CursP_3.vrb) [124

]
\openout4 = `CursP_3.vrb'.

 (./CursP_3.vrb
\openout5 = `CursP_3.pyg'.

runsystem(pygmentize -l python -f latex -F tokenmerge      -P mathescape       
-P "verboptions= ,frame=lines" -o CursP_3.out.pyg CursP_3.pyg)...executed.


(./CursP_3.out.pyg)
runsystem(rm CursP_3.out.pyg)...executed.

runsystem(rm CursP_3.pyg)...executed.

) [125

]
\openout4 = `CursP_3.vrb'.

 (./CursP_3.vrb) [126

]
\openout4 = `CursP_3.vrb'.

 (./CursP_3.vrb
\openout5 = `CursP_3.pyg'.

runsystem(pygmentize -l python -f latex -F tokenmerge      -P mathescape       
-P "verboptions= ,frame=lines" -o CursP_3.out.pyg CursP_3.pyg)...executed.


(./CursP_3.out.pyg)
runsystem(rm CursP_3.out.pyg)...executed.

runsystem(rm CursP_3.pyg)...executed.

\openout5 = `CursP_3.pyg'.

runsystem(pygmentize -l python -f latex -F tokenmerge      -P mathescape       
-P "verboptions= ,frame=lines" -o CursP_3.out.pyg CursP_3.pyg)...executed.

 (./CursP_3.out.pyg)
runsystem(rm CursP_3.out.pyg)...executed.

runsystem(rm CursP_3.pyg)...executed.

) [127

]
\openout4 = `CursP_3.vrb'.

 (./CursP_3.vrb
\openout5 = `CursP_3.pyg'.

runsystem(pygmentize -l python -f latex -F tokenmerge      -P mathescape       
-P "verboptions= ,frame=lines" -o CursP_3.out.pyg CursP_3.pyg)...executed.


(./CursP_3.out.pyg)
runsystem(rm CursP_3.out.pyg)...executed.

runsystem(rm CursP_3.pyg)...executed.

) [128

]
\openout4 = `CursP_3.vrb'.

 (./CursP_3.vrb
\openout5 = `CursP_3.pyg'.

runsystem(pygmentize -l python -f latex -F tokenmerge      -P mathescape       
-P "verboptions= ,frame=lines" -o CursP_3.out.pyg CursP_3.pyg)...executed.

 (./CursP_3.out.pyg)
runsystem(rm CursP_3.out.pyg)...executed.

runsystem(rm CursP_3.pyg)...executed.

) [129

]
\openout4 = `CursP_3.vrb'.


(./CursP_3.vrb) [130

]
\openout4 = `CursP_3.vrb'.

 (./CursP_3.vrb) [131

]
\openout4 = `CursP_3.vrb'.

 (./CursP_3.vrb
\openout5 = `CursP_3.pyg'.

runsystem(pygmentize -l python -f latex -F tokenmerge      -P mathescape       
-P "verboptions= ,frame=lines" -o CursP_3.out.pyg CursP_3.pyg)...executed.

 (./CursP_3.out.pyg)
runsystem(rm CursP_3.out.pyg)...executed.

runsystem(rm CursP_3.pyg)...executed.

) [132

]
\openout4 = `CursP_3.vrb'.

 (./CursP_3.vrb) [133

]
\openout4 = `CursP_3.vrb'.

 (./CursP_3.vrb
\openout5 = `CursP_3.pyg'.

runsystem(pygmentize -l python -f latex -F tokenmerge      -P mathescape       
-P "verboptions= ,frame=lines" -o CursP_3.out.pyg CursP_3.pyg)...executed.

 (./CursP_3.out.pyg)
runsystem(rm CursP_3.out.pyg)...executed.

runsystem(rm CursP_3.pyg)...executed.

) [134

]
\openout4 = `CursP_3.vrb'.


(./CursP_3.vrb
\openout5 = `CursP_3.pyg'.

runsystem(pygmentize -l python -f latex -F tokenmerge      -P mathescape       
-P "verboptions= ,frame=lines" -o CursP_3.out.pyg CursP_3.pyg)...executed.

 (./CursP_3.out.pyg)
runsystem(rm CursP_3.out.pyg)...executed.

runsystem(rm CursP_3.pyg)...executed.

) [135

]
\openout4 = `CursP_3.vrb'.

 (./CursP_3.vrb
\openout5 = `CursP_3.pyg'.

runsystem(pygmentize -l python -f latex -F tokenmerge      -P mathescape       
-P "verboptions= ,frame=lines" -o CursP_3.out.pyg CursP_3.pyg)...executed.

 (./CursP_3.out.pyg)
runsystem(rm CursP_3.out.pyg)...executed.

runsystem(rm CursP_3.pyg)...executed.

)
[136

]
\openout4 = `CursP_3.vrb'.

 (./CursP_3.vrb
\openout5 = `CursP_3.pyg'.

runsystem(pygmentize -l python -f latex -F tokenmerge      -P mathescape       
-P "verboptions= ,frame=lines" -o CursP_3.out.pyg CursP_3.pyg)...executed.

 (./CursP_3.out.pyg)
runsystem(rm CursP_3.out.pyg)...executed.

runsystem(rm CursP_3.pyg)...executed.

) [137

]
\openout4 = `CursP_3.vrb'.

 (./CursP_3.vrb
\openout5 = `CursP_3.pyg'.

runsystem(pygmentize -l python -f latex -F tokenmerge      -P mathescape       
-P "verboptions= ,frame=lines" -o CursP_3.out.pyg CursP_3.pyg)...executed.


(./CursP_3.out.pyg)
runsystem(rm CursP_3.out.pyg)...executed.

runsystem(rm CursP_3.pyg)...executed.

) [138

]
\openout4 = `CursP_3.vrb'.

 (./CursP_3.vrb) [139

]
\openout4 = `CursP_3.vrb'.

 (./CursP_3.vrb
\openout5 = `CursP_3.pyg'.

runsystem(pygmentize -l python -f latex -F tokenmerge      -P mathescape       
-P "verboptions= ,frame=lines" -o CursP_3.out.pyg CursP_3.pyg)...executed.


(./CursP_3.out.pyg)
runsystem(rm CursP_3.out.pyg)...executed.

runsystem(rm CursP_3.pyg)...executed.

\openout5 = `CursP_3.pyg'.

runsystem(pygmentize -l python -f latex -F tokenmerge      -P mathescape       
-P "verboptions= ,frame=lines" -o CursP_3.out.pyg CursP_3.pyg)...executed.

 (./CursP_3.out.pyg)
runsystem(rm CursP_3.out.pyg)...executed.

runsystem(rm CursP_3.pyg)...executed.

) [140

]
\openout4 = `CursP_3.vrb'.

 (./CursP_3.vrb
\openout5 = `CursP_3.pyg'.

runsystem(pygmentize -l python -f latex -F tokenmerge      -P mathescape       
-P "verboptions= ,frame=lines" -o CursP_3.out.pyg CursP_3.pyg)...executed.


(./CursP_3.out.pyg)
runsystem(rm CursP_3.out.pyg)...executed.

runsystem(rm CursP_3.pyg)...executed.

) [141

] <figs/question.png, id=6004, 1003.75pt x 1003.75pt>
File: figs/question.png Graphic file (type png)

<use figs/question.png>
Package pdftex.def Info: figs/question.png used on input line 2677.
(pdftex.def)             Requested size: 184.3758pt x 184.37367pt.
 [142

 <./figs/question.png>]
\tf@nav=\write8
\openout8 = `CursP_3.nav'.

\tf@toc=\write9
\openout9 = `CursP_3.toc'.

\tf@snm=\write10
\openout10 = `CursP_3.snm'.

Package atveryend Info: Empty hook `BeforeClearDocument' on input line 2680.
Package atveryend Info: Empty hook `AfterLastShipout' on input line 2680.
 (./CursP_3.aux)
Package atveryend Info: Executing hook `AtVeryEndDocument' on input line 2680.
Package atveryend Info: Executing hook `AtEndAfterFileList' on input line 2680.

Package rerunfilecheck Info: File `CursP_3.out' has not changed.
(rerunfilecheck)             Checksum: 422396E009D09D7567F6F24C3F4CF66A;1868.


LaTeX Font Warning: Size substitutions with differences
(Font)              up to 1.0pt have occurred.


LaTeX Warning: There were multiply-defined labels.

Package atveryend Info: Empty hook `AtVeryVeryEnd' on input line 2680.
 ) 
Here is how much of TeX's memory you used:
 18420 strings out of 495059
 335865 string characters out of 3182030
 449106 words of memory out of 3000000
 20305 multiletter control sequences out of 15000+200000
 12791 words of font info for 51 fonts, out of 3000000 for 9000
 14 hyphenation exceptions out of 8191
 49i,19n,65p,514b,1081s stack positions out of 5000i,500n,10000p,200000b,50000s
</usr/share/texlive/texmf-dist/fonts/type1/public/amsfonts/cm/cmbx5.pfb></usr
/share/texlive/texmf-dist/fonts/type1/public/amsfonts/cm/cmbx7.pfb></usr/share/
texlive/texmf-dist/fonts/type1/public/amsfonts/cm/cmex10.pfb></usr/share/texliv
e/texmf-dist/fonts/type1/public/amsfonts/cm/cmitt10.pfb></usr/share/texlive/tex
mf-dist/fonts/type1/public/amsfonts/cm/cmmi10.pfb></usr/share/texlive/texmf-dis
t/fonts/type1/public/amsfonts/cm/cmmi12.pfb></usr/share/texlive/texmf-dist/font
s/type1/public/amsfonts/cm/cmmi5.pfb></usr/share/texlive/texmf-dist/fonts/type1
/public/amsfonts/cm/cmmi7.pfb></usr/share/texlive/texmf-dist/fonts/type1/public
/amsfonts/cm/cmr10.pfb></usr/share/texlive/texmf-dist/fonts/type1/public/amsfon
ts/cm/cmr12.pfb></usr/share/texlive/texmf-dist/fonts/type1/public/amsfonts/cm/c
mr5.pfb></usr/share/texlive/texmf-dist/fonts/type1/public/amsfonts/cm/cmr7.pfb>
</usr/share/texlive/texmf-dist/fonts/type1/public/amsfonts/cm/cmr9.pfb></usr/sh
are/texlive/texmf-dist/fonts/type1/public/amsfonts/cm/cmsy10.pfb></usr/share/te
xlive/texmf-dist/fonts/type1/public/amsfonts/cm/cmsy7.pfb></usr/share/texlive/t
exmf-dist/fonts/type1/public/amsfonts/cm/cmti10.pfb></usr/share/texlive/texmf-d
ist/fonts/type1/public/amsfonts/cm/cmti12.pfb></usr/share/texlive/texmf-dist/fo
nts/type1/public/amsfonts/cm/cmti7.pfb></usr/share/texlive/texmf-dist/fonts/typ
e1/public/amsfonts/cm/cmtt10.pfb></usr/share/texlive/texmf-dist/fonts/type1/pub
lic/amsfonts/cm/cmtt8.pfb></usr/share/texlive/texmf-dist/fonts/type1/public/ams
fonts/cm/cmtt9.pfb>
Output written on CursP_3.pdf (142 pages, 2952592 bytes).
PDF statistics:
 6182 PDF objects out of 6186 (max. 8388607)
 5459 compressed objects within 55 object streams
 328 named destinations out of 1000 (max. 500000)
 489 words of extra memory for PDF output out of 10000 (max. 10000000)

