This is pdfTeX, Version 3.1415926-2.4-1.40.13 (TeX Live 2012/Debian) (format=pdflatex 2012.10.11)  4 FEB 2013 16:21
entering extended mode
 \write18 enabled.
 %&-line parsing enabled.
**CursP_4
(./CursP_4.tex
LaTeX2e <2011/06/27>
Babel <v3.8m> and hyphenation patterns for english, dumylang, nohyphenation, lo
aded.
(/usr/share/texmf/tex/latex/beamer/base/beamer.cls
(/usr/share/texmf/tex/latex/beamer/base/beamerbasercs.sty
Package: beamerbasercs 2010/06/12 (rcs-revision c3821710bb40)
)
Document Class: beamer 2010/06/21 development version 3.10 A class for typesett
ing presentations (rcs-revision a6b1a8434d30)
(/usr/share/texmf/tex/latex/beamer/base/beamerbasemodes.sty
Package: beamerbasemodes 2010/05/01 (rcs-revision efa082c6111d)
\beamer@tempbox=\box26
\beamer@tempcount=\count79
\c@beamerpauses=\count80

(/usr/share/texmf/tex/latex/beamer/base/beamerbasedecode.sty
Package: beamerbasedecode 2010/05/01 (rcs-revision efa082c6111d)
\beamer@slideinframe=\count81
\beamer@minimum=\count82
)
\beamer@commentbox=\box27
\beamer@modecount=\count83
)
\headheight=\dimen102
\headdp=\dimen103
\footheight=\dimen104
\sidebarheight=\dimen105
\beamer@tempdim=\dimen106
\beamer@finalheight=\dimen107
\beamer@animht=\dimen108
\beamer@animdp=\dimen109
\beamer@animwd=\dimen110
\beamer@leftmargin=\dimen111
\beamer@rightmargin=\dimen112
\beamer@leftsidebar=\dimen113
\beamer@rightsidebar=\dimen114
\beamer@boxsize=\dimen115
\beamer@vboxoffset=\dimen116
\beamer@descdefault=\dimen117
\beamer@descriptionwidth=\dimen118
\beamer@lastskip=\skip41
\beamer@areabox=\box28
\beamer@animcurrent=\box29
\beamer@animshowbox=\box30
\beamer@sectionbox=\box31
\beamer@logobox=\box32
\beamer@linebox=\box33
\beamer@sectioncount=\count84
\beamer@subsubsectionmax=\count85
\beamer@subsectionmax=\count86
\beamer@sectionmax=\count87
\beamer@totalheads=\count88
\beamer@headcounter=\count89
\beamer@partstartpage=\count90
\beamer@sectionstartpage=\count91
\beamer@subsectionstartpage=\count92
\beamer@animationtempa=\count93
\beamer@animationtempb=\count94
\beamer@xpos=\count95
\beamer@ypos=\count96
\beamer@showpartnumber=\count97
\beamer@currentsubsection=\count98
\beamer@coveringdepth=\count99
\beamer@sectionadjust=\count100
\beamer@tocsectionnumber=\count101

(/usr/share/texmf/tex/latex/beamer/base/beamerbaseoptions.sty
Package: beamerbaseoptions 2010/04/27 (rcs-revision 982469101dd6)

(/usr/share/texlive/texmf-dist/tex/latex/graphics/keyval.sty
Package: keyval 1999/03/16 v1.13 key=value parser (DPC)
\KV@toks@=\toks14
))
\beamer@paperwidth=\skip42
\beamer@paperheight=\skip43

(/usr/share/texlive/texmf-dist/tex/latex/geometry/geometry.sty
Package: geometry 2010/09/12 v5.6 Page Geometry

(/usr/share/texlive/texmf-dist/tex/generic/oberdiek/ifpdf.sty
Package: ifpdf 2011/01/30 v2.3 Provides the ifpdf switch (HO)
Package ifpdf Info: pdfTeX in PDF mode is detected.
)
(/usr/share/texlive/texmf-dist/tex/generic/oberdiek/ifvtex.sty
Package: ifvtex 2010/03/01 v1.5 Detect VTeX and its facilities (HO)
Package ifvtex Info: VTeX not detected.
)
(/usr/share/texlive/texmf-dist/tex/generic/ifxetex/ifxetex.sty
Package: ifxetex 2010/09/12 v0.6 Provides ifxetex conditional
)
\Gm@cnth=\count102
\Gm@cntv=\count103
\c@Gm@tempcnt=\count104
\Gm@bindingoffset=\dimen119
\Gm@wd@mp=\dimen120
\Gm@odd@mp=\dimen121
\Gm@even@mp=\dimen122
\Gm@layoutwidth=\dimen123
\Gm@layoutheight=\dimen124
\Gm@layouthoffset=\dimen125
\Gm@layoutvoffset=\dimen126
\Gm@dimlist=\toks15
)
(/usr/share/texlive/texmf-dist/tex/latex/base/size10.clo
File: size10.clo 2007/10/19 v1.4h Standard LaTeX file (size option)
)
(/usr/share/texmf/tex/latex/pgf/basiclayer/pgfcore.sty
(/usr/share/texlive/texmf-dist/tex/latex/graphics/graphicx.sty
Package: graphicx 1999/02/16 v1.0f Enhanced LaTeX Graphics (DPC,SPQR)

(/usr/share/texlive/texmf-dist/tex/latex/graphics/graphics.sty
Package: graphics 2009/02/05 v1.0o Standard LaTeX Graphics (DPC,SPQR)

(/usr/share/texlive/texmf-dist/tex/latex/graphics/trig.sty
Package: trig 1999/03/16 v1.09 sin cos tan (DPC)
)
(/usr/share/texlive/texmf-dist/tex/latex/latexconfig/graphics.cfg
File: graphics.cfg 2010/04/23 v1.9 graphics configuration of TeX Live
)
Package graphics Info: Driver file: pdftex.def on input line 91.

(/usr/share/texlive/texmf-dist/tex/latex/pdftex-def/pdftex.def
File: pdftex.def 2011/05/27 v0.06d Graphics/color for pdfTeX

(/usr/share/texlive/texmf-dist/tex/generic/oberdiek/infwarerr.sty
Package: infwarerr 2010/04/08 v1.3 Providing info/warning/error messages (HO)
)
(/usr/share/texlive/texmf-dist/tex/generic/oberdiek/ltxcmds.sty
Package: ltxcmds 2011/11/09 v1.22 LaTeX kernel commands for general use (HO)
)
\Gread@gobject=\count105
))
\Gin@req@height=\dimen127
\Gin@req@width=\dimen128
)
(/usr/share/texmf/tex/latex/pgf/systemlayer/pgfsys.sty
(/usr/share/texmf/tex/latex/pgf/utilities/pgfrcs.sty
(/usr/share/texmf/tex/generic/pgf/utilities/pgfutil-common.tex
\pgfutil@everybye=\toks16
)
(/usr/share/texmf/tex/generic/pgf/utilities/pgfutil-latex.def
\pgfutil@abb=\box34

(/usr/share/texlive/texmf-dist/tex/latex/ms/everyshi.sty
Package: everyshi 2001/05/15 v3.00 EveryShipout Package (MS)
))
(/usr/share/texmf/tex/generic/pgf/utilities/pgfrcs.code.tex
Package: pgfrcs 2010/10/25 v2.10 (rcs-revision 1.24)
))
(/usr/share/texmf/tex/generic/pgf/systemlayer/pgfsys.code.tex
Package: pgfsys 2010/06/30 v2.10 (rcs-revision 1.37)

(/usr/share/texmf/tex/generic/pgf/utilities/pgfkeys.code.tex
\pgfkeys@pathtoks=\toks17
\pgfkeys@temptoks=\toks18

(/usr/share/texmf/tex/generic/pgf/utilities/pgfkeysfiltered.code.tex
\pgfkeys@tmptoks=\toks19
))
\pgf@x=\dimen129
\pgf@y=\dimen130
\pgf@xa=\dimen131
\pgf@ya=\dimen132
\pgf@xb=\dimen133
\pgf@yb=\dimen134
\pgf@xc=\dimen135
\pgf@yc=\dimen136
\w@pgf@writea=\write3
\r@pgf@reada=\read1
\c@pgf@counta=\count106
\c@pgf@countb=\count107
\c@pgf@countc=\count108
\c@pgf@countd=\count109

(/usr/share/texmf/tex/generic/pgf/systemlayer/pgf.cfg
File: pgf.cfg 2008/05/14  (rcs-revision 1.7)
)
Package pgfsys Info: Driver file for pgf: pgfsys-pdftex.def on input line 900.

(/usr/share/texmf/tex/generic/pgf/systemlayer/pgfsys-pdftex.def
File: pgfsys-pdftex.def 2009/05/22  (rcs-revision 1.26)

(/usr/share/texmf/tex/generic/pgf/systemlayer/pgfsys-common-pdf.def
File: pgfsys-common-pdf.def 2008/05/19  (rcs-revision 1.10)
)))
(/usr/share/texmf/tex/generic/pgf/systemlayer/pgfsyssoftpath.code.tex
File: pgfsyssoftpath.code.tex 2008/07/18  (rcs-revision 1.7)
\pgfsyssoftpath@smallbuffer@items=\count110
\pgfsyssoftpath@bigbuffer@items=\count111
)
(/usr/share/texmf/tex/generic/pgf/systemlayer/pgfsysprotocol.code.tex
File: pgfsysprotocol.code.tex 2006/10/16  (rcs-revision 1.4)
))
(/usr/share/texmf/tex/latex/xcolor/xcolor.sty
Package: xcolor 2007/01/21 v2.11 LaTeX color extensions (UK)

(/usr/share/texlive/texmf-dist/tex/latex/latexconfig/color.cfg
File: color.cfg 2007/01/18 v1.5 color configuration of teTeX/TeXLive
)
Package xcolor Info: Driver file: pdftex.def on input line 225.
Package xcolor Info: Model `cmy' substituted by `cmy0' on input line 1337.
Package xcolor Info: Model `hsb' substituted by `rgb' on input line 1341.
Package xcolor Info: Model `RGB' extended on input line 1353.
Package xcolor Info: Model `HTML' substituted by `rgb' on input line 1355.
Package xcolor Info: Model `Hsb' substituted by `hsb' on input line 1356.
Package xcolor Info: Model `tHsb' substituted by `hsb' on input line 1357.
Package xcolor Info: Model `HSB' substituted by `hsb' on input line 1358.
Package xcolor Info: Model `Gray' substituted by `gray' on input line 1359.
Package xcolor Info: Model `wave' substituted by `hsb' on input line 1360.
)
(/usr/share/texmf/tex/generic/pgf/basiclayer/pgfcore.code.tex
Package: pgfcore 2010/04/11 v2.10 (rcs-revision 1.7)

(/usr/share/texmf/tex/generic/pgf/math/pgfmath.code.tex
(/usr/share/texmf/tex/generic/pgf/math/pgfmathcalc.code.tex
(/usr/share/texmf/tex/generic/pgf/math/pgfmathutil.code.tex)
(/usr/share/texmf/tex/generic/pgf/math/pgfmathparser.code.tex
\pgfmath@dimen=\dimen137
\pgfmath@count=\count112
\pgfmath@box=\box35
\pgfmath@toks=\toks20
\pgfmath@stack@operand=\toks21
\pgfmath@stack@operation=\toks22
)
(/usr/share/texmf/tex/generic/pgf/math/pgfmathfunctions.code.tex
(/usr/share/texmf/tex/generic/pgf/math/pgfmathfunctions.basic.code.tex)
(/usr/share/texmf/tex/generic/pgf/math/pgfmathfunctions.trigonometric.code.tex)
(/usr/share/texmf/tex/generic/pgf/math/pgfmathfunctions.random.code.tex)
(/usr/share/texmf/tex/generic/pgf/math/pgfmathfunctions.comparison.code.tex)
(/usr/share/texmf/tex/generic/pgf/math/pgfmathfunctions.base.code.tex)
(/usr/share/texmf/tex/generic/pgf/math/pgfmathfunctions.round.code.tex)
(/usr/share/texmf/tex/generic/pgf/math/pgfmathfunctions.misc.code.tex)))
(/usr/share/texmf/tex/generic/pgf/math/pgfmathfloat.code.tex
\c@pgfmathroundto@lastzeros=\count113
))
(/usr/share/texmf/tex/generic/pgf/basiclayer/pgfcorepoints.code.tex
File: pgfcorepoints.code.tex 2010/04/09  (rcs-revision 1.20)
\pgf@picminx=\dimen138
\pgf@picmaxx=\dimen139
\pgf@picminy=\dimen140
\pgf@picmaxy=\dimen141
\pgf@pathminx=\dimen142
\pgf@pathmaxx=\dimen143
\pgf@pathminy=\dimen144
\pgf@pathmaxy=\dimen145
\pgf@xx=\dimen146
\pgf@xy=\dimen147
\pgf@yx=\dimen148
\pgf@yy=\dimen149
\pgf@zx=\dimen150
\pgf@zy=\dimen151
)
(/usr/share/texmf/tex/generic/pgf/basiclayer/pgfcorepathconstruct.code.tex
File: pgfcorepathconstruct.code.tex 2010/08/03  (rcs-revision 1.24)
\pgf@path@lastx=\dimen152
\pgf@path@lasty=\dimen153
)
(/usr/share/texmf/tex/generic/pgf/basiclayer/pgfcorepathusage.code.tex
File: pgfcorepathusage.code.tex 2008/04/22  (rcs-revision 1.12)
\pgf@shorten@end@additional=\dimen154
\pgf@shorten@start@additional=\dimen155
)
(/usr/share/texmf/tex/generic/pgf/basiclayer/pgfcorescopes.code.tex
File: pgfcorescopes.code.tex 2010/09/08  (rcs-revision 1.34)
\pgfpic=\box36
\pgf@hbox=\box37
\pgf@layerbox@main=\box38
\pgf@picture@serial@count=\count114
)
(/usr/share/texmf/tex/generic/pgf/basiclayer/pgfcoregraphicstate.code.tex
File: pgfcoregraphicstate.code.tex 2008/04/22  (rcs-revision 1.9)
\pgflinewidth=\dimen156
)
(/usr/share/texmf/tex/generic/pgf/basiclayer/pgfcoretransformations.code.tex
File: pgfcoretransformations.code.tex 2009/06/10  (rcs-revision 1.11)
\pgf@pt@x=\dimen157
\pgf@pt@y=\dimen158
\pgf@pt@temp=\dimen159
)
(/usr/share/texmf/tex/generic/pgf/basiclayer/pgfcorequick.code.tex
File: pgfcorequick.code.tex 2008/10/09  (rcs-revision 1.3)
)
(/usr/share/texmf/tex/generic/pgf/basiclayer/pgfcoreobjects.code.tex
File: pgfcoreobjects.code.tex 2006/10/11  (rcs-revision 1.2)
)
(/usr/share/texmf/tex/generic/pgf/basiclayer/pgfcorepathprocessing.code.tex
File: pgfcorepathprocessing.code.tex 2008/10/09  (rcs-revision 1.8)
)
(/usr/share/texmf/tex/generic/pgf/basiclayer/pgfcorearrows.code.tex
File: pgfcorearrows.code.tex 2008/04/23  (rcs-revision 1.11)
)
(/usr/share/texmf/tex/generic/pgf/basiclayer/pgfcoreshade.code.tex
File: pgfcoreshade.code.tex 2008/11/23  (rcs-revision 1.13)
\pgf@max=\dimen160
\pgf@sys@shading@range@num=\count115
)
(/usr/share/texmf/tex/generic/pgf/basiclayer/pgfcoreimage.code.tex
File: pgfcoreimage.code.tex 2010/03/25  (rcs-revision 1.16)

(/usr/share/texmf/tex/generic/pgf/basiclayer/pgfcoreexternal.code.tex
File: pgfcoreexternal.code.tex 2010/09/01  (rcs-revision 1.17)
\pgfexternal@startupbox=\box39
))
(/usr/share/texmf/tex/generic/pgf/basiclayer/pgfcorelayers.code.tex
File: pgfcorelayers.code.tex 2010/08/27  (rcs-revision 1.2)
)
(/usr/share/texmf/tex/generic/pgf/basiclayer/pgfcoretransparency.code.tex
File: pgfcoretransparency.code.tex 2008/01/17  (rcs-revision 1.2)
)
(/usr/share/texmf/tex/generic/pgf/basiclayer/pgfcorepatterns.code.tex
File: pgfcorepatterns.code.tex 2009/07/02  (rcs-revision 1.3)
)))
(/usr/share/texmf/tex/latex/pgf/utilities/xxcolor.sty
Package: xxcolor 2003/10/24 ver 0.1
\XC@nummixins=\count116
\XC@countmixins=\count117
)
(/usr/share/texlive/texmf-dist/tex/latex/hyperref/hyperref.sty
Package: hyperref 2012/05/13 v6.82q Hypertext links for LaTeX

(/usr/share/texlive/texmf-dist/tex/generic/oberdiek/hobsub-hyperref.sty
Package: hobsub-hyperref 2012/05/28 v1.13 Bundle oberdiek, subset hyperref (HO)


(/usr/share/texlive/texmf-dist/tex/generic/oberdiek/hobsub-generic.sty
Package: hobsub-generic 2012/05/28 v1.13 Bundle oberdiek, subset generic (HO)
Package: hobsub 2012/05/28 v1.13 Construct package bundles (HO)
Package hobsub Info: Skipping package `infwarerr' (already loaded).
Package hobsub Info: Skipping package `ltxcmds' (already loaded).
Package: ifluatex 2010/03/01 v1.3 Provides the ifluatex switch (HO)
Package ifluatex Info: LuaTeX not detected.
Package hobsub Info: Skipping package `ifvtex' (already loaded).
Package: intcalc 2007/09/27 v1.1 Expandable calculations with integers (HO)
Package hobsub Info: Skipping package `ifpdf' (already loaded).
Package: etexcmds 2011/02/16 v1.5 Avoid name clashes with e-TeX commands (HO)
Package etexcmds Info: Could not find \expanded.
(etexcmds)             That can mean that you are not using pdfTeX 1.50 or
(etexcmds)             that some package has redefined \expanded.
(etexcmds)             In the latter case, load this package earlier.
Package: kvsetkeys 2012/04/25 v1.16 Key value parser (HO)
Package: kvdefinekeys 2011/04/07 v1.3 Define keys (HO)
Package: pdftexcmds 2011/11/29 v0.20 Utility functions of pdfTeX for LuaTeX (HO
)
Package pdftexcmds Info: LuaTeX not detected.
Package pdftexcmds Info: \pdf@primitive is available.
Package pdftexcmds Info: \pdf@ifprimitive is available.
Package pdftexcmds Info: \pdfdraftmode found.
Package: pdfescape 2011/11/25 v1.13 Implements pdfTeX's escape features (HO)
Package: bigintcalc 2012/04/08 v1.3 Expandable calculations on big integers (HO
)
Package: bitset 2011/01/30 v1.1 Handle bit-vector datatype (HO)
Package: uniquecounter 2011/01/30 v1.2 Provide unlimited unique counter (HO)
)
Package hobsub Info: Skipping package `hobsub' (already loaded).
Package: letltxmacro 2010/09/02 v1.4 Let assignment for LaTeX macros (HO)
Package: hopatch 2012/05/28 v1.2 Wrapper for package hooks (HO)
Package: xcolor-patch 2011/01/30 xcolor patch
Package: atveryend 2011/06/30 v1.8 Hooks at the very end of document (HO)
Package atveryend Info: \enddocument detected (standard20110627).
Package: atbegshi 2011/10/05 v1.16 At begin shipout hook (HO)
Package: refcount 2011/10/16 v3.4 Data extraction from label references (HO)
Package: hycolor 2011/01/30 v1.7 Color options for hyperref/bookmark (HO)
)
(/usr/share/texlive/texmf-dist/tex/latex/oberdiek/kvoptions.sty
Package: kvoptions 2011/06/30 v3.11 Key value format for package options (HO)
)
\@linkdim=\dimen161
\Hy@linkcounter=\count118
\Hy@pagecounter=\count119

(/usr/share/texlive/texmf-dist/tex/latex/hyperref/pd1enc.def
File: pd1enc.def 2012/05/13 v6.82q Hyperref: PDFDocEncoding definition (HO)
)
\Hy@SavedSpaceFactor=\count120

(/usr/share/texlive/texmf-dist/tex/latex/latexconfig/hyperref.cfg
File: hyperref.cfg 2002/06/06 v1.2 hyperref configuration of TeXLive
)
Package hyperref Info: Option `colorlinks' set `true' on input line 3941.
Package hyperref Info: Option `bookmarks' set `true' on input line 3941.
Package hyperref Info: Option `bookmarksopen' set `true' on input line 3941.
Package hyperref Info: Option `implicit' set `false' on input line 3941.
Package hyperref Info: Hyper figures OFF on input line 4062.
Package hyperref Info: Link nesting OFF on input line 4067.
Package hyperref Info: Hyper index ON on input line 4070.
Package hyperref Info: Plain pages OFF on input line 4077.
Package hyperref Info: Backreferencing OFF on input line 4082.
Package hyperref Info: Implicit mode OFF; no redefinition of LaTeX internals.
Package hyperref Info: Bookmarks ON on input line 4300.
\c@Hy@tempcnt=\count121

(/usr/share/texlive/texmf-dist/tex/latex/url/url.sty
\Urlmuskip=\muskip10
Package: url 2006/04/12  ver 3.3  Verb mode for urls, etc.
)
LaTeX Info: Redefining \url on input line 4653.
\Fld@menulength=\count122
\Field@Width=\dimen162
\Fld@charsize=\dimen163
Package hyperref Info: Hyper figures OFF on input line 5773.
Package hyperref Info: Link nesting OFF on input line 5778.
Package hyperref Info: Hyper index ON on input line 5781.
Package hyperref Info: backreferencing OFF on input line 5788.
Package hyperref Info: Link coloring ON on input line 5791.
Package hyperref Info: Link coloring with OCG OFF on input line 5798.
Package hyperref Info: PDF/A mode OFF on input line 5803.
LaTeX Info: Redefining \ref on input line 5843.
LaTeX Info: Redefining \pageref on input line 5847.
\Hy@abspage=\count123


Package hyperref Message: Stopped early.

)

Package hyperref Message: Driver (autodetected): hpdftex.

(/usr/share/texlive/texmf-dist/tex/latex/hyperref/hpdftex.def
File: hpdftex.def 2012/05/13 v6.82q Hyperref driver for pdfTeX
\Fld@listcount=\count124
\c@bookmark@seq@number=\count125

(/usr/share/texlive/texmf-dist/tex/latex/oberdiek/rerunfilecheck.sty
Package: rerunfilecheck 2011/04/15 v1.7 Rerun checks for auxiliary files (HO)
Package uniquecounter Info: New unique counter `rerunfilecheck' on input line 2
82.
))
(/usr/share/texmf/tex/latex/beamer/base/beamerbaserequires.sty
Package: beamerbaserequires 2010/05/01  (rcs-revision efa082c6111d)

(/usr/share/texmf/tex/latex/beamer/base/beamerbasecompatibility.sty
Package: beamerbasecompatibility 2010/07/12  (rcs-revision 6648c3177e4e)
)
(/usr/share/texmf/tex/latex/beamer/base/beamerbasefont.sty
Package: beamerbasefont 2010/05/10  (rcs-revision cd36e8a33c6b)

(/usr/share/texlive/texmf-dist/tex/latex/amsfonts/amssymb.sty
Package: amssymb 2009/06/22 v3.00

(/usr/share/texlive/texmf-dist/tex/latex/amsfonts/amsfonts.sty
Package: amsfonts 2009/06/22 v3.00 Basic AMSFonts support
\@emptytoks=\toks23
\symAMSa=\mathgroup4
\symAMSb=\mathgroup5
LaTeX Font Info:    Overwriting math alphabet `\mathfrak' in version `bold'
(Font)                  U/euf/m/n --> U/euf/b/n on input line 96.
)))
(/usr/share/texmf/tex/latex/beamer/base/beamerbasetranslator.sty
Package: beamerbasetranslator 2010/06/11  (rcs-revision 85fd1cc7fc42)

(/usr/share/texmf/tex/latex/beamer/base/translator/translator.sty
Package: translator 2010/06/12 ver 1.10

(/usr/share/texmf/tex/latex/beamer/base/translator/translator-language-mappings
.tex))) (/usr/share/texmf/tex/latex/beamer/base/beamerbasemisc.sty
Package: beamerbasemisc 2010/06/06  (rcs-revision bff0a9294b45)
)
(/usr/share/texmf/tex/latex/beamer/base/beamerbasetwoscreens.sty
Package: beamerbasetwoscreens 2010/05/01  (rcs-revision efa082c6111d)
)
(/usr/share/texmf/tex/latex/beamer/base/beamerbaseoverlay.sty
Package: beamerbaseoverlay 2010/05/07  (rcs-revision 5584dad462a9)
\beamer@argscount=\count126
\beamer@lastskipcover=\skip44
\beamer@trivlistdepth=\count127
)
(/usr/share/texmf/tex/latex/beamer/base/beamerbasetitle.sty
Package: beamerbasetitle 2010/06/12  (rcs-revision 717e481ca47a)
)
(/usr/share/texmf/tex/latex/beamer/base/beamerbasesection.sty
Package: beamerbasesection 2010/06/17  (rcs-revision e0d9401bb743)
\c@lecture=\count128
\c@part=\count129
\c@section=\count130
\c@subsection=\count131
\c@subsubsection=\count132
)
(/usr/share/texmf/tex/latex/beamer/base/beamerbaseframe.sty
Package: beamerbaseframe 2010/06/06  (rcs-revision bff0a9294b45)
\beamer@framebox=\box40
\beamer@frametitlebox=\box41
\beamer@zoombox=\box42
\beamer@zoomcount=\count133
\beamer@zoomframecount=\count134
\beamer@frametextheight=\dimen164
\c@subsectionslide=\count135
\beamer@frametopskip=\skip45
\beamer@framebottomskip=\skip46
\beamer@frametopskipautobreak=\skip47
\beamer@framebottomskipautobreak=\skip48
\beamer@envbody=\toks24
\c@framenumber=\count136
)
(/usr/share/texmf/tex/latex/beamer/base/beamerbaseverbatim.sty
Package: beamerbaseverbatim 2010/05/01  (rcs-revision efa082c6111d)
\beamer@verbatimfileout=\write4
)
(/usr/share/texmf/tex/latex/beamer/base/beamerbaseframesize.sty
Package: beamerbaseframesize 2010/06/27  (rcs-revision 6baa2d92e6f1)
\beamer@splitbox=\box43
\beamer@autobreakcount=\count137
\beamer@autobreaklastheight=\dimen165
\beamer@frametitletoks=\toks25
\beamer@framesubtitletoks=\toks26
)
(/usr/share/texmf/tex/latex/beamer/base/beamerbaseframecomponents.sty
Package: beamerbaseframecomponents 2010/07/12  (rcs-revision 09e82992d9b1)
\beamer@footins=\box44
)
(/usr/share/texmf/tex/latex/beamer/base/beamerbasecolor.sty
Package: beamerbasecolor 2010/06/06  (rcs-revision d1a9b48be06d)
)
(/usr/share/texmf/tex/latex/beamer/base/beamerbasenotes.sty
Package: beamerbasenotes 2010/05/01  (rcs-revision efa082c6111d)
\beamer@frameboxcopy=\box45
)
(/usr/share/texmf/tex/latex/beamer/base/beamerbasetoc.sty
Package: beamerbasetoc 2010/06/11  (rcs-revision 242ecaa6783b)
)
(/usr/share/texmf/tex/latex/beamer/base/beamerbasetemplates.sty
Package: beamerbasetemplates 2010/05/01  (rcs-revision efa082c6111d)
\beamer@sbttoks=\toks27

(/usr/share/texmf/tex/latex/beamer/base/beamerbaseauxtemplates.sty
Package: beamerbaseauxtemplates 2010/05/01  (rcs-revision efa082c6111d)

(/usr/share/texmf/tex/latex/beamer/base/beamerbaseboxes.sty
Package: beamerbaseboxes 2010/05/01  (rcs-revision efa082c6111d)
\bmb@box=\box46
\bmb@colorbox=\box47
\bmb@boxshadow=\box48
\bmb@boxshadowball=\box49
\bmb@boxshadowballlarge=\box50
\bmb@temp=\dimen166
\bmb@dima=\dimen167
\bmb@dimb=\dimen168
\bmb@prevheight=\dimen169
)
\beamer@blockheadheight=\dimen170
))
(/usr/share/texmf/tex/latex/beamer/base/beamerbaselocalstructure.sty
Package: beamerbaselocalstructure 2010/06/01  (rcs-revision 81f9e33f7cc2)

(/usr/share/texlive/texmf-dist/tex/latex/tools/enumerate.sty
Package: enumerate 1999/03/05 v3.00 enumerate extensions (DPC)
\@enLab=\toks28
)
\c@figure=\count138
\c@table=\count139
\abovecaptionskip=\skip49
\belowcaptionskip=\skip50
)
(/usr/share/texmf/tex/latex/beamer/base/beamerbasenavigation.sty
Package: beamerbasenavigation 2010/05/01  (rcs-revision efa082c6111d)
)
(/usr/share/texmf/tex/latex/beamer/base/beamerbasetheorems.sty
Package: beamerbasetheorems 2010/06/06  (rcs-revision 7e7cc5e53e9d)

(/usr/share/texlive/texmf-dist/tex/latex/amsmath/amsmath.sty
Package: amsmath 2000/07/18 v2.13 AMS math features
\@mathmargin=\skip51

For additional information on amsmath, use the `?' option.
(/usr/share/texlive/texmf-dist/tex/latex/amsmath/amstext.sty
Package: amstext 2000/06/29 v2.01

(/usr/share/texlive/texmf-dist/tex/latex/amsmath/amsgen.sty
File: amsgen.sty 1999/11/30 v2.0
\@emptytoks=\toks29
\ex@=\dimen171
))
(/usr/share/texlive/texmf-dist/tex/latex/amsmath/amsbsy.sty
Package: amsbsy 1999/11/29 v1.2d
\pmbraise@=\dimen172
)
(/usr/share/texlive/texmf-dist/tex/latex/amsmath/amsopn.sty
Package: amsopn 1999/12/14 v2.01 operator names
)
\inf@bad=\count140
LaTeX Info: Redefining \frac on input line 211.
\uproot@=\count141
\leftroot@=\count142
LaTeX Info: Redefining \overline on input line 307.
\classnum@=\count143
\DOTSCASE@=\count144
LaTeX Info: Redefining \ldots on input line 379.
LaTeX Info: Redefining \dots on input line 382.
LaTeX Info: Redefining \cdots on input line 467.
\Mathstrutbox@=\box51
\strutbox@=\box52
\big@size=\dimen173
LaTeX Font Info:    Redeclaring font encoding OML on input line 567.
LaTeX Font Info:    Redeclaring font encoding OMS on input line 568.
\macc@depth=\count145
\c@MaxMatrixCols=\count146
\dotsspace@=\muskip11
\c@parentequation=\count147
\dspbrk@lvl=\count148
\tag@help=\toks30
\row@=\count149
\column@=\count150
\maxfields@=\count151
\andhelp@=\toks31
\eqnshift@=\dimen174
\alignsep@=\dimen175
\tagshift@=\dimen176
\tagwidth@=\dimen177
\totwidth@=\dimen178
\lineht@=\dimen179
\@envbody=\toks32
\multlinegap=\skip52
\multlinetaggap=\skip53
\mathdisplay@stack=\toks33
LaTeX Info: Redefining \[ on input line 2666.
LaTeX Info: Redefining \] on input line 2667.
)
(/usr/share/texlive/texmf-dist/tex/latex/amscls/amsthm.sty
Package: amsthm 2009/07/02 v2.20.1
\thm@style=\toks34
\thm@bodyfont=\toks35
\thm@headfont=\toks36
\thm@notefont=\toks37
\thm@headpunct=\toks38
\thm@preskip=\skip54
\thm@postskip=\skip55
\thm@headsep=\skip56
\dth@everypar=\toks39
)
\c@theorem=\count152
)
(/usr/share/texmf/tex/latex/beamer/base/beamerbasethemes.sty
Package: beamerbasethemes 2010/05/01  (rcs-revision efa082c6111d)
))
(/usr/share/texmf/tex/latex/beamer/base/themes/theme/beamerthemedefault.sty
Package: beamerthemedefault 2010/06/17  (rcs-revision d02a7cf4d8ae)

(/usr/share/texmf/tex/latex/beamer/base/themes/font/beamerfontthemedefault.sty
Package: beamerfontthemedefault 2010/06/17  (rcs-revision d02a7cf4d8ae)
)
(/usr/share/texmf/tex/latex/beamer/base/themes/color/beamercolorthemedefault.st
y
Package: beamercolorthemedefault 2010/06/17  (rcs-revision d02a7cf4d8ae)
)
(/usr/share/texmf/tex/latex/beamer/base/themes/inner/beamerinnerthemedefault.st
y
Package: beamerinnerthemedefault 2010/06/17  (rcs-revision d02a7cf4d8ae)
\beamer@dima=\dimen180
\beamer@dimb=\dimen181
)
(/usr/share/texmf/tex/latex/beamer/base/themes/outer/beamerouterthemedefault.st
y
Package: beamerouterthemedefault 2010/06/17  (rcs-revision d02a7cf4d8ae)
))) (./minted.sty
Package: minted 2011/09/17 v1.7 Yet another Pygments shim for LaTeX

(/usr/share/texlive/texmf-dist/tex/latex/fancyvrb/fancyvrb.sty
Package: fancyvrb 2008/02/07

Style option: `fancyvrb' v2.7a, with DG/SPQR fixes, and firstline=lastline fix 
<2008/02/07> (tvz)
\FV@CodeLineNo=\count153
\FV@InFile=\read2
\FV@TabBox=\box53
\c@FancyVerbLine=\count154
\FV@StepNumber=\count155
\FV@OutFile=\write5
) (/usr/share/texlive/texmf-dist/tex/latex/float/float.sty
Package: float 2001/11/08 v1.3d Float enhancements (AL)
\c@float@type=\count156
\float@exts=\toks40
\float@box=\box54
\@float@everytoks=\toks41
\@floatcapt=\box55
)
(/usr/share/texlive/texmf-dist/tex/latex/base/ifthen.sty
Package: ifthen 2001/05/26 v1.1c Standard LaTeX ifthen package (DPC)
)
(/usr/share/texlive/texmf-dist/tex/latex/tools/calc.sty
Package: calc 2007/08/22 v4.3 Infix arithmetic (KKT,FJ)
\calc@Acount=\count157
\calc@Bcount=\count158
\calc@Adimen=\dimen182
\calc@Bdimen=\dimen183
\calc@Askip=\skip57
\calc@Bskip=\skip58
LaTeX Info: Redefining \setlength on input line 76.
LaTeX Info: Redefining \addtolength on input line 77.
\calc@Ccount=\count159
\calc@Cskip=\skip59
)
(/usr/share/texlive/texmf-dist/tex/latex/ifplatform/ifplatform.sty
Package: ifplatform 2010/10/22 v0.4 Testing for the operating system

(/usr/share/texlive/texmf-dist/tex/generic/oberdiek/catchfile.sty
Package: catchfile 2011/03/01 v1.6 Catch the contents of a file (HO)
)
runsystem(uname -s > "CursP_4.w18")...executed.


(./CursP_4.w18)
runsystem(rm -- "CursP_4.w18")...executed.

)
\minted@bgbox=\box56
\minted@code=\write6
\@float@every@listing=\toks42
\c@listing=\count160
)
runsystem(which pygmentize && touch CursP_4.aex)...executed.

runsystem(rm CursP_4.aex)...executed.

 (/usr/share/texlive/texmf-dist/tex/generic/babel/babel.sty
Package: babel 2008/07/08 v3.8m The Babel package

(/usr/share/texlive/texmf-dist/tex/generic/babel/english.ldf
Language: english 2005/03/30 v3.3o English support from the babel system

(/usr/share/texlive/texmf-dist/tex/generic/babel/babel.def
File: babel.def 2008/07/08 v3.8m Babel common definitions
LaTeX Info: Redefining \textlatin on input line 82.
\babel@savecnt=\count161
\U@D=\dimen184
)
\l@british = a dialect from \language\l@english 
\l@UKenglish = a dialect from \language\l@english 
\l@canadian = a dialect from \language\l@american 
\l@australian = a dialect from \language\l@british 
\l@newzealand = a dialect from \language\l@british 
))
(/usr/share/texlive/texmf-dist/tex/latex/base/inputenc.sty
Package: inputenc 2008/03/30 v1.1d Input encoding file
\inpenc@prehook=\toks43
\inpenc@posthook=\toks44

(/usr/share/texlive/texmf-dist/tex/latex/ucs/utf8x.def
File: utf8x.def 2004/10/17 UCS: Input encoding UTF-8
))
(/usr/share/texlive/texmf-dist/tex/latex/ucs/ucs.sty
Package: ucs 2004/10/17 UCS: Unicode input support

(/usr/share/texlive/texmf-dist/tex/latex/ucs/data/uni-global.def
File: uni-global.def 2012/04/20 UCS: Unicode global data
)
\uc@secondtry=\count162
\uc@combtoks=\toks45
\uc@combtoksb=\toks46
\uc@temptokena=\toks47
)
(./format.tex
(/usr/share/texmf/tex/latex/beamer/base/themes/theme/beamerthemeWarsaw.sty
Package: beamerthemeWarsaw 2010/06/17  (rcs-revision d02a7cf4d8ae)

(/usr/share/texmf/tex/latex/beamer/base/themes/inner/beamerinnerthemerounded.st
y
Package: beamerinnerthemerounded 2010/06/17  (rcs-revision d02a7cf4d8ae)
)
(/usr/share/texmf/tex/latex/beamer/base/themes/outer/beamerouterthemeshadow.sty
Package: beamerouterthemeshadow 2010/06/17  (rcs-revision d02a7cf4d8ae)
(/usr/share/texmf/tex/latex/beamer/base/themes/outer/beamerouterthemesplit.sty
Package: beamerouterthemesplit 2010/06/17  (rcs-revision d02a7cf4d8ae)
))
(/usr/share/texmf/tex/latex/beamer/base/themes/color/beamercolorthemeorchid.sty
Package: beamercolorthemeorchid 2010/06/17  (rcs-revision d02a7cf4d8ae)
)
(/usr/share/texmf/tex/latex/beamer/base/themes/color/beamercolorthemewhale.sty
Package: beamercolorthemewhale 2010/06/17  (rcs-revision d02a7cf4d8ae)
))
(/usr/share/texmf/tex/latex/beamer/base/themes/color/beamercolorthemedolphin.st
y
Package: beamercolorthemedolphin 2010/06/17  (rcs-revision d02a7cf4d8ae)
) (/usr/share/texmf/tex/latex/beamer/base/themes/font/beamerfontthemeserif.sty
Package: beamerfontthemeserif 2010/06/17  (rcs-revision d02a7cf4d8ae)
)) (./header.tex (/usr/share/texlive/texmf-dist/tex/latex/amsfonts/umsa.fd
File: umsa.fd 2009/06/22 v3.00 AMS symbols A
)
(/usr/share/texlive/texmf-dist/tex/latex/amsfonts/umsb.fd
File: umsb.fd 2009/06/22 v3.00 AMS symbols B
)

Package hyperref Warning: Token not allowed in a PDF string (PDFDocEncoding):
(hyperref)                removing `math shift' on input line 2.


Package hyperref Warning: Token not allowed in a PDF string (PDFDocEncoding):
(hyperref)                removing `superscript' on input line 2.


Package hyperref Warning: Token not allowed in a PDF string (PDFDocEncoding):
(hyperref)                removing `math shift' on input line 2.

) (./CursP_4.aux)
\openout1 = `CursP_4.aux'.

LaTeX Font Info:    Checking defaults for OML/cmm/m/it on input line 23.
LaTeX Font Info:    ... okay on input line 23.
LaTeX Font Info:    Checking defaults for T1/cmr/m/n on input line 23.
LaTeX Font Info:    ... okay on input line 23.
LaTeX Font Info:    Checking defaults for OT1/cmr/m/n on input line 23.
LaTeX Font Info:    ... okay on input line 23.
LaTeX Font Info:    Checking defaults for OMS/cmsy/m/n on input line 23.
LaTeX Font Info:    ... okay on input line 23.
LaTeX Font Info:    Checking defaults for OMX/cmex/m/n on input line 23.
LaTeX Font Info:    ... okay on input line 23.
LaTeX Font Info:    Checking defaults for U/cmr/m/n on input line 23.
LaTeX Font Info:    ... okay on input line 23.
LaTeX Font Info:    Checking defaults for PD1/pdf/m/n on input line 23.
LaTeX Font Info:    ... okay on input line 23.

*geometry* driver: auto-detecting
*geometry* detected driver: pdftex
*geometry* verbose mode - [ preamble ] result:
* driver: pdftex
* paper: custom
* layout: <same size as paper>
* layoutoffset:(h,v)=(0.0pt,0.0pt)
* modes: includehead includefoot 
* h-part:(L,W,R)=(28.45274pt, 307.28987pt, 28.45274pt)
* v-part:(T,H,B)=(0.0pt, 273.14662pt, 0.0pt)
* \paperwidth=364.19536pt
* \paperheight=273.14662pt
* \textwidth=307.28987pt
* \textheight=244.6939pt
* \oddsidemargin=-43.81725pt
* \evensidemargin=-43.81725pt
* \topmargin=-72.26999pt
* \headheight=14.22636pt
* \headsep=0.0pt
* \topskip=10.0pt
* \footskip=14.22636pt
* \marginparwidth=3.0pt
* \marginparsep=11.0pt
* \columnsep=10.0pt
* \skip\footins=9.0pt plus 4.0pt minus 2.0pt
* \hoffset=0.0pt
* \voffset=0.0pt
* \mag=1000
* \@twocolumnfalse
* \@twosidefalse
* \@mparswitchfalse
* \@reversemarginfalse
* (1in=72.27pt=25.4mm, 1cm=28.453pt)

(/usr/share/texlive/texmf-dist/tex/context/base/supp-pdf.mkii
[Loading MPS to PDF converter (version 2006.09.02).]
\scratchcounter=\count163
\scratchdimen=\dimen185
\scratchbox=\box57
\nofMPsegments=\count164
\nofMParguments=\count165
\everyMPshowfont=\toks48
\MPscratchCnt=\count166
\MPscratchDim=\dimen186
\MPnumerator=\count167
\makeMPintoPDFobject=\count168
\everyMPtoPDFconversion=\toks49
) (/usr/share/texlive/texmf-dist/tex/latex/oberdiek/epstopdf-base.sty
Package: epstopdf-base 2010/02/09 v2.5 Base part for package epstopdf

(/usr/share/texlive/texmf-dist/tex/latex/oberdiek/grfext.sty
Package: grfext 2010/08/19 v1.1 Manage graphics extensions (HO)
)
Package grfext Info: Graphics extension search list:
(grfext)             [.png,.pdf,.jpg,.mps,.jpeg,.jbig2,.jb2,.PNG,.PDF,.JPG,.JPE
G,.JBIG2,.JB2,.eps]
(grfext)             \AppendGraphicsExtensions on input line 452.

(/usr/share/texlive/texmf-dist/tex/latex/latexconfig/epstopdf-sys.cfg
File: epstopdf-sys.cfg 2010/07/13 v1.3 Configuration of (r)epstopdf for TeX Liv
e
))
ABD: EveryShipout initializing macros
\AtBeginShipoutBox=\box58
Package hyperref Info: Link coloring ON on input line 23.

(/usr/share/texlive/texmf-dist/tex/latex/hyperref/nameref.sty
Package: nameref 2010/04/30 v2.40 Cross-referencing by name of section

(/usr/share/texlive/texmf-dist/tex/generic/oberdiek/gettitlestring.sty
Package: gettitlestring 2010/12/03 v1.4 Cleanup title references (HO)
)
\c@section@level=\count169
)
LaTeX Info: Redefining \ref on input line 23.
LaTeX Info: Redefining \pageref on input line 23.
LaTeX Info: Redefining \nameref on input line 23.

(./CursP_4.out) (./CursP_4.out)
\@outlinefile=\write7
\openout7 = `CursP_4.out'.


(/usr/share/texmf/tex/latex/beamer/base/translator/dicts/translator-basic-dicti
onary/translator-basic-dictionary-English.dict
Dictionary: translator-basic-dictionary, Language: English 
)
(/usr/share/texmf/tex/latex/beamer/base/translator/dicts/translator-bibliograph
y-dictionary/translator-bibliography-dictionary-English.dict
Dictionary: translator-bibliography-dictionary, Language: English 
)
(/usr/share/texmf/tex/latex/beamer/base/translator/dicts/translator-environment
-dictionary/translator-environment-dictionary-English.dict
Dictionary: translator-environment-dictionary, Language: English 
)
(/usr/share/texmf/tex/latex/beamer/base/translator/dicts/translator-months-dict
ionary/translator-months-dictionary-English.dict
Dictionary: translator-months-dictionary, Language: English 
)
(/usr/share/texmf/tex/latex/beamer/base/translator/dicts/translator-numbers-dic
tionary/translator-numbers-dictionary-English.dict
Dictionary: translator-numbers-dictionary, Language: English 
)
(/usr/share/texmf/tex/latex/beamer/base/translator/dicts/translator-theorem-dic
tionary/translator-theorem-dictionary-English.dict
Dictionary: translator-theorem-dictionary, Language: English 
)
runsystem(pygmentize -S default -f latex > CursP_4.pyg)...executed.

 (./CursP_4.pyg)
(/usr/share/texlive/texmf-dist/tex/latex/ucs/ucsencs.def
File: ucsencs.def 2011/01/21 Fixes to fontencodings LGR, T3
) (./CursP_4.nav)
[1

{/var/lib/texmf/fonts/map/pdftex/updmap/pdftex.map}] (./CursP_4.toc)

LaTeX Font Warning: Font shape `OT1/cmr/m/n' in size <4> not available
(Font)              size <5> substituted on input line 35.

[2

] [3


]
\openout4 = `CursP_4.vrb'.

 (./CursP_4.vrb <figs/machine.jpg, id=212, 501.875pt x 335.2525pt>
File: figs/machine.jpg Graphic file (type jpg)

<use figs/machine.jpg>
Package pdftex.def Info: figs/machine.jpg used on input line 4.
(pdftex.def)             Requested size: 245.83282pt x 164.21889pt.
) [4

 <./figs/machine.jpg>]
\openout4 = `CursP_4.vrb'.

 (./CursP_4.vrb) [5

]
\openout4 = `CursP_4.vrb'.


(./CursP_4.vrb) [6

]
\openout4 = `CursP_4.vrb'.

 (./CursP_4.vrb) [7

]
\openout4 = `CursP_4.vrb'.

 (./CursP_4.vrb) [8

]
\openout4 = `CursP_4.vrb'.

 (./CursP_4.vrb)
[9

]
\openout4 = `CursP_4.vrb'.

 (./CursP_4.vrb) [10

]
\openout4 = `CursP_4.vrb'.

 (./CursP_4.vrb
\openout5 = `CursP_4.pyg'.

runsystem(pygmentize -l python -f latex -F tokenmerge      -P mathescape       
-P "verboptions= ,frame=lines,frame=lines,frame=lines" -o CursP_4.out.pyg CursP
_4.pyg)...executed.

 (./CursP_4.out.pyg)
runsystem(rm CursP_4.out.pyg)...executed.

runsystem(rm CursP_4.pyg)...executed.

) [11

]
\openout4 = `CursP_4.vrb'.


(./CursP_4.vrb
\openout5 = `CursP_4.pyg'.

runsystem(pygmentize -l python -f latex -F tokenmerge      -P mathescape       
-P "verboptions= ,frame=lines,frame=lines,frame=lines" -o CursP_4.out.pyg CursP
_4.pyg)...executed.

 (./CursP_4.out.pyg)
runsystem(rm CursP_4.out.pyg)...executed.

runsystem(rm CursP_4.pyg)...executed.

) [12

]
\openout4 = `CursP_4.vrb'.

 (./CursP_4.vrb) [13

]
\openout4 = `CursP_4.vrb'.

 (./CursP_4.vrb
\openout5 = `CursP_4.pyg'.

runsystem(pygmentize -l python -f latex -F tokenmerge      -P mathescape       
-P "verboptions= ,frame=lines,frame=lines,frame=lines" -o CursP_4.out.pyg CursP
_4.pyg)...executed.


(./CursP_4.out.pyg
LaTeX Font Info:    Font shape `OT1/cmtt/bx/n' in size <9> not available
(Font)              Font shape `OT1/cmtt/m/n' tried instead on input line 2.
)
runsystem(rm CursP_4.out.pyg)...executed.

runsystem(rm CursP_4.pyg)...executed.

) [14

]
\openout4 = `CursP_4.vrb'.

 (./CursP_4.vrb
\openout5 = `CursP_4.pyg'.

runsystem(pygmentize -l python -f latex -F tokenmerge      -P mathescape       
-P "verboptions= ,frame=lines,frame=lines,frame=lines" -o CursP_4.out.pyg CursP
_4.pyg)...executed.

 (./CursP_4.out.pyg)
runsystem(rm CursP_4.out.pyg)...executed.

runsystem(rm CursP_4.pyg)...executed.

)
Overfull \vbox (7.46858pt too high) detected at line 235
 []

[15

]
\openout4 = `CursP_4.vrb'.

 (./CursP_4.vrb
\openout5 = `CursP_4.pyg'.

runsystem(pygmentize -l python -f latex -F tokenmerge      -P mathescape       
-P "verboptions= ,frame=lines,frame=lines,frame=lines" -o CursP_4.out.pyg CursP
_4.pyg)...executed.

 (./CursP_4.out.pyg
LaTeX Font Info:    Font shape `OT1/cmtt/bx/n' in size <10> not available
(Font)              Font shape `OT1/cmtt/m/n' tried instead on input line 2.
)
runsystem(rm CursP_4.out.pyg)...executed.

runsystem(rm CursP_4.pyg)...executed.

) [16

]
\openout4 = `CursP_4.vrb'.

 (./CursP_4.vrb)
Overfull \vbox (10.49474pt too high) has occurred while \output is active []


[17

]
\openout4 = `CursP_4.vrb'.

 (./CursP_4.vrb
\openout5 = `CursP_4.pyg'.

runsystem(pygmentize -l python -f latex -F tokenmerge      -P mathescape       
-P "verboptions= ,frame=lines" -o CursP_4.out.pyg CursP_4.pyg)...executed.

 (./CursP_4.out.pyg)
runsystem(rm CursP_4.out.pyg)...executed.

runsystem(rm CursP_4.pyg)...executed.


<plwfigis/CursP_4_figure2.pdf, id=674, 578.16pt x 433.62pt>
File: plwfigis/CursP_4_figure2.pdf Graphic file (type pdf)

<use plwfigis/CursP_4_figure2.pdf>
Package pdftex.def Info: plwfigis/CursP_4_figure2.pdf used on input line 18.
(pdftex.def)             Requested size: 122.91406pt x 92.18108pt.
)
Overfull \vbox (10.49474pt too high) has occurred while \output is active []


[18

 <./plwfigis/CursP_4_figure2.pdf>]
\openout4 = `CursP_4.vrb'.

 (./CursP_4.vrb)
Overfull \vbox (10.49474pt too high) has occurred while \output is active []


[19

]
\openout4 = `CursP_4.vrb'.

 (./CursP_4.vrb)
Overfull \vbox (10.49474pt too high) has occurred while \output is active []


[20

]
\openout4 = `CursP_4.vrb'.

 (./CursP_4.vrb <figs/randomdata.png, id=801, 578.16pt x 433.62pt>
File: figs/randomdata.png Graphic file (type png)

<use figs/randomdata.png>
Package pdftex.def Info: figs/randomdata.png used on input line 4.
(pdftex.def)             Requested size: 261.19826pt x 195.89471pt.
)
Overfull \vbox (10.49474pt too high) has occurred while \output is active []


[21

 <./figs/randomdata.png>]
\openout4 = `CursP_4.vrb'.

 (./CursP_4.vrb
\openout5 = `CursP_4.pyg'.

runsystem(pygmentize -l python -f latex -F tokenmerge      -P mathescape       
-P "verboptions= ,frame=lines" -o CursP_4.out.pyg CursP_4.pyg)...executed.

 (./CursP_4.out.pyg)
runsystem(rm CursP_4.out.pyg)...executed.

runsystem(rm CursP_4.pyg)...executed.

)
Overfull \vbox (10.49474pt too high) has occurred while \output is active []


[22

]
\openout4 = `CursP_4.vrb'.

 (./CursP_4.vrb
<plwfigis/CursP_4_figure4.pdf, id=875, 578.16pt x 433.62pt>
File: plwfigis/CursP_4_figure4.pdf Graphic file (type pdf)

<use plwfigis/CursP_4_figure4.pdf>
Package pdftex.def Info: plwfigis/CursP_4_figure4.pdf used on input line 5.
(pdftex.def)             Requested size: 307.28987pt x 230.46591pt.
)
Overfull \vbox (10.49474pt too high) has occurred while \output is active []


[23

 <./plwfigis/CursP_4_figure4.pdf>]
\openout4 = `CursP_4.vrb'.

 (./CursP_4.vrb)
Overfull \vbox (10.49474pt too high) has occurred while \output is active []


[24

]
\openout4 = `CursP_4.vrb'.

 (./CursP_4.vrb
<figs/similitude/Slide1.PNG, id=959, 210.03468pt x 176.91093pt>
File: figs/similitude/Slide1.PNG Graphic file (type png)

<use figs/similitude/Slide1.PNG>
Package pdftex.def Info: figs/similitude/Slide1.PNG used on input line 4.
(pdftex.def)             Requested size: 168.02797pt x 141.52893pt.
)
Overfull \vbox (10.49474pt too high) has occurred while \output is active []


[25

 <./figs/similitude/Slide1.PNG>] (./CursP_4.vrb
<figs/similitude/Slide4.PNG, id=999, 438.13687pt x 285.31593pt>
File: figs/similitude/Slide4.PNG Graphic file (type png)

<use figs/similitude/Slide4.PNG>
Package pdftex.def Info: figs/similitude/Slide4.PNG used on input line 5.
(pdftex.def)             Requested size: 306.69371pt x 199.71979pt.
)
Overfull \vbox (9.63838pt too high) detected at line 404
 []


Overfull \vbox (10.49474pt too high) has occurred while \output is active []


[26

 <./figs/similitude/Slide4.PNG>] (./CursP_4.vrb
<figs/similitude/Slide5.PNG, id=1036, 255.95625pt x 157.33781pt>
File: figs/similitude/Slide5.PNG Graphic file (type png)

<use figs/similitude/Slide5.PNG>
Package pdftex.def Info: figs/similitude/Slide5.PNG used on input line 6.
(pdftex.def)             Requested size: 204.76526pt x 125.8704pt.
)
Overfull \vbox (10.49474pt too high) has occurred while \output is active []


[27

 <./figs/similitude/Slide5.PNG>] (./CursP_4.vrb
<figs/similitude/Slide3.PNG, id=1074, 296.60812pt x 167.87718pt>
File: figs/similitude/Slide3.PNG Graphic file (type png)

<use figs/similitude/Slide3.PNG>
Package pdftex.def Info: figs/similitude/Slide3.PNG used on input line 7.
(pdftex.def)             Requested size: 237.2868pt x 134.30193pt.
)
Overfull \vbox (10.49474pt too high) has occurred while \output is active []


[28

 <./figs/similitude/Slide3.PNG>] (./CursP_4.vrb
<figs/similitude/Slide2.PNG, id=1110, 322.20375pt x 197.23688pt>
File: figs/similitude/Slide2.PNG Graphic file (type png)

<use figs/similitude/Slide2.PNG>
Package pdftex.def Info: figs/similitude/Slide2.PNG used on input line 8.
(pdftex.def)             Requested size: 257.76334pt x 157.78969pt.
)
Overfull \vbox (10.49474pt too high) has occurred while \output is active []


[29

 <./figs/similitude/Slide2.PNG>]
\openout4 = `CursP_4.vrb'.

 (./CursP_4.vrb
<figs/clustering.png, id=1146, 713.66624pt x 484.81125pt>
File: figs/clustering.png Graphic file (type png)

<use figs/clustering.png>
Package pdftex.def Info: figs/clustering.png used on input line 4.
(pdftex.def)             Requested size: 276.559pt x 187.86981pt.
)
Overfull \vbox (10.49474pt too high) has occurred while \output is active []


[30

 <./figs/clustering.png (PNG copy)>]
\openout4 = `CursP_4.vrb'.

 (./CursP_4.vrb)
Overfull \vbox (10.49474pt too high) has occurred while \output is active []


[31

]
\openout4 = `CursP_4.vrb'.

 (./CursP_4.vrb

Package amsmath Warning: Foreign command \over;
(amsmath)                \frac or \genfrac should be used instead
(amsmath)                 on input line 7.

)
Overfull \vbox (10.49474pt too high) has occurred while \output is active []


[32

] (./CursP_4.vrb)
Overfull \vbox (10.49474pt too high) has occurred while \output is active []


[33

]
\openout4 = `CursP_4.vrb'.

 (./CursP_4.vrb
<plwfigis/CursP_4_figure5.pdf, id=1292, 578.16pt x 433.62pt>
File: plwfigis/CursP_4_figure5.pdf Graphic file (type pdf)

<use plwfigis/CursP_4_figure5.pdf>
Package pdftex.def Info: plwfigis/CursP_4_figure5.pdf used on input line 16.
(pdftex.def)             Requested size: 153.64493pt x 115.23296pt.
)
Overfull \vbox (10.49474pt too high) has occurred while \output is active []


[34

 <./plwfigis/CursP_4_figure5.pdf>]
\openout4 = `CursP_4.vrb'.

 (./CursP_4.vrb)
Overfull \vbox (10.49474pt too high) has occurred while \output is active []


[35

]
Overfull \vbox (10.49474pt too high) has occurred while \output is active []


[36

]
Overfull \vbox (10.49474pt too high) has occurred while \output is active []


[37

]
Overfull \vbox (10.49474pt too high) has occurred while \output is active []


[38

]
Overfull \vbox (10.49474pt too high) has occurred while \output is active []


[39

]
Overfull \vbox (10.49474pt too high) has occurred while \output is active []


[40

]
Overfull \vbox (10.49474pt too high) has occurred while \output is active []


[41

] <figs/center.png, id=1592, 132.495pt x 122.859pt>
File: figs/center.png Graphic file (type png)
 <use figs/center.png>
Package pdftex.def Info: figs/center.png used on input line 514.
(pdftex.def)             Requested size: 184.3758pt x 170.97969pt.

Overfull \vbox (10.49474pt too high) has occurred while \output is active []


[42

 <./figs/center.png>] <figs/pca1.png, id=1629, 294.3798pt x 230.7822pt>
File: figs/pca1.png Graphic file (type png)

<use figs/pca1.png>
Package pdftex.def Info: figs/pca1.png used on input line 523.
(pdftex.def)             Requested size: 184.3758pt x 144.54488pt.

Overfull \vbox (10.49474pt too high) has occurred while \output is active []


[43

 <./figs/pca1.png>] <figs/pca2.png, id=1667, 330.9966pt x 302.0886pt>
File: figs/pca2.png Graphic file (type png)

<use figs/pca2.png>
Package pdftex.def Info: figs/pca2.png used on input line 531.
(pdftex.def)             Requested size: 184.3758pt x 168.27881pt.

Overfull \vbox (10.49474pt too high) has occurred while \output is active []


[44

 <./figs/pca2.png>] <figs/pca3.png, id=1705, 649.4664pt x 198.0198pt>
File: figs/pca3.png Graphic file (type png)

<use figs/pca3.png>
Package pdftex.def Info: figs/pca3.png used on input line 558.
(pdftex.def)             Requested size: 307.28987pt x 93.69478pt.
 <figs/pcab1.png, id=1706, 149.8398pt x 137.313pt>
File: figs/pcab1.png Graphic file (type png)

<use figs/pcab1.png>
Package pdftex.def Info: figs/pcab1.png used on input line 558.
(pdftex.def)             Requested size: 92.1879pt x 84.48155pt.
 <figs/pcab2.png, id=1707, 168.63pt x 119.4864pt>
File: figs/pcab2.png Graphic file (type png)

<use figs/pcab2.png>
Package pdftex.def Info: figs/pcab2.png used on input line 558.
(pdftex.def)             Requested size: 92.1879pt x 65.32207pt.
 <figs/pcab3.png, id=1708, 169.1118pt x 115.632pt>
File: figs/pcab3.png Graphic file (type png)

<use figs/pcab3.png>
Package pdftex.def Info: figs/pcab3.png used on input line 558.
(pdftex.def)             Requested size: 92.1879pt x 63.03494pt.

Overfull \vbox (10.49474pt too high) has occurred while \output is active []


[45

 <./figs/pca3.png> <./figs/pcab1.png> <./figs/pcab2.png> <./figs/pcab3.png>]
File: figs/pca3.png Graphic file (type png)
<use figs/pca3.png>
Package pdftex.def Info: figs/pca3.png used on input line 558.
(pdftex.def)             Requested size: 307.28987pt x 93.69478pt.
File: figs/pcab1.png Graphic file (type png)
 <use figs/pcab1.png>
Package pdftex.def Info: figs/pcab1.png used on input line 558.
(pdftex.def)             Requested size: 92.1879pt x 84.48155pt.
File: figs/pcab2.png Graphic file (type png)
 <use figs/pcab2.png>
Package pdftex.def Info: figs/pcab2.png used on input line 558.
(pdftex.def)             Requested size: 92.1879pt x 65.32207pt.
File: figs/pcab3.png Graphic file (type png)

<use figs/pcab3.png>
Package pdftex.def Info: figs/pcab3.png used on input line 558.
(pdftex.def)             Requested size: 92.1879pt x 63.03494pt.

Overfull \vbox (10.49474pt too high) has occurred while \output is active []


[46

]
File: figs/pca3.png Graphic file (type png)
 <use figs/pca3.png>
Package pdftex.def Info: figs/pca3.png used on input line 558.
(pdftex.def)             Requested size: 307.28987pt x 93.69478pt.
File: figs/pcab1.png Graphic file (type png)
 <use figs/pcab1.png>
Package pdftex.def Info: figs/pcab1.png used on input line 558.
(pdftex.def)             Requested size: 92.1879pt x 84.48155pt.
File: figs/pcab2.png Graphic file (type png)
 <use figs/pcab2.png>
Package pdftex.def Info: figs/pcab2.png used on input line 558.
(pdftex.def)             Requested size: 92.1879pt x 65.32207pt.
File: figs/pcab3.png Graphic file (type png)

<use figs/pcab3.png>
Package pdftex.def Info: figs/pcab3.png used on input line 558.
(pdftex.def)             Requested size: 92.1879pt x 63.03494pt.

Overfull \vbox (10.49474pt too high) has occurred while \output is active []


[47

]
File: figs/pca3.png Graphic file (type png)
 <use figs/pca3.png>
Package pdftex.def Info: figs/pca3.png used on input line 558.
(pdftex.def)             Requested size: 307.28987pt x 93.69478pt.
File: figs/pcab1.png Graphic file (type png)
 <use figs/pcab1.png>
Package pdftex.def Info: figs/pcab1.png used on input line 558.
(pdftex.def)             Requested size: 92.1879pt x 84.48155pt.
File: figs/pcab2.png Graphic file (type png)
 <use figs/pcab2.png>
Package pdftex.def Info: figs/pcab2.png used on input line 558.
(pdftex.def)             Requested size: 92.1879pt x 65.32207pt.
File: figs/pcab3.png Graphic file (type png)

<use figs/pcab3.png>
Package pdftex.def Info: figs/pcab3.png used on input line 558.
(pdftex.def)             Requested size: 92.1879pt x 63.03494pt.

Overfull \vbox (10.49474pt too high) has occurred while \output is active []


[48

]
\openout4 = `CursP_4.vrb'.

 (./CursP_4.vrb
\openout5 = `CursP_4.pyg'.

runsystem(pygmentize -l python -f latex -F tokenmerge      -P mathescape       
-P "verboptions= ,frame=lines" -o CursP_4.out.pyg CursP_4.pyg)...executed.

 (./CursP_4.out.pyg)
runsystem(rm CursP_4.out.pyg)...executed.

runsystem(rm CursP_4.pyg)...executed.

\openout5 = `CursP_4.pyg'.

runsystem(pygmentize -l python -f latex -F tokenmerge      -P mathescape       
-P "verboptions= ,frame=lines" -o CursP_4.out.pyg CursP_4.pyg)...executed.

 (./CursP_4.out.pyg)
runsystem(rm CursP_4.out.pyg)...executed.

runsystem(rm CursP_4.pyg)...executed.

)
Overfull \vbox (10.49474pt too high) has occurred while \output is active []


[49

]
\openout4 = `CursP_4.vrb'.

 (./CursP_4.vrb <figs/iris.jpg, id=1890, 578.16pt x 578.16pt>
File: figs/iris.jpg Graphic file (type jpg)

<use figs/iris.jpg>
Package pdftex.def Info: figs/iris.jpg used on input line 5.
(pdftex.def)             Requested size: 122.91406pt x 122.9081pt.

<plwfigis/CursP_4_figure8.pdf, id=1891, 578.16pt x 433.62pt>
File: plwfigis/CursP_4_figure8.pdf Graphic file (type pdf)

<use plwfigis/CursP_4_figure8.pdf>
Package pdftex.def Info: plwfigis/CursP_4_figure8.pdf used on input line 9.
(pdftex.def)             Requested size: 184.3758pt x 138.27823pt.
)
Overfull \vbox (10.49474pt too high) has occurred while \output is active []


[50

 <./figs/iris.jpg> <./plwfigis/CursP_4_figure8.pdf>]
\openout4 = `CursP_4.vrb'.

 (./CursP_4.vrb
\openout5 = `CursP_4.pyg'.

runsystem(pygmentize -l python -f latex -F tokenmerge      -P mathescape       
-P "verboptions= ,frame=lines" -o CursP_4.out.pyg CursP_4.pyg)...executed.


(./CursP_4.out.pyg)
runsystem(rm CursP_4.out.pyg)...executed.

runsystem(rm CursP_4.pyg)...executed.

)
Overfull \vbox (10.49474pt too high) has occurred while \output is active []


[51

]
\openout4 = `CursP_4.vrb'.

 (./CursP_4.vrb
\openout5 = `CursP_4.pyg'.

runsystem(pygmentize -l python -f latex -F tokenmerge      -P mathescape       
-P "verboptions= ,frame=lines" -o CursP_4.out.pyg CursP_4.pyg)...executed.

 (./CursP_4.out.pyg)
runsystem(rm CursP_4.out.pyg)...executed.

runsystem(rm CursP_4.pyg)...executed.


<plwfigis/CursP_4_figure11.pdf, id=1991, 578.16pt x 433.62pt>
File: plwfigis/CursP_4_figure11.pdf Graphic file (type pdf)

<use plwfigis/CursP_4_figure11.pdf>
Package pdftex.def Info: plwfigis/CursP_4_figure11.pdf used on input line 17.
(pdftex.def)             Requested size: 153.64493pt x 115.23296pt.
)
Overfull \vbox (10.49474pt too high) has occurred while \output is active []


[52

 <./plwfigis/CursP_4_figure11.pdf>]
\openout4 = `CursP_4.vrb'.

 (./CursP_4.vrb)
Overfull \vbox (10.49474pt too high) has occurred while \output is active []


[53

]
\openout4 = `CursP_4.vrb'.

 (./CursP_4.vrb <figs/classifiers.png, id=2080, 1734.48pt x 578.16pt>
File: figs/classifiers.png Graphic file (type png)

<use figs/classifiers.png>
Package pdftex.def Info: figs/classifiers.png used on input line 6.
(pdftex.def)             Requested size: 338.02072pt x 112.66576pt.

Overfull \hbox (30.73085pt too wide) in paragraph at lines 6--7
 [] 
 []

)
Overfull \vbox (10.49474pt too high) has occurred while \output is active []


[54

 <./figs/classifiers.png>]
\openout4 = `CursP_4.vrb'.

 (./CursP_4.vrb
\openout5 = `CursP_4.pyg'.

runsystem(pygmentize -l python -f latex -F tokenmerge      -P mathescape       
-P "verboptions= ,frame=lines" -o CursP_4.out.pyg CursP_4.pyg)...executed.

 (./CursP_4.out.pyg)
runsystem(rm CursP_4.out.pyg)...executed.

runsystem(rm CursP_4.pyg)...executed.

)
Overfull \vbox (10.49474pt too high) has occurred while \output is active []


[55

]
\openout4 = `CursP_4.vrb'.

 (./CursP_4.vrb
\openout5 = `CursP_4.pyg'.

runsystem(pygmentize -l python -f latex -F tokenmerge      -P mathescape       
-P "verboptions= ,frame=lines" -o CursP_4.out.pyg CursP_4.pyg)...executed.

 (./CursP_4.out.pyg)
runsystem(rm CursP_4.out.pyg)...executed.

runsystem(rm CursP_4.pyg)...executed.

)
Overfull \vbox (10.49474pt too high) has occurred while \output is active []


[56

]
\openout4 = `CursP_4.vrb'.

 (./CursP_4.vrb)
Overfull \vbox (10.49474pt too high) has occurred while \output is active []


[57

]
\openout4 = `CursP_4.vrb'.

 (./CursP_4.vrb
\openout5 = `CursP_4.pyg'.

runsystem(pygmentize -l python -f latex -F tokenmerge      -P mathescape       
-P "verboptions= ,frame=lines" -o CursP_4.out.pyg CursP_4.pyg)...executed.

 (./CursP_4.out.pyg)
runsystem(rm CursP_4.out.pyg)...executed.

runsystem(rm CursP_4.pyg)...executed.

\openout5 = `CursP_4.pyg'.

runsystem(pygmentize -l python -f latex -F tokenmerge      -P mathescape       
-P "verboptions= ,frame=lines,frame=lines,frame=lines" -o CursP_4.out.pyg CursP
_4.pyg)...executed.

 (./CursP_4.out.pyg)
runsystem(rm CursP_4.out.pyg)...executed.

runsystem(rm CursP_4.pyg)...executed.

)
Overfull \vbox (10.49474pt too high) has occurred while \output is active []


[58

]
\openout4 = `CursP_4.vrb'.

 (./CursP_4.vrb <figs/imnotlying.png, id=2258, 361.35pt x 401.5pt>
File: figs/imnotlying.png Graphic file (type png)

<use figs/imnotlying.png>
Package pdftex.def Info: figs/imnotlying.png used on input line 4.
(pdftex.def)             Requested size: 153.64493pt x 170.71794pt.
)
Overfull \vbox (10.49474pt too high) has occurred while \output is active []


[59

 <./figs/imnotlying.png>]
Overfull \vbox (10.49474pt too high) has occurred while \output is active []


[60

]
Overfull \vbox (10.49474pt too high) has occurred while \output is active []


[61

] <figs/2vars.png, id=2368, 325.215pt x 295.3434pt>
File: figs/2vars.png Graphic file (type png)
 <use figs/2vars.png>
Package pdftex.def Info: figs/2vars.png used on input line 798.
(pdftex.def)             Requested size: 184.3758pt x 167.44617pt.

Overfull \vbox (10.49474pt too high) has occurred while \output is active []


[62

 <./figs/2vars.png>] <figs/crossval.png, id=2405, 644.6484pt x 428.3202pt>
File: figs/crossval.png Graphic file (type png)

<use figs/crossval.png>
Package pdftex.def Info: figs/crossval.png used on input line 808.
(pdftex.def)             Requested size: 215.10196pt x 142.91464pt.

Overfull \vbox (10.49474pt too high) has occurred while \output is active []


[63

 <./figs/crossval.png>]
\openout4 = `CursP_4.vrb'.

 (./CursP_4.vrb
\openout5 = `CursP_4.pyg'.

runsystem(pygmentize -l python -f latex -F tokenmerge      -P mathescape       
-P "verboptions= ,frame=lines" -o CursP_4.out.pyg CursP_4.pyg)...executed.

 (./CursP_4.out.pyg)
runsystem(rm CursP_4.out.pyg)...executed.

runsystem(rm CursP_4.pyg)...executed.

\openout5 = `CursP_4.pyg'.

runsystem(pygmentize -l python -f latex -F tokenmerge      -P mathescape       
-P "verboptions= ,frame=lines" -o CursP_4.out.pyg CursP_4.pyg)...executed.


(./CursP_4.out.pyg)
runsystem(rm CursP_4.out.pyg)...executed.

runsystem(rm CursP_4.pyg)...executed.

)
Overfull \vbox (10.49474pt too high) has occurred while \output is active []


[64

] (./CursP_4.vrb
\openout5 = `CursP_4.pyg'.

runsystem(pygmentize -l python -f latex -F tokenmerge      -P mathescape       
-P "verboptions= ,frame=lines" -o CursP_4.out.pyg CursP_4.pyg)...executed.

 (./CursP_4.out.pyg)
runsystem(rm CursP_4.out.pyg)...executed.

runsystem(rm CursP_4.pyg)...executed.

\openout5 = `CursP_4.pyg'.

runsystem(pygmentize -l python -f latex -F tokenmerge      -P mathescape       
-P "verboptions= ,frame=lines" -o CursP_4.out.pyg CursP_4.pyg)...executed.

 (./CursP_4.out.pyg)
runsystem(rm CursP_4.out.pyg)...executed.

runsystem(rm CursP_4.pyg)...executed.

)
Overfull \vbox (10.49474pt too high) has occurred while \output is active []


[65

]
\openout4 = `CursP_4.vrb'.

 (./CursP_4.vrb
\openout5 = `CursP_4.pyg'.

runsystem(pygmentize -l python -f latex -F tokenmerge      -P mathescape       
-P "verboptions= ,frame=lines" -o CursP_4.out.pyg CursP_4.pyg)...executed.

 (./CursP_4.out.pyg)
runsystem(rm CursP_4.out.pyg)...executed.

runsystem(rm CursP_4.pyg)...executed.

)
Overfull \vbox (10.49474pt too high) has occurred while \output is active []


[66

]
\openout4 = `CursP_4.vrb'.

 (./CursP_4.vrb
\openout5 = `CursP_4.pyg'.

runsystem(pygmentize -l python -f latex -F tokenmerge      -P mathescape       
-P "verboptions= ,frame=lines" -o CursP_4.out.pyg CursP_4.pyg)...executed.

 (./CursP_4.out.pyg)
runsystem(rm CursP_4.out.pyg)...executed.

runsystem(rm CursP_4.pyg)...executed.

)
Overfull \vbox (10.49474pt too high) has occurred while \output is active []


[67

]
\openout4 = `CursP_4.vrb'.

 (./CursP_4.vrb)
Overfull \vbox (10.49474pt too high) has occurred while \output is active []


[68

] [69

] <figs/congreso.png, id=2651, 385.9218pt x 285.7074pt>
File: figs/congreso.png Graphic file (type png)

<use figs/congreso.png>
Package pdftex.def Info: figs/congreso.png used on input line 951.
(pdftex.def)             Requested size: 230.46739pt x 170.6236pt.
 [70

 <./figs/congreso.png>]
<figs/dipulassalle.png, id=2689, 234.6366pt x 149.8398pt>
File: figs/dipulassalle.png Graphic file (type png)

<use figs/dipulassalle.png>
Package pdftex.def Info: figs/dipulassalle.png used on input line 951.
(pdftex.def)             Requested size: 245.83282pt x 156.99574pt.
 [71

 <./figs/dipulassalle.png>]
<figs/diputxell.png, id=2724, 241.8636pt x 151.2852pt>
File: figs/diputxell.png Graphic file (type png)

<use figs/diputxell.png>
Package pdftex.def Info: figs/diputxell.png used on input line 951.
(pdftex.def)             Requested size: 245.83282pt x 153.76868pt.
 [72

 <./figs/diputxell.png>]
<figs/dipujose.png, id=2759, 439.8834pt x 238.0092pt>
File: figs/dipujose.png Graphic file (type png)
 <use figs/dipujose.png>
Package pdftex.def Info: figs/dipujose.png used on input line 951.
(pdftex.def)             Requested size: 245.83282pt x 133.01549pt.

[73

 <./figs/dipujose.png>]
<figs/dipurajoy.png, id=2795, 416.2752pt x 222.1098pt>
File: figs/dipurajoy.png Graphic file (type png)

<use figs/dipurajoy.png>
Package pdftex.def Info: figs/dipurajoy.png used on input line 951.
(pdftex.def)             Requested size: 245.83282pt x 131.16904pt.
 [74

 <./figs/dipurajoy.png>]
<figs/features.png, id=2829, 560.8152pt x 203.3196pt>
File: figs/features.png Graphic file (type png)
 <use figs/features.png>
Package pdftex.def Info: figs/features.png used on input line 963.
(pdftex.def)             Requested size: 261.19826pt x 94.69464pt.

[75

 <./figs/features.png>] [76

]
\openout4 = `CursP_4.vrb'.

 (./CursP_4.vrb
\openout5 = `CursP_4.pyg'.

runsystem(pygmentize -l python -f latex -F tokenmerge      -P mathescape       
-P "verboptions= ,frame=lines,frame=lines,frame=lines" -o CursP_4.out.pyg CursP
_4.pyg)...executed.

 (./CursP_4.out.pyg)
runsystem(rm CursP_4.out.pyg)...executed.

runsystem(rm CursP_4.pyg)...executed.

\openout5 = `CursP_4.pyg'.

runsystem(pygmentize -l python -f latex -F tokenmerge      -P mathescape       
-P "verboptions= ,frame=lines,frame=lines,frame=lines" -o CursP_4.out.pyg CursP
_4.pyg)...executed.


(./CursP_4.out.pyg)
runsystem(rm CursP_4.out.pyg)...executed.

runsystem(rm CursP_4.pyg)...executed.

) [77

]
\openout4 = `CursP_4.vrb'.

 (./CursP_4.vrb
\openout5 = `CursP_4.pyg'.

runsystem(pygmentize -l python -f latex -F tokenmerge      -P mathescape       
-P "verboptions= ,frame=lines,frame=lines,frame=lines" -o CursP_4.out.pyg CursP
_4.pyg)...executed.

 (./CursP_4.out.pyg
LaTeX Font Info:    Font shape `OT1/cmtt/bx/n' in size <5> not available
(Font)              Font shape `OT1/cmtt/m/n' tried instead on input line 2.
)
runsystem(rm CursP_4.out.pyg)...executed.

runsystem(rm CursP_4.pyg)...executed.

) [78

]
\openout4 = `CursP_4.vrb'.


(./CursP_4.vrb
\openout5 = `CursP_4.pyg'.

runsystem(pygmentize -l python -f latex -F tokenmerge      -P mathescape       
-P "verboptions= ,frame=lines,frame=lines,frame=lines" -o CursP_4.out.pyg CursP
_4.pyg)...executed.

 (./CursP_4.out.pyg)
runsystem(rm CursP_4.out.pyg)...executed.

runsystem(rm CursP_4.pyg)...executed.

) [79

]
\openout4 = `CursP_4.vrb'.

 (./CursP_4.vrb
\openout5 = `CursP_4.pyg'.

runsystem(pygmentize -l python -f latex -F tokenmerge      -P mathescape       
-P "verboptions= ,frame=lines" -o CursP_4.out.pyg CursP_4.pyg)...executed.

 (./CursP_4.out.pyg)
runsystem(rm CursP_4.out.pyg)...executed.

runsystem(rm CursP_4.pyg)...executed.

)
[80

]
\openout4 = `CursP_4.vrb'.

 (./CursP_4.vrb
<plwfigis/CursP_4_figure20.pdf, id=3033, 578.16pt x 433.62pt>
File: plwfigis/CursP_4_figure20.pdf Graphic file (type pdf)

<use plwfigis/CursP_4_figure20.pdf>
Package pdftex.def Info: plwfigis/CursP_4_figure20.pdf used on input line 5.
(pdftex.def)             Requested size: 215.10196pt x 161.3235pt.
) [81

 <./plwfigis/CursP_4_figure20.pdf>]
\openout4 = `CursP_4.vrb'.


(./CursP_4.vrb
\openout5 = `CursP_4.pyg'.

runsystem(pygmentize -l python -f latex -F tokenmerge      -P mathescape       
-P "verboptions= ,frame=lines" -o CursP_4.out.pyg CursP_4.pyg)...executed.

 (./CursP_4.out.pyg)
runsystem(rm CursP_4.out.pyg)...executed.

runsystem(rm CursP_4.pyg)...executed.


<plwfigis/CursP_4_figure22.pdf, id=3086, 578.16pt x 433.62pt>
File: plwfigis/CursP_4_figure22.pdf Graphic file (type pdf)

<use plwfigis/CursP_4_figure22.pdf>
Package pdftex.def Info: plwfigis/CursP_4_figure22.pdf used on input line 15.
(pdftex.def)             Requested size: 215.10196pt x 161.3235pt.
)
Overfull \vbox (19.04208pt too high) detected at line 1121
 []

[82

 <./plwfigis/CursP_4_figure22.pdf>]
\openout4 = `CursP_4.vrb'.

 (./CursP_4.vrb
\openout5 = `CursP_4.pyg'.

runsystem(pygmentize -l python -f latex -F tokenmerge      -P mathescape       
-P "verboptions= ,frame=lines" -o CursP_4.out.pyg CursP_4.pyg)...executed.

 (./CursP_4.out.pyg)
runsystem(rm CursP_4.out.pyg)...executed.

runsystem(rm CursP_4.pyg)...executed.


<plwfigis/CursP_4_figure23.pdf, id=3138, 578.16pt x 433.62pt>
File: plwfigis/CursP_4_figure23.pdf Graphic file (type pdf)

<use plwfigis/CursP_4_figure23.pdf>
Package pdftex.def Info: plwfigis/CursP_4_figure23.pdf used on input line 11.
(pdftex.def)             Requested size: 245.83282pt x 184.36876pt.
)
Overfull \vbox (8.30957pt too high) detected at line 1139
 []

[83

 <./plwfigis/CursP_4_figure23.pdf>]
\openout4 = `CursP_4.vrb'.

 (./CursP_4.vrb
\openout5 = `CursP_4.pyg'.

runsystem(pygmentize -l python -f latex -F tokenmerge      -P mathescape       
-P "verboptions= ,frame=lines" -o CursP_4.out.pyg CursP_4.pyg)...executed.

 (./CursP_4.out.pyg)
runsystem(rm CursP_4.out.pyg)...executed.

runsystem(rm CursP_4.pyg)...executed.

)
[84

]
\openout4 = `CursP_4.vrb'.

 (./CursP_4.vrb
\openout5 = `CursP_4.pyg'.

runsystem(pygmentize -l python -f latex -F tokenmerge      -P mathescape       
-P "verboptions= ,frame=lines" -o CursP_4.out.pyg CursP_4.pyg)...executed.

 (./CursP_4.out.pyg)
runsystem(rm CursP_4.out.pyg)...executed.

runsystem(rm CursP_4.pyg)...executed.

) [85

]
\openout4 = `CursP_4.vrb'.

 (./CursP_4.vrb
\openout5 = `CursP_4.pyg'.

runsystem(pygmentize -l python -f latex -F tokenmerge      -P mathescape       
-P "verboptions= ,frame=lines" -o CursP_4.out.pyg CursP_4.pyg)...executed.

 (./CursP_4.out.pyg)
runsystem(rm CursP_4.out.pyg)...executed.

runsystem(rm CursP_4.pyg)...executed.

) [86

]
\openout4 = `CursP_4.vrb'.

 (./CursP_4.vrb
\openout5 = `CursP_4.pyg'.

runsystem(pygmentize -l python -f latex -F tokenmerge      -P mathescape       
-P "verboptions= ,frame=lines" -o CursP_4.out.pyg CursP_4.pyg)...executed.

 (./CursP_4.out.pyg)
runsystem(rm CursP_4.out.pyg)...executed.

runsystem(rm CursP_4.pyg)...executed.

) [87

]
\openout4 = `CursP_4.vrb'.

 (./CursP_4.vrb
<plwfigis/CursP_4_figure28.pdf, id=3321, 650.43pt x 216.81pt>
File: plwfigis/CursP_4_figure28.pdf Graphic file (type pdf)

<use plwfigis/CursP_4_figure28.pdf>
Package pdftex.def Info: plwfigis/CursP_4_figure28.pdf used on input line 3.
(pdftex.def)             Requested size: 307.28987pt x 102.43333pt.
) [88

 <./plwfigis/CursP_4_figure28.pdf>]
\openout4 = `CursP_4.vrb'.


(./CursP_4.vrb
\openout5 = `CursP_4.pyg'.

runsystem(pygmentize -l python -f latex -F tokenmerge      -P mathescape       
-P "verboptions= ,frame=lines" -o CursP_4.out.pyg CursP_4.pyg)...executed.

 (./CursP_4.out.pyg)
runsystem(rm CursP_4.out.pyg)...executed.

runsystem(rm CursP_4.pyg)...executed.

) [89

]
\openout4 = `CursP_4.vrb'.

 (./CursP_4.vrb
<plwfigis/CursP_4_figure30.pdf, id=3397, 650.43pt x 216.81pt>
File: plwfigis/CursP_4_figure30.pdf Graphic file (type pdf)

<use plwfigis/CursP_4_figure30.pdf>
Package pdftex.def Info: plwfigis/CursP_4_figure30.pdf used on input line 3.
(pdftex.def)             Requested size: 307.28987pt x 102.43333pt.
) [90

 <./plwfigis/CursP_4_figure30.pdf>]
\openout4 = `CursP_4.vrb'.


(./CursP_4.vrb
\openout5 = `CursP_4.pyg'.

runsystem(pygmentize -l python -f latex -F tokenmerge      -P mathescape       
-P "verboptions= ,frame=lines" -o CursP_4.out.pyg CursP_4.pyg)...executed.

 (./CursP_4.out.pyg)
runsystem(rm CursP_4.out.pyg)...executed.

runsystem(rm CursP_4.pyg)...executed.

) [91

]
\openout4 = `CursP_4.vrb'.

 (./CursP_4.vrb
<plwfigis/CursP_4_figure32.pdf, id=3490, 650.43pt x 216.81pt>
File: plwfigis/CursP_4_figure32.pdf Graphic file (type pdf)

<use plwfigis/CursP_4_figure32.pdf>
Package pdftex.def Info: plwfigis/CursP_4_figure32.pdf used on input line 3.
(pdftex.def)             Requested size: 307.28987pt x 102.43333pt.
) [92

 <./plwfigis/CursP_4_figure32.pdf>]
\openout4 = `CursP_4.vrb'.


(./CursP_4.vrb
\openout5 = `CursP_4.pyg'.

runsystem(pygmentize -l python -f latex -F tokenmerge      -P mathescape       
-P "verboptions= ,frame=lines,frame=lines,frame=lines" -o CursP_4.out.pyg CursP
_4.pyg)...executed.

 (./CursP_4.out.pyg)
runsystem(rm CursP_4.out.pyg)...executed.

runsystem(rm CursP_4.pyg)...executed.

) [93

]
\openout4 = `CursP_4.vrb'.

 (./CursP_4.vrb
\openout5 = `CursP_4.pyg'.

runsystem(pygmentize -l python -f latex -F tokenmerge      -P mathescape       
-P "verboptions= ,frame=lines" -o CursP_4.out.pyg CursP_4.pyg)...executed.

 (./CursP_4.out.pyg)
runsystem(rm CursP_4.out.pyg)...executed.

runsystem(rm CursP_4.pyg)...executed.


<plwfigis/CursP_4_figure33.pdf, id=3570, 578.16pt x 433.62pt>
File: plwfigis/CursP_4_figure33.pdf Graphic file (type pdf)

<use plwfigis/CursP_4_figure33.pdf>
Package pdftex.def Info: plwfigis/CursP_4_figure33.pdf used on input line 10.
(pdftex.def)             Requested size: 307.28987pt x 230.46591pt.
)
Overfull \vbox (72.9345pt too high) detected at line 1332
 []

[94

 <./plwfigis/CursP_4_figure33.pdf>]
\openout4 = `CursP_4.vrb'.

 (./CursP_4.vrb) [95

]
\openout4 = `CursP_4.vrb'.

 (./CursP_4.vrb
\openout5 = `CursP_4.pyg'.

runsystem(pygmentize -l python -f latex -F tokenmerge      -P mathescape       
-P "verboptions= ,frame=lines" -o CursP_4.out.pyg CursP_4.pyg)...executed.


(./CursP_4.out.pyg)
runsystem(rm CursP_4.out.pyg)...executed.

runsystem(rm CursP_4.pyg)...executed.

) [96

]
\openout4 = `CursP_4.vrb'.

 (./CursP_4.vrb
\openout5 = `CursP_4.pyg'.

runsystem(pygmentize -l python -f latex -F tokenmerge      -P mathescape       
-P "verboptions= ,frame=lines" -o CursP_4.out.pyg CursP_4.pyg)...executed.

 (./CursP_4.out.pyg)
runsystem(rm CursP_4.out.pyg)...executed.

runsystem(rm CursP_4.pyg)...executed.

) [97

]
\openout4 = `CursP_4.vrb'.


(./CursP_4.vrb
\openout5 = `CursP_4.pyg'.

runsystem(pygmentize -l python -f latex -F tokenmerge      -P mathescape       
-P "verboptions= ,frame=lines" -o CursP_4.out.pyg CursP_4.pyg)...executed.

 (./CursP_4.out.pyg)
runsystem(rm CursP_4.out.pyg)...executed.

runsystem(rm CursP_4.pyg)...executed.

) [98

]
\openout4 = `CursP_4.vrb'.

 (./CursP_4.vrb
\openout5 = `CursP_4.pyg'.

runsystem(pygmentize -l python -f latex -F tokenmerge      -P mathescape       
-P "verboptions= ,frame=lines" -o CursP_4.out.pyg CursP_4.pyg)...executed.

 (./CursP_4.out.pyg)
runsystem(rm CursP_4.out.pyg)...executed.

runsystem(rm CursP_4.pyg)...executed.

)
[99

]
\openout4 = `CursP_4.vrb'.

 (./CursP_4.vrb
\openout5 = `CursP_4.pyg'.

runsystem(pygmentize -l python -f latex -F tokenmerge      -P mathescape       
-P "verboptions= ,frame=lines" -o CursP_4.out.pyg CursP_4.pyg)...executed.

 (./CursP_4.out.pyg)
runsystem(rm CursP_4.out.pyg)...executed.

runsystem(rm CursP_4.pyg)...executed.

) [100

]
\openout4 = `CursP_4.vrb'.

 (./CursP_4.vrb
\openout5 = `CursP_4.pyg'.

runsystem(pygmentize -l python -f latex -F tokenmerge      -P mathescape       
-P "verboptions= ,frame=lines" -o CursP_4.out.pyg CursP_4.pyg)...executed.


(./CursP_4.out.pyg)
runsystem(rm CursP_4.out.pyg)...executed.

runsystem(rm CursP_4.pyg)...executed.

) [101

]
\openout4 = `CursP_4.vrb'.

 (./CursP_4.vrb
\openout5 = `CursP_4.pyg'.

runsystem(pygmentize -l python -f latex -F tokenmerge      -P mathescape       
-P "verboptions= ,frame=lines" -o CursP_4.out.pyg CursP_4.pyg)...executed.

 (./CursP_4.out.pyg)
runsystem(rm CursP_4.out.pyg)...executed.

runsystem(rm CursP_4.pyg)...executed.

) [102

]
\openout4 = `CursP_4.vrb'.


(./CursP_4.vrb
\openout5 = `CursP_4.pyg'.

runsystem(pygmentize -l python -f latex -F tokenmerge      -P mathescape       
-P "verboptions= ,frame=lines" -o CursP_4.out.pyg CursP_4.pyg)...executed.

 (./CursP_4.out.pyg)
runsystem(rm CursP_4.out.pyg)...executed.

runsystem(rm CursP_4.pyg)...executed.

) [103

]
\tf@nav=\write8
\openout8 = `CursP_4.nav'.

\tf@toc=\write9
\openout9 = `CursP_4.toc'.

\tf@snm=\write10
\openout10 = `CursP_4.snm'.

Package atveryend Info: Empty hook `BeforeClearDocument' on input line 1485.
Package atveryend Info: Empty hook `AfterLastShipout' on input line 1485.
 (./CursP_4.aux)
Package atveryend Info: Executing hook `AtVeryEndDocument' on input line 1485.
Package atveryend Info: Executing hook `AtEndAfterFileList' on input line 1485.

Package rerunfilecheck Info: File `CursP_4.out' has not changed.
(rerunfilecheck)             Checksum: 71E7A4B31889E811433CEFD5FDB1EA15;986.


LaTeX Font Warning: Size substitutions with differences
(Font)              up to 1.0pt have occurred.

Package atveryend Info: Empty hook `AtVeryVeryEnd' on input line 1485.
 ) 
Here is how much of TeX's memory you used:
 17931 strings out of 495059
 328735 string characters out of 3182029
 419367 words of memory out of 3000000
 20140 multiletter control sequences out of 15000+200000
 10528 words of font info for 43 fonts, out of 3000000 for 9000
 14 hyphenation exceptions out of 8191
 49i,19n,70p,428b,839s stack positions out of 5000i,500n,10000p,200000b,50000s
</usr/share/texlive/texmf-dist/fonts/type1/public/amsfonts/cm/cmex10.pfb></us
r/share/texlive/texmf-dist/fonts/type1/public/amsfonts/cm/cmitt10.pfb></usr/sha
re/texlive/texmf-dist/fonts/type1/public/amsfonts/cm/cmmi10.pfb></usr/share/tex
live/texmf-dist/fonts/type1/public/amsfonts/cm/cmmi5.pfb></usr/share/texlive/te
xmf-dist/fonts/type1/public/amsfonts/cm/cmmi7.pfb></usr/share/texlive/texmf-dis
t/fonts/type1/public/amsfonts/cm/cmr10.pfb></usr/share/texlive/texmf-dist/fonts
/type1/public/amsfonts/cm/cmr12.pfb></usr/share/texlive/texmf-dist/fonts/type1/
public/amsfonts/cm/cmr5.pfb></usr/share/texlive/texmf-dist/fonts/type1/public/a
msfonts/cm/cmr7.pfb></usr/share/texlive/texmf-dist/fonts/type1/public/amsfonts/
cm/cmr8.pfb></usr/share/texlive/texmf-dist/fonts/type1/public/amsfonts/cm/cmr9.
pfb></usr/share/texlive/texmf-dist/fonts/type1/public/amsfonts/cm/cmsy10.pfb></
usr/share/texlive/texmf-dist/fonts/type1/public/amsfonts/cm/cmsy5.pfb></usr/sha
re/texlive/texmf-dist/fonts/type1/public/amsfonts/cm/cmsy7.pfb></usr/share/texl
ive/texmf-dist/fonts/type1/public/amsfonts/cm/cmti10.pfb></usr/share/texlive/te
xmf-dist/fonts/type1/public/amsfonts/cm/cmtt10.pfb></usr/share/texlive/texmf-di
st/fonts/type1/public/amsfonts/cm/cmtt8.pfb></usr/share/texlive/texmf-dist/font
s/type1/public/amsfonts/cm/cmtt9.pfb></usr/share/texlive/texmf-dist/fonts/type1
/public/amsfonts/symbols/msbm10.pfb>
Output written on CursP_4.pdf (103 pages, 5206978 bytes).
PDF statistics:
 4146 PDF objects out of 4296 (max. 8388607)
 3733 compressed objects within 38 object streams
 235 named destinations out of 1000 (max. 500000)
 403 words of extra memory for PDF output out of 10000 (max. 10000000)

