This is pdfTeX, Version 3.1415926-2.4-1.40.13 (TeX Live 2012/Debian) (format=pdflatex 2013.6.30)  2 JUL 2013 09:19
entering extended mode
 \write18 enabled.
 %&-line parsing enabled.
**Python_RPi_Part_3
(./Python_RPi_Part_3.tex
LaTeX2e <2011/06/27>
Babel <v3.8m> and hyphenation patterns for english, dumylang, nohyphenation, et
hiopic, farsi, arabic, pinyin, croatian, bulgarian, ukrainian, russian, slovak,
 czech, danish, dutch, usenglishmax, ukenglish, finnish, french, basque, ngerma
n, german, swissgerman, ngerman-x-2012-05-30, german-x-2012-05-30, monogreek, g
reek, ibycus, ancientgreek, hungarian, bengali, tamil, hindi, telugu, gujarati,
 sanskrit, malayalam, kannada, assamese, marathi, oriya, panjabi, italian, lati
n, latvian, lithuanian, mongolian, mongolianlmc, nynorsk, bokmal, indonesian, e
speranto, coptic, welsh, irish, interlingua, serbian, serbianc, slovenian, friu
lan, romansh, estonian, romanian, armenian, uppersorbian, turkish, afrikaans, i
celandic, kurmanji, polish, portuguese, galician, catalan, spanish, swedish, th
ai, loaded.
(./flashmovie/flashmovie.sty
(/usr/share/texlive/texmf-dist/tex/latex/graphics/keyval.sty
Package: keyval 1999/03/16 v1.13 key=value parser (DPC)
\KV@toks@=\toks14
)
(/usr/share/texlive/texmf-dist/tex/latex/base/ifthen.sty
Package: ifthen 2001/05/26 v1.1c Standard LaTeX ifthen package (DPC)
)
\flashmovie@width=\skip41
\flashmovie@height=\skip42
\flashmovie@content=\box26
)
(/usr/share/texmf/tex/latex/beamer/base/beamer.cls
(/usr/share/texmf/tex/latex/beamer/base/beamerbasercs.sty
Package: beamerbasercs 2010/06/12 (rcs-revision c3821710bb40)
)
Document Class: beamer 2010/06/21 development version 3.10 A class for typesett
ing presentations (rcs-revision a6b1a8434d30)
(/usr/share/texmf/tex/latex/beamer/base/beamerbasemodes.sty
Package: beamerbasemodes 2010/05/01 (rcs-revision efa082c6111d)
\beamer@tempbox=\box27
\beamer@tempcount=\count79
\c@beamerpauses=\count80

(/usr/share/texmf/tex/latex/beamer/base/beamerbasedecode.sty
Package: beamerbasedecode 2010/05/01 (rcs-revision efa082c6111d)
\beamer@slideinframe=\count81
\beamer@minimum=\count82
)
\beamer@commentbox=\box28
\beamer@modecount=\count83
)
\headheight=\dimen102
\headdp=\dimen103
\footheight=\dimen104
\sidebarheight=\dimen105
\beamer@tempdim=\dimen106
\beamer@finalheight=\dimen107
\beamer@animht=\dimen108
\beamer@animdp=\dimen109
\beamer@animwd=\dimen110
\beamer@leftmargin=\dimen111
\beamer@rightmargin=\dimen112
\beamer@leftsidebar=\dimen113
\beamer@rightsidebar=\dimen114
\beamer@boxsize=\dimen115
\beamer@vboxoffset=\dimen116
\beamer@descdefault=\dimen117
\beamer@descriptionwidth=\dimen118
\beamer@lastskip=\skip43
\beamer@areabox=\box29
\beamer@animcurrent=\box30
\beamer@animshowbox=\box31
\beamer@sectionbox=\box32
\beamer@logobox=\box33
\beamer@linebox=\box34
\beamer@sectioncount=\count84
\beamer@subsubsectionmax=\count85
\beamer@subsectionmax=\count86
\beamer@sectionmax=\count87
\beamer@totalheads=\count88
\beamer@headcounter=\count89
\beamer@partstartpage=\count90
\beamer@sectionstartpage=\count91
\beamer@subsectionstartpage=\count92
\beamer@animationtempa=\count93
\beamer@animationtempb=\count94
\beamer@xpos=\count95
\beamer@ypos=\count96
\beamer@showpartnumber=\count97
\beamer@currentsubsection=\count98
\beamer@coveringdepth=\count99
\beamer@sectionadjust=\count100
\beamer@tocsectionnumber=\count101

(/usr/share/texmf/tex/latex/beamer/base/beamerbaseoptions.sty
Package: beamerbaseoptions 2010/04/27 (rcs-revision 982469101dd6)
)
\beamer@paperwidth=\skip44
\beamer@paperheight=\skip45

(/usr/share/texlive/texmf-dist/tex/latex/geometry/geometry.sty
Package: geometry 2010/09/12 v5.6 Page Geometry

(/usr/share/texlive/texmf-dist/tex/generic/oberdiek/ifpdf.sty
Package: ifpdf 2011/01/30 v2.3 Provides the ifpdf switch (HO)
Package ifpdf Info: pdfTeX in PDF mode is detected.
)
(/usr/share/texlive/texmf-dist/tex/generic/oberdiek/ifvtex.sty
Package: ifvtex 2010/03/01 v1.5 Detect VTeX and its facilities (HO)
Package ifvtex Info: VTeX not detected.
)
(/usr/share/texlive/texmf-dist/tex/generic/ifxetex/ifxetex.sty
Package: ifxetex 2010/09/12 v0.6 Provides ifxetex conditional
)
\Gm@cnth=\count102
\Gm@cntv=\count103
\c@Gm@tempcnt=\count104
\Gm@bindingoffset=\dimen119
\Gm@wd@mp=\dimen120
\Gm@odd@mp=\dimen121
\Gm@even@mp=\dimen122
\Gm@layoutwidth=\dimen123
\Gm@layoutheight=\dimen124
\Gm@layouthoffset=\dimen125
\Gm@layoutvoffset=\dimen126
\Gm@dimlist=\toks15
)
(/usr/share/texlive/texmf-dist/tex/latex/base/size10.clo
File: size10.clo 2007/10/19 v1.4h Standard LaTeX file (size option)
)
(/usr/share/texmf/tex/latex/pgf/basiclayer/pgfcore.sty
(/usr/share/texlive/texmf-dist/tex/latex/graphics/graphicx.sty
Package: graphicx 1999/02/16 v1.0f Enhanced LaTeX Graphics (DPC,SPQR)

(/usr/share/texlive/texmf-dist/tex/latex/graphics/graphics.sty
Package: graphics 2009/02/05 v1.0o Standard LaTeX Graphics (DPC,SPQR)

(/usr/share/texlive/texmf-dist/tex/latex/graphics/trig.sty
Package: trig 1999/03/16 v1.09 sin cos tan (DPC)
)
(/usr/share/texlive/texmf-dist/tex/latex/latexconfig/graphics.cfg
File: graphics.cfg 2010/04/23 v1.9 graphics configuration of TeX Live
)
Package graphics Info: Driver file: pdftex.def on input line 91.

(/usr/share/texlive/texmf-dist/tex/latex/pdftex-def/pdftex.def
File: pdftex.def 2011/05/27 v0.06d Graphics/color for pdfTeX

(/usr/share/texlive/texmf-dist/tex/generic/oberdiek/infwarerr.sty
Package: infwarerr 2010/04/08 v1.3 Providing info/warning/error messages (HO)
)
(/usr/share/texlive/texmf-dist/tex/generic/oberdiek/ltxcmds.sty
Package: ltxcmds 2011/11/09 v1.22 LaTeX kernel commands for general use (HO)
)
\Gread@gobject=\count105
))
\Gin@req@height=\dimen127
\Gin@req@width=\dimen128
)
(/usr/share/texmf/tex/latex/pgf/systemlayer/pgfsys.sty
(/usr/share/texmf/tex/latex/pgf/utilities/pgfrcs.sty
(/usr/share/texmf/tex/generic/pgf/utilities/pgfutil-common.tex
\pgfutil@everybye=\toks16
)
(/usr/share/texmf/tex/generic/pgf/utilities/pgfutil-latex.def
\pgfutil@abb=\box35

(/usr/share/texlive/texmf-dist/tex/latex/ms/everyshi.sty
Package: everyshi 2001/05/15 v3.00 EveryShipout Package (MS)
))
(/usr/share/texmf/tex/generic/pgf/utilities/pgfrcs.code.tex
Package: pgfrcs 2010/10/25 v2.10 (rcs-revision 1.24)
))
(/usr/share/texmf/tex/generic/pgf/systemlayer/pgfsys.code.tex
Package: pgfsys 2010/06/30 v2.10 (rcs-revision 1.37)

(/usr/share/texmf/tex/generic/pgf/utilities/pgfkeys.code.tex
\pgfkeys@pathtoks=\toks17
\pgfkeys@temptoks=\toks18

(/usr/share/texmf/tex/generic/pgf/utilities/pgfkeysfiltered.code.tex
\pgfkeys@tmptoks=\toks19
))
\pgf@x=\dimen129
\pgf@y=\dimen130
\pgf@xa=\dimen131
\pgf@ya=\dimen132
\pgf@xb=\dimen133
\pgf@yb=\dimen134
\pgf@xc=\dimen135
\pgf@yc=\dimen136
\w@pgf@writea=\write3
\r@pgf@reada=\read1
\c@pgf@counta=\count106
\c@pgf@countb=\count107
\c@pgf@countc=\count108
\c@pgf@countd=\count109

(/usr/share/texmf/tex/generic/pgf/systemlayer/pgf.cfg
File: pgf.cfg 2008/05/14  (rcs-revision 1.7)
)
Package pgfsys Info: Driver file for pgf: pgfsys-pdftex.def on input line 900.

(/usr/share/texmf/tex/generic/pgf/systemlayer/pgfsys-pdftex.def
File: pgfsys-pdftex.def 2009/05/22  (rcs-revision 1.26)

(/usr/share/texmf/tex/generic/pgf/systemlayer/pgfsys-common-pdf.def
File: pgfsys-common-pdf.def 2008/05/19  (rcs-revision 1.10)
)))
(/usr/share/texmf/tex/generic/pgf/systemlayer/pgfsyssoftpath.code.tex
File: pgfsyssoftpath.code.tex 2008/07/18  (rcs-revision 1.7)
\pgfsyssoftpath@smallbuffer@items=\count110
\pgfsyssoftpath@bigbuffer@items=\count111
)
(/usr/share/texmf/tex/generic/pgf/systemlayer/pgfsysprotocol.code.tex
File: pgfsysprotocol.code.tex 2006/10/16  (rcs-revision 1.4)
))
(/usr/share/texmf/tex/latex/xcolor/xcolor.sty
Package: xcolor 2007/01/21 v2.11 LaTeX color extensions (UK)

(/usr/share/texlive/texmf-dist/tex/latex/latexconfig/color.cfg
File: color.cfg 2007/01/18 v1.5 color configuration of teTeX/TeXLive
)
Package xcolor Info: Driver file: pdftex.def on input line 225.
Package xcolor Info: Model `cmy' substituted by `cmy0' on input line 1337.
Package xcolor Info: Model `hsb' substituted by `rgb' on input line 1341.
Package xcolor Info: Model `RGB' extended on input line 1353.
Package xcolor Info: Model `HTML' substituted by `rgb' on input line 1355.
Package xcolor Info: Model `Hsb' substituted by `hsb' on input line 1356.
Package xcolor Info: Model `tHsb' substituted by `hsb' on input line 1357.
Package xcolor Info: Model `HSB' substituted by `hsb' on input line 1358.
Package xcolor Info: Model `Gray' substituted by `gray' on input line 1359.
Package xcolor Info: Model `wave' substituted by `hsb' on input line 1360.
)
(/usr/share/texmf/tex/generic/pgf/basiclayer/pgfcore.code.tex
Package: pgfcore 2010/04/11 v2.10 (rcs-revision 1.7)

(/usr/share/texmf/tex/generic/pgf/math/pgfmath.code.tex
(/usr/share/texmf/tex/generic/pgf/math/pgfmathcalc.code.tex
(/usr/share/texmf/tex/generic/pgf/math/pgfmathutil.code.tex)
(/usr/share/texmf/tex/generic/pgf/math/pgfmathparser.code.tex
\pgfmath@dimen=\dimen137
\pgfmath@count=\count112
\pgfmath@box=\box36
\pgfmath@toks=\toks20
\pgfmath@stack@operand=\toks21
\pgfmath@stack@operation=\toks22
)
(/usr/share/texmf/tex/generic/pgf/math/pgfmathfunctions.code.tex
(/usr/share/texmf/tex/generic/pgf/math/pgfmathfunctions.basic.code.tex)
(/usr/share/texmf/tex/generic/pgf/math/pgfmathfunctions.trigonometric.code.tex)
(/usr/share/texmf/tex/generic/pgf/math/pgfmathfunctions.random.code.tex)
(/usr/share/texmf/tex/generic/pgf/math/pgfmathfunctions.comparison.code.tex)
(/usr/share/texmf/tex/generic/pgf/math/pgfmathfunctions.base.code.tex)
(/usr/share/texmf/tex/generic/pgf/math/pgfmathfunctions.round.code.tex)
(/usr/share/texmf/tex/generic/pgf/math/pgfmathfunctions.misc.code.tex)))
(/usr/share/texmf/tex/generic/pgf/math/pgfmathfloat.code.tex
\c@pgfmathroundto@lastzeros=\count113
))
(/usr/share/texmf/tex/generic/pgf/basiclayer/pgfcorepoints.code.tex
File: pgfcorepoints.code.tex 2010/04/09  (rcs-revision 1.20)
\pgf@picminx=\dimen138
\pgf@picmaxx=\dimen139
\pgf@picminy=\dimen140
\pgf@picmaxy=\dimen141
\pgf@pathminx=\dimen142
\pgf@pathmaxx=\dimen143
\pgf@pathminy=\dimen144
\pgf@pathmaxy=\dimen145
\pgf@xx=\dimen146
\pgf@xy=\dimen147
\pgf@yx=\dimen148
\pgf@yy=\dimen149
\pgf@zx=\dimen150
\pgf@zy=\dimen151
)
(/usr/share/texmf/tex/generic/pgf/basiclayer/pgfcorepathconstruct.code.tex
File: pgfcorepathconstruct.code.tex 2010/08/03  (rcs-revision 1.24)
\pgf@path@lastx=\dimen152
\pgf@path@lasty=\dimen153
)
(/usr/share/texmf/tex/generic/pgf/basiclayer/pgfcorepathusage.code.tex
File: pgfcorepathusage.code.tex 2008/04/22  (rcs-revision 1.12)
\pgf@shorten@end@additional=\dimen154
\pgf@shorten@start@additional=\dimen155
)
(/usr/share/texmf/tex/generic/pgf/basiclayer/pgfcorescopes.code.tex
File: pgfcorescopes.code.tex 2010/09/08  (rcs-revision 1.34)
\pgfpic=\box37
\pgf@hbox=\box38
\pgf@layerbox@main=\box39
\pgf@picture@serial@count=\count114
)
(/usr/share/texmf/tex/generic/pgf/basiclayer/pgfcoregraphicstate.code.tex
File: pgfcoregraphicstate.code.tex 2008/04/22  (rcs-revision 1.9)
\pgflinewidth=\dimen156
)
(/usr/share/texmf/tex/generic/pgf/basiclayer/pgfcoretransformations.code.tex
File: pgfcoretransformations.code.tex 2009/06/10  (rcs-revision 1.11)
\pgf@pt@x=\dimen157
\pgf@pt@y=\dimen158
\pgf@pt@temp=\dimen159
)
(/usr/share/texmf/tex/generic/pgf/basiclayer/pgfcorequick.code.tex
File: pgfcorequick.code.tex 2008/10/09  (rcs-revision 1.3)
)
(/usr/share/texmf/tex/generic/pgf/basiclayer/pgfcoreobjects.code.tex
File: pgfcoreobjects.code.tex 2006/10/11  (rcs-revision 1.2)
)
(/usr/share/texmf/tex/generic/pgf/basiclayer/pgfcorepathprocessing.code.tex
File: pgfcorepathprocessing.code.tex 2008/10/09  (rcs-revision 1.8)
)
(/usr/share/texmf/tex/generic/pgf/basiclayer/pgfcorearrows.code.tex
File: pgfcorearrows.code.tex 2008/04/23  (rcs-revision 1.11)
)
(/usr/share/texmf/tex/generic/pgf/basiclayer/pgfcoreshade.code.tex
File: pgfcoreshade.code.tex 2008/11/23  (rcs-revision 1.13)
\pgf@max=\dimen160
\pgf@sys@shading@range@num=\count115
)
(/usr/share/texmf/tex/generic/pgf/basiclayer/pgfcoreimage.code.tex
File: pgfcoreimage.code.tex 2010/03/25  (rcs-revision 1.16)

(/usr/share/texmf/tex/generic/pgf/basiclayer/pgfcoreexternal.code.tex
File: pgfcoreexternal.code.tex 2010/09/01  (rcs-revision 1.17)
\pgfexternal@startupbox=\box40
))
(/usr/share/texmf/tex/generic/pgf/basiclayer/pgfcorelayers.code.tex
File: pgfcorelayers.code.tex 2010/08/27  (rcs-revision 1.2)
)
(/usr/share/texmf/tex/generic/pgf/basiclayer/pgfcoretransparency.code.tex
File: pgfcoretransparency.code.tex 2008/01/17  (rcs-revision 1.2)
)
(/usr/share/texmf/tex/generic/pgf/basiclayer/pgfcorepatterns.code.tex
File: pgfcorepatterns.code.tex 2009/07/02  (rcs-revision 1.3)
)))
(/usr/share/texmf/tex/latex/pgf/utilities/xxcolor.sty
Package: xxcolor 2003/10/24 ver 0.1
\XC@nummixins=\count116
\XC@countmixins=\count117
)
(/usr/share/texlive/texmf-dist/tex/latex/hyperref/hyperref.sty
Package: hyperref 2012/05/13 v6.82q Hypertext links for LaTeX

(/usr/share/texlive/texmf-dist/tex/generic/oberdiek/hobsub-hyperref.sty
Package: hobsub-hyperref 2012/05/28 v1.13 Bundle oberdiek, subset hyperref (HO)


(/usr/share/texlive/texmf-dist/tex/generic/oberdiek/hobsub-generic.sty
Package: hobsub-generic 2012/05/28 v1.13 Bundle oberdiek, subset generic (HO)
Package: hobsub 2012/05/28 v1.13 Construct package bundles (HO)
Package hobsub Info: Skipping package `infwarerr' (already loaded).
Package hobsub Info: Skipping package `ltxcmds' (already loaded).
Package: ifluatex 2010/03/01 v1.3 Provides the ifluatex switch (HO)
Package ifluatex Info: LuaTeX not detected.
Package hobsub Info: Skipping package `ifvtex' (already loaded).
Package: intcalc 2007/09/27 v1.1 Expandable calculations with integers (HO)
Package hobsub Info: Skipping package `ifpdf' (already loaded).
Package: etexcmds 2011/02/16 v1.5 Avoid name clashes with e-TeX commands (HO)
Package etexcmds Info: Could not find \expanded.
(etexcmds)             That can mean that you are not using pdfTeX 1.50 or
(etexcmds)             that some package has redefined \expanded.
(etexcmds)             In the latter case, load this package earlier.
Package: kvsetkeys 2012/04/25 v1.16 Key value parser (HO)
Package: kvdefinekeys 2011/04/07 v1.3 Define keys (HO)
Package: pdftexcmds 2011/11/29 v0.20 Utility functions of pdfTeX for LuaTeX (HO
)
Package pdftexcmds Info: LuaTeX not detected.
Package pdftexcmds Info: \pdf@primitive is available.
Package pdftexcmds Info: \pdf@ifprimitive is available.
Package pdftexcmds Info: \pdfdraftmode found.
Package: pdfescape 2011/11/25 v1.13 Implements pdfTeX's escape features (HO)
Package: bigintcalc 2012/04/08 v1.3 Expandable calculations on big integers (HO
)
Package: bitset 2011/01/30 v1.1 Handle bit-vector datatype (HO)
Package: uniquecounter 2011/01/30 v1.2 Provide unlimited unique counter (HO)
)
Package hobsub Info: Skipping package `hobsub' (already loaded).
Package: letltxmacro 2010/09/02 v1.4 Let assignment for LaTeX macros (HO)
Package: hopatch 2012/05/28 v1.2 Wrapper for package hooks (HO)
Package: xcolor-patch 2011/01/30 xcolor patch
Package: atveryend 2011/06/30 v1.8 Hooks at the very end of document (HO)
Package atveryend Info: \enddocument detected (standard20110627).
Package: atbegshi 2011/10/05 v1.16 At begin shipout hook (HO)
Package: refcount 2011/10/16 v3.4 Data extraction from label references (HO)
Package: hycolor 2011/01/30 v1.7 Color options for hyperref/bookmark (HO)
)
(/usr/share/texlive/texmf-dist/tex/latex/oberdiek/kvoptions.sty
Package: kvoptions 2011/06/30 v3.11 Key value format for package options (HO)
)
\@linkdim=\dimen161
\Hy@linkcounter=\count118
\Hy@pagecounter=\count119

(/usr/share/texlive/texmf-dist/tex/latex/hyperref/pd1enc.def
File: pd1enc.def 2012/05/13 v6.82q Hyperref: PDFDocEncoding definition (HO)
)
\Hy@SavedSpaceFactor=\count120

(/usr/share/texlive/texmf-dist/tex/latex/latexconfig/hyperref.cfg
File: hyperref.cfg 2002/06/06 v1.2 hyperref configuration of TeXLive
)
Package hyperref Info: Option `colorlinks' set `true' on input line 3941.
Package hyperref Info: Option `bookmarks' set `true' on input line 3941.
Package hyperref Info: Option `bookmarksopen' set `true' on input line 3941.
Package hyperref Info: Option `implicit' set `false' on input line 3941.
Package hyperref Info: Hyper figures OFF on input line 4062.
Package hyperref Info: Link nesting OFF on input line 4067.
Package hyperref Info: Hyper index ON on input line 4070.
Package hyperref Info: Plain pages OFF on input line 4077.
Package hyperref Info: Backreferencing OFF on input line 4082.
Package hyperref Info: Implicit mode OFF; no redefinition of LaTeX internals.
Package hyperref Info: Bookmarks ON on input line 4300.
\c@Hy@tempcnt=\count121

(/usr/share/texlive/texmf-dist/tex/latex/url/url.sty
\Urlmuskip=\muskip10
Package: url 2006/04/12  ver 3.3  Verb mode for urls, etc.
)
LaTeX Info: Redefining \url on input line 4653.
\Fld@menulength=\count122
\Field@Width=\dimen162
\Fld@charsize=\dimen163
Package hyperref Info: Hyper figures OFF on input line 5773.
Package hyperref Info: Link nesting OFF on input line 5778.
Package hyperref Info: Hyper index ON on input line 5781.
Package hyperref Info: backreferencing OFF on input line 5788.
Package hyperref Info: Link coloring ON on input line 5791.
Package hyperref Info: Link coloring with OCG OFF on input line 5798.
Package hyperref Info: PDF/A mode OFF on input line 5803.
LaTeX Info: Redefining \ref on input line 5843.
LaTeX Info: Redefining \pageref on input line 5847.
\Hy@abspage=\count123


Package hyperref Message: Stopped early.

)

Package hyperref Message: Driver (autodetected): hpdftex.

(/usr/share/texlive/texmf-dist/tex/latex/hyperref/hpdftex.def
File: hpdftex.def 2012/05/13 v6.82q Hyperref driver for pdfTeX
\Fld@listcount=\count124
\c@bookmark@seq@number=\count125

(/usr/share/texlive/texmf-dist/tex/latex/oberdiek/rerunfilecheck.sty
Package: rerunfilecheck 2011/04/15 v1.7 Rerun checks for auxiliary files (HO)
Package uniquecounter Info: New unique counter `rerunfilecheck' on input line 2
82.
))
(/usr/share/texmf/tex/latex/beamer/base/beamerbaserequires.sty
Package: beamerbaserequires 2010/05/01  (rcs-revision efa082c6111d)

(/usr/share/texmf/tex/latex/beamer/base/beamerbasecompatibility.sty
Package: beamerbasecompatibility 2010/07/12  (rcs-revision 6648c3177e4e)
)
(/usr/share/texmf/tex/latex/beamer/base/beamerbasefont.sty
Package: beamerbasefont 2010/05/10  (rcs-revision cd36e8a33c6b)

(/usr/share/texlive/texmf-dist/tex/latex/amsfonts/amssymb.sty
Package: amssymb 2009/06/22 v3.00

(/usr/share/texlive/texmf-dist/tex/latex/amsfonts/amsfonts.sty
Package: amsfonts 2009/06/22 v3.00 Basic AMSFonts support
\@emptytoks=\toks23
\symAMSa=\mathgroup4
\symAMSb=\mathgroup5
LaTeX Font Info:    Overwriting math alphabet `\mathfrak' in version `bold'
(Font)                  U/euf/m/n --> U/euf/b/n on input line 96.
)))
(/usr/share/texmf/tex/latex/beamer/base/beamerbasetranslator.sty
Package: beamerbasetranslator 2010/06/11  (rcs-revision 85fd1cc7fc42)

(/usr/share/texmf/tex/latex/beamer/base/translator/translator.sty
Package: translator 2010/06/12 ver 1.10

(/usr/share/texmf/tex/latex/beamer/base/translator/translator-language-mappings
.tex))) (/usr/share/texmf/tex/latex/beamer/base/beamerbasemisc.sty
Package: beamerbasemisc 2010/06/06  (rcs-revision bff0a9294b45)
)
(/usr/share/texmf/tex/latex/beamer/base/beamerbasetwoscreens.sty
Package: beamerbasetwoscreens 2010/05/01  (rcs-revision efa082c6111d)
)
(/usr/share/texmf/tex/latex/beamer/base/beamerbaseoverlay.sty
Package: beamerbaseoverlay 2010/05/07  (rcs-revision 5584dad462a9)
\beamer@argscount=\count126
\beamer@lastskipcover=\skip46
\beamer@trivlistdepth=\count127
)
(/usr/share/texmf/tex/latex/beamer/base/beamerbasetitle.sty
Package: beamerbasetitle 2010/06/12  (rcs-revision 717e481ca47a)
)
(/usr/share/texmf/tex/latex/beamer/base/beamerbasesection.sty
Package: beamerbasesection 2010/06/17  (rcs-revision e0d9401bb743)
\c@lecture=\count128
\c@part=\count129
\c@section=\count130
\c@subsection=\count131
\c@subsubsection=\count132
)
(/usr/share/texmf/tex/latex/beamer/base/beamerbaseframe.sty
Package: beamerbaseframe 2010/06/06  (rcs-revision bff0a9294b45)
\beamer@framebox=\box41
\beamer@frametitlebox=\box42
\beamer@zoombox=\box43
\beamer@zoomcount=\count133
\beamer@zoomframecount=\count134
\beamer@frametextheight=\dimen164
\c@subsectionslide=\count135
\beamer@frametopskip=\skip47
\beamer@framebottomskip=\skip48
\beamer@frametopskipautobreak=\skip49
\beamer@framebottomskipautobreak=\skip50
\beamer@envbody=\toks24
\c@framenumber=\count136
)
(/usr/share/texmf/tex/latex/beamer/base/beamerbaseverbatim.sty
Package: beamerbaseverbatim 2010/05/01  (rcs-revision efa082c6111d)
\beamer@verbatimfileout=\write4
)
(/usr/share/texmf/tex/latex/beamer/base/beamerbaseframesize.sty
Package: beamerbaseframesize 2010/06/27  (rcs-revision 6baa2d92e6f1)
\beamer@splitbox=\box44
\beamer@autobreakcount=\count137
\beamer@autobreaklastheight=\dimen165
\beamer@frametitletoks=\toks25
\beamer@framesubtitletoks=\toks26
)
(/usr/share/texmf/tex/latex/beamer/base/beamerbaseframecomponents.sty
Package: beamerbaseframecomponents 2010/07/12  (rcs-revision 09e82992d9b1)
\beamer@footins=\box45
)
(/usr/share/texmf/tex/latex/beamer/base/beamerbasecolor.sty
Package: beamerbasecolor 2010/06/06  (rcs-revision d1a9b48be06d)
)
(/usr/share/texmf/tex/latex/beamer/base/beamerbasenotes.sty
Package: beamerbasenotes 2010/05/01  (rcs-revision efa082c6111d)
\beamer@frameboxcopy=\box46
)
(/usr/share/texmf/tex/latex/beamer/base/beamerbasetoc.sty
Package: beamerbasetoc 2010/06/11  (rcs-revision 242ecaa6783b)
)
(/usr/share/texmf/tex/latex/beamer/base/beamerbasetemplates.sty
Package: beamerbasetemplates 2010/05/01  (rcs-revision efa082c6111d)
\beamer@sbttoks=\toks27

(/usr/share/texmf/tex/latex/beamer/base/beamerbaseauxtemplates.sty
Package: beamerbaseauxtemplates 2010/05/01  (rcs-revision efa082c6111d)

(/usr/share/texmf/tex/latex/beamer/base/beamerbaseboxes.sty
Package: beamerbaseboxes 2010/05/01  (rcs-revision efa082c6111d)
\bmb@box=\box47
\bmb@colorbox=\box48
\bmb@boxshadow=\box49
\bmb@boxshadowball=\box50
\bmb@boxshadowballlarge=\box51
\bmb@temp=\dimen166
\bmb@dima=\dimen167
\bmb@dimb=\dimen168
\bmb@prevheight=\dimen169
)
\beamer@blockheadheight=\dimen170
))
(/usr/share/texmf/tex/latex/beamer/base/beamerbaselocalstructure.sty
Package: beamerbaselocalstructure 2010/06/01  (rcs-revision 81f9e33f7cc2)

(/usr/share/texlive/texmf-dist/tex/latex/tools/enumerate.sty
Package: enumerate 1999/03/05 v3.00 enumerate extensions (DPC)
\@enLab=\toks28
)
\c@figure=\count138
\c@table=\count139
\abovecaptionskip=\skip51
\belowcaptionskip=\skip52
)
(/usr/share/texmf/tex/latex/beamer/base/beamerbasenavigation.sty
Package: beamerbasenavigation 2010/05/01  (rcs-revision efa082c6111d)
)
(/usr/share/texmf/tex/latex/beamer/base/beamerbasetheorems.sty
Package: beamerbasetheorems 2010/06/06  (rcs-revision 7e7cc5e53e9d)

(/usr/share/texlive/texmf-dist/tex/latex/amsmath/amsmath.sty
Package: amsmath 2000/07/18 v2.13 AMS math features
\@mathmargin=\skip53

For additional information on amsmath, use the `?' option.
(/usr/share/texlive/texmf-dist/tex/latex/amsmath/amstext.sty
Package: amstext 2000/06/29 v2.01

(/usr/share/texlive/texmf-dist/tex/latex/amsmath/amsgen.sty
File: amsgen.sty 1999/11/30 v2.0
\@emptytoks=\toks29
\ex@=\dimen171
))
(/usr/share/texlive/texmf-dist/tex/latex/amsmath/amsbsy.sty
Package: amsbsy 1999/11/29 v1.2d
\pmbraise@=\dimen172
)
(/usr/share/texlive/texmf-dist/tex/latex/amsmath/amsopn.sty
Package: amsopn 1999/12/14 v2.01 operator names
)
\inf@bad=\count140
LaTeX Info: Redefining \frac on input line 211.
\uproot@=\count141
\leftroot@=\count142
LaTeX Info: Redefining \overline on input line 307.
\classnum@=\count143
\DOTSCASE@=\count144
LaTeX Info: Redefining \ldots on input line 379.
LaTeX Info: Redefining \dots on input line 382.
LaTeX Info: Redefining \cdots on input line 467.
\Mathstrutbox@=\box52
\strutbox@=\box53
\big@size=\dimen173
LaTeX Font Info:    Redeclaring font encoding OML on input line 567.
LaTeX Font Info:    Redeclaring font encoding OMS on input line 568.
\macc@depth=\count145
\c@MaxMatrixCols=\count146
\dotsspace@=\muskip11
\c@parentequation=\count147
\dspbrk@lvl=\count148
\tag@help=\toks30
\row@=\count149
\column@=\count150
\maxfields@=\count151
\andhelp@=\toks31
\eqnshift@=\dimen174
\alignsep@=\dimen175
\tagshift@=\dimen176
\tagwidth@=\dimen177
\totwidth@=\dimen178
\lineht@=\dimen179
\@envbody=\toks32
\multlinegap=\skip54
\multlinetaggap=\skip55
\mathdisplay@stack=\toks33
LaTeX Info: Redefining \[ on input line 2666.
LaTeX Info: Redefining \] on input line 2667.
)
(/usr/share/texlive/texmf-dist/tex/latex/amscls/amsthm.sty
Package: amsthm 2009/07/02 v2.20.1
\thm@style=\toks34
\thm@bodyfont=\toks35
\thm@headfont=\toks36
\thm@notefont=\toks37
\thm@headpunct=\toks38
\thm@preskip=\skip56
\thm@postskip=\skip57
\thm@headsep=\skip58
\dth@everypar=\toks39
)
\c@theorem=\count152
)
(/usr/share/texmf/tex/latex/beamer/base/beamerbasethemes.sty
Package: beamerbasethemes 2010/05/01  (rcs-revision efa082c6111d)
))
(/usr/share/texmf/tex/latex/beamer/base/themes/theme/beamerthemedefault.sty
Package: beamerthemedefault 2010/06/17  (rcs-revision d02a7cf4d8ae)

(/usr/share/texmf/tex/latex/beamer/base/themes/font/beamerfontthemedefault.sty
Package: beamerfontthemedefault 2010/06/17  (rcs-revision d02a7cf4d8ae)
)
(/usr/share/texmf/tex/latex/beamer/base/themes/color/beamercolorthemedefault.st
y
Package: beamercolorthemedefault 2010/06/17  (rcs-revision d02a7cf4d8ae)
)
(/usr/share/texmf/tex/latex/beamer/base/themes/inner/beamerinnerthemedefault.st
y
Package: beamerinnerthemedefault 2010/06/17  (rcs-revision d02a7cf4d8ae)
\beamer@dima=\dimen180
\beamer@dimb=\dimen181
)
(/usr/share/texmf/tex/latex/beamer/base/themes/outer/beamerouterthemedefault.st
y
Package: beamerouterthemedefault 2010/06/17  (rcs-revision d02a7cf4d8ae)
))) (./minted.sty
Package: minted 2011/09/17 v1.7 Yet another Pygments shim for LaTeX

(/usr/share/texlive/texmf-dist/tex/latex/fancyvrb/fancyvrb.sty
Package: fancyvrb 2008/02/07

Style option: `fancyvrb' v2.7a, with DG/SPQR fixes, and firstline=lastline fix 
<2008/02/07> (tvz)
\FV@CodeLineNo=\count153
\FV@InFile=\read2
\FV@TabBox=\box54
\c@FancyVerbLine=\count154
\FV@StepNumber=\count155
\FV@OutFile=\write5
) (/usr/share/texlive/texmf-dist/tex/latex/float/float.sty
Package: float 2001/11/08 v1.3d Float enhancements (AL)
\c@float@type=\count156
\float@exts=\toks40
\float@box=\box55
\@float@everytoks=\toks41
\@floatcapt=\box56
)
(/usr/share/texlive/texmf-dist/tex/latex/tools/calc.sty
Package: calc 2007/08/22 v4.3 Infix arithmetic (KKT,FJ)
\calc@Acount=\count157
\calc@Bcount=\count158
\calc@Adimen=\dimen182
\calc@Bdimen=\dimen183
\calc@Askip=\skip59
\calc@Bskip=\skip60
LaTeX Info: Redefining \setlength on input line 76.
LaTeX Info: Redefining \addtolength on input line 77.
\calc@Ccount=\count159
\calc@Cskip=\skip61
)
(/usr/share/texlive/texmf-dist/tex/latex/ifplatform/ifplatform.sty
Package: ifplatform 2010/10/22 v0.4 Testing for the operating system

(/usr/share/texlive/texmf-dist/tex/generic/oberdiek/catchfile.sty
Package: catchfile 2011/03/01 v1.6 Catch the contents of a file (HO)
)
runsystem(uname -s > "Python_RPi_Part_3.w18")...executed.


(./Python_RPi_Part_3.w18)
runsystem(rm -- "Python_RPi_Part_3.w18")...executed.

)
\minted@bgbox=\box57
\minted@code=\write6
\@float@every@listing=\toks42
\c@listing=\count160
)
runsystem(which pygmentize && touch Python_RPi_Part_3.aex)...executed.

runsystem(rm Python_RPi_Part_3.aex)...executed.

 (/var/lib/texmf/tex/generic/babel/babel.sty
Package: babel 2008/07/08 v3.8m The Babel package

(/usr/share/texlive/texmf-dist/tex/generic/babel/english.ldf
Language: english 2005/03/30 v3.3o English support from the babel system

(/usr/share/texlive/texmf-dist/tex/generic/babel/babel.def
File: babel.def 2008/07/08 v3.8m Babel common definitions
LaTeX Info: Redefining \textlatin on input line 82.
\babel@savecnt=\count161
\U@D=\dimen184
)
\l@canadian = a dialect from \language\l@american 
\l@australian = a dialect from \language\l@british 
\l@newzealand = a dialect from \language\l@british 
))
(/usr/share/texlive/texmf-dist/tex/latex/base/inputenc.sty
Package: inputenc 2008/03/30 v1.1d Input encoding file
\inpenc@prehook=\toks43
\inpenc@posthook=\toks44

(/usr/share/texlive/texmf-dist/tex/latex/ucs/utf8x.def
File: utf8x.def 2004/10/17 UCS: Input encoding UTF-8
))
(/usr/share/texlive/texmf-dist/tex/latex/ucs/ucs.sty
Package: ucs 2004/10/17 UCS: Unicode input support

(/usr/share/texlive/texmf-dist/tex/latex/ucs/data/uni-global.def
File: uni-global.def 2012/04/20 UCS: Unicode global data
)
\uc@secondtry=\count162
\uc@combtoks=\toks45
\uc@combtoksb=\toks46
\uc@temptokena=\toks47
)
(/usr/share/texlive/texmf-dist/tex/latex/tools/longtable.sty
Package: longtable 2004/02/01 v4.11 Multi-page Table package (DPC)
\LTleft=\skip62
\LTright=\skip63
\LTpre=\skip64
\LTpost=\skip65
\LTchunksize=\count163
\LTcapwidth=\dimen185
\LT@head=\box58
\LT@firsthead=\box59
\LT@foot=\box60
\LT@lastfoot=\box61
\LT@cols=\count164
\LT@rows=\count165
\c@LT@tables=\count166
\c@LT@chunks=\count167
\LT@p@ftn=\toks48
)
(/usr/share/texmf/tex/latex/beamer/base/themes/theme/compatibility/beamerthemes
plit.sty
Package: beamerthemesplit 2010/06/17  (rcs-revision d02a7cf4d8ae)

(/usr/share/texmf/tex/latex/beamer/base/themes/color/beamercolorthemewhale.sty
Package: beamercolorthemewhale 2010/06/17  (rcs-revision d02a7cf4d8ae)
) (/usr/share/texmf/tex/latex/beamer/base/themes/outer/beamerouterthemesplit.st
y
Package: beamerouterthemesplit 2010/06/17  (rcs-revision d02a7cf4d8ae)
)
(/usr/share/texmf/tex/latex/beamer/base/themes/font/beamerfontthemestructurebol
d.sty
Package: beamerfontthemestructurebold 2010/06/17  (rcs-revision d02a7cf4d8ae)
)) (./format.tex
(/usr/share/texmf/tex/latex/beamer/base/themes/theme/beamerthemeWarsaw.sty
Package: beamerthemeWarsaw 2010/06/17  (rcs-revision d02a7cf4d8ae)

(/usr/share/texmf/tex/latex/beamer/base/themes/inner/beamerinnerthemerounded.st
y
Package: beamerinnerthemerounded 2010/06/17  (rcs-revision d02a7cf4d8ae)
)
(/usr/share/texmf/tex/latex/beamer/base/themes/outer/beamerouterthemeshadow.sty
Package: beamerouterthemeshadow 2010/06/17  (rcs-revision d02a7cf4d8ae)
)
(/usr/share/texmf/tex/latex/beamer/base/themes/color/beamercolorthemeorchid.sty
Package: beamercolorthemeorchid 2010/06/17  (rcs-revision d02a7cf4d8ae)
))
(/usr/share/texmf/tex/latex/beamer/base/themes/color/beamercolorthemedolphin.st
y
Package: beamercolorthemedolphin 2010/06/17  (rcs-revision d02a7cf4d8ae)
) (/usr/share/texmf/tex/latex/beamer/base/themes/font/beamerfontthemeserif.sty
Package: beamerfontthemeserif 2010/06/17  (rcs-revision d02a7cf4d8ae)
)) (./header.tex (/usr/share/texlive/texmf-dist/tex/latex/ucs/data/uni-0.def
File: uni-0.def 2012/04/20 UCS: Unicode data U+0000..U+00FF
)
(/usr/share/texlive/texmf-dist/tex/latex/amsfonts/umsa.fd
File: umsa.fd 2009/06/22 v3.00 AMS symbols A
)
(/usr/share/texlive/texmf-dist/tex/latex/amsfonts/umsb.fd
File: umsb.fd 2009/06/22 v3.00 AMS symbols B
)

Package hyperref Warning: Token not allowed in a PDF string (PDFDocEncoding):
(hyperref)                removing `math shift' on input line 2.


Package hyperref Warning: Token not allowed in a PDF string (PDFDocEncoding):
(hyperref)                removing `superscript' on input line 2.


Package hyperref Warning: Token not allowed in a PDF string (PDFDocEncoding):
(hyperref)                removing `math shift' on input line 2.

) (./Python_RPi_Part_3.aux)
\openout1 = `Python_RPi_Part_3.aux'.

LaTeX Font Info:    Checking defaults for OML/cmm/m/it on input line 41.
LaTeX Font Info:    ... okay on input line 41.
LaTeX Font Info:    Checking defaults for T1/cmr/m/n on input line 41.
LaTeX Font Info:    ... okay on input line 41.
LaTeX Font Info:    Checking defaults for OT1/cmr/m/n on input line 41.
LaTeX Font Info:    ... okay on input line 41.
LaTeX Font Info:    Checking defaults for OMS/cmsy/m/n on input line 41.
LaTeX Font Info:    ... okay on input line 41.
LaTeX Font Info:    Checking defaults for OMX/cmex/m/n on input line 41.
LaTeX Font Info:    ... okay on input line 41.
LaTeX Font Info:    Checking defaults for U/cmr/m/n on input line 41.
LaTeX Font Info:    ... okay on input line 41.
LaTeX Font Info:    Checking defaults for PD1/pdf/m/n on input line 41.
LaTeX Font Info:    ... okay on input line 41.

*geometry* driver: auto-detecting
*geometry* detected driver: pdftex
*geometry* verbose mode - [ preamble ] result:
* driver: pdftex
* paper: custom
* layout: <same size as paper>
* layoutoffset:(h,v)=(0.0pt,0.0pt)
* modes: includehead includefoot 
* h-part:(L,W,R)=(28.45274pt, 307.28987pt, 28.45274pt)
* v-part:(T,H,B)=(0.0pt, 273.14662pt, 0.0pt)
* \paperwidth=364.19536pt
* \paperheight=273.14662pt
* \textwidth=307.28987pt
* \textheight=244.6939pt
* \oddsidemargin=-43.81725pt
* \evensidemargin=-43.81725pt
* \topmargin=-72.26999pt
* \headheight=14.22636pt
* \headsep=0.0pt
* \topskip=10.0pt
* \footskip=14.22636pt
* \marginparwidth=3.0pt
* \marginparsep=11.0pt
* \columnsep=10.0pt
* \skip\footins=9.0pt plus 4.0pt minus 2.0pt
* \hoffset=0.0pt
* \voffset=0.0pt
* \mag=1000
* \@twocolumnfalse
* \@twosidefalse
* \@mparswitchfalse
* \@reversemarginfalse
* (1in=72.27pt=25.4mm, 1cm=28.453pt)

(/usr/share/texlive/texmf-dist/tex/context/base/supp-pdf.mkii
[Loading MPS to PDF converter (version 2006.09.02).]
\scratchcounter=\count168
\scratchdimen=\dimen186
\scratchbox=\box62
\nofMPsegments=\count169
\nofMParguments=\count170
\everyMPshowfont=\toks49
\MPscratchCnt=\count171
\MPscratchDim=\dimen187
\MPnumerator=\count172
\makeMPintoPDFobject=\count173
\everyMPtoPDFconversion=\toks50
) (/usr/share/texlive/texmf-dist/tex/latex/oberdiek/epstopdf-base.sty
Package: epstopdf-base 2010/02/09 v2.5 Base part for package epstopdf

(/usr/share/texlive/texmf-dist/tex/latex/oberdiek/grfext.sty
Package: grfext 2010/08/19 v1.1 Manage graphics extensions (HO)
)
Package grfext Info: Graphics extension search list:
(grfext)             [.png,.pdf,.jpg,.mps,.jpeg,.jbig2,.jb2,.PNG,.PDF,.JPG,.JPE
G,.JBIG2,.JB2,.eps]
(grfext)             \AppendGraphicsExtensions on input line 452.

(/usr/share/texlive/texmf-dist/tex/latex/latexconfig/epstopdf-sys.cfg
File: epstopdf-sys.cfg 2010/07/13 v1.3 Configuration of (r)epstopdf for TeX Liv
e
))
ABD: EveryShipout initializing macros
\AtBeginShipoutBox=\box63
Package hyperref Info: Link coloring ON on input line 41.

(/usr/share/texlive/texmf-dist/tex/latex/hyperref/nameref.sty
Package: nameref 2010/04/30 v2.40 Cross-referencing by name of section

(/usr/share/texlive/texmf-dist/tex/generic/oberdiek/gettitlestring.sty
Package: gettitlestring 2010/12/03 v1.4 Cleanup title references (HO)
)
\c@section@level=\count174
)
LaTeX Info: Redefining \ref on input line 41.
LaTeX Info: Redefining \pageref on input line 41.
LaTeX Info: Redefining \nameref on input line 41.

(./Python_RPi_Part_3.out) (./Python_RPi_Part_3.out)
\@outlinefile=\write7
\openout7 = `Python_RPi_Part_3.out'.


(/usr/share/texmf/tex/latex/beamer/base/translator/dicts/translator-basic-dicti
onary/translator-basic-dictionary-English.dict
Dictionary: translator-basic-dictionary, Language: English 
)
(/usr/share/texmf/tex/latex/beamer/base/translator/dicts/translator-bibliograph
y-dictionary/translator-bibliography-dictionary-English.dict
Dictionary: translator-bibliography-dictionary, Language: English 
)
(/usr/share/texmf/tex/latex/beamer/base/translator/dicts/translator-environment
-dictionary/translator-environment-dictionary-English.dict
Dictionary: translator-environment-dictionary, Language: English 
)
(/usr/share/texmf/tex/latex/beamer/base/translator/dicts/translator-months-dict
ionary/translator-months-dictionary-English.dict
Dictionary: translator-months-dictionary, Language: English 
)
(/usr/share/texmf/tex/latex/beamer/base/translator/dicts/translator-numbers-dic
tionary/translator-numbers-dictionary-English.dict
Dictionary: translator-numbers-dictionary, Language: English 
)
(/usr/share/texmf/tex/latex/beamer/base/translator/dicts/translator-theorem-dic
tionary/translator-theorem-dictionary-English.dict
Dictionary: translator-theorem-dictionary, Language: English 
)
runsystem(pygmentize -S default -f latex > Python_RPi_Part_3.pyg)...executed.

 (./Python_RPi_Part_3.pyg)
(/usr/share/texlive/texmf-dist/tex/latex/ucs/ucsencs.def
File: ucsencs.def 2011/01/21 Fixes to fontencodings LGR, T3
)
(./Python_RPi_Part_3.nav) [1

{/var/lib/texmf/fonts/map/pdftex/updmap/pdftex.map}] (./Python_RPi_Part_3.toc)

LaTeX Font Warning: Font shape `OT1/cmr/bx/n' in size <4> not available
(Font)              size <5> substituted on input line 54.


LaTeX Font Warning: Font shape `OT1/cmr/m/n' in size <4> not available
(Font)              size <5> substituted on input line 54.

[2

] (./Python_RPi_Part_3.toc)
\openout4 = `Python_RPi_Part_3.vrb'.

 (./Python_RPi_Part_3.vrb
<figs/rpi.jpeg, id=176, 280.04625pt x 311.1625pt>
File: figs/rpi.jpeg Graphic file (type jpg)
 <use figs/rpi.jpeg>
Package pdftex.def Info: figs/rpi.jpeg used on input line 17.
(pdftex.def)             Requested size: 153.64493pt x 170.72208pt.
) [3

 <./figs/rpi.jpeg>] (./Python_RPi_Part_3.toc)
Underfull \hbox (badness 10000) in paragraph at lines 158--158
[]|\OT1/cmr/m/n/9 512 MB
 []


Underfull \hbox (badness 10000) in paragraph at lines 158--158
[]|\OT1/cmr/m/n/9 Ent.
 []


Underfull \hbox (badness 10000) in paragraph at lines 158--158
[]|\OT1/cmr/m/n/9 10/100 Eth-
 []


Underfull \hbox (badness 3396) in paragraph at lines 158--158
\OT1/cmr/m/n/9 er-net (RJ-45)
 []


Underfull \hbox (badness 1205) in paragraph at lines 158--158
[]|\OT1/cmr/m/n/9 700 mA, (3.5
 []


Overfull \hbox (26.61902pt too wide) in alignment at lines 158--158
 [] [] [] 
 []


Underfull \vbox (badness 10000) detected at line 158
 []

[4

] [5


]
\openout4 = `Python_RPi_Part_3.vrb'.

 (./Python_RPi_Part_3.vrb
<figs/pischeme.jpg, id=296, 602.25pt x 501.875pt>
File: figs/pischeme.jpg Graphic file (type jpg)
 <use figs/pischeme.jpg>
Package pdftex.def Info: figs/pischeme.jpg used on input line 4.
(pdftex.def)             Requested size: 276.559pt x 230.47473pt.
)
Overfull \vbox (19.40024pt too high) detected at line 166
 []

[6

 <./figs/pischeme.jpg>]
<figs/pinoutsBz.jpg, id=331, 292.09125pt x 225.84375pt>
File: figs/pinoutsBz.jpg Graphic file (type jpg)

<use figs/pinoutsBz.jpg>
Package pdftex.def Info: figs/pinoutsBz.jpg used on input line 175.
(pdftex.def)             Requested size: 276.559pt x 213.85422pt.
 [7

 <./figs/pinoutsBz.jpg>]
<figs/pinoutsB.jpg, id=357, 1078.0275pt x 602.25pt>
File: figs/pinoutsB.jpg Graphic file (type jpg)
 <use figs/pinoutsB.jpg>
Package pdftex.def Info: figs/pinoutsB.jpg used on input line 183.
(pdftex.def)             Requested size: 338.02072pt x 188.83673pt.

Overfull \hbox (30.73085pt too wide) in paragraph at lines 183--183
 [] 
 []

[8

 <./figs/pinoutsB.jpg>] <figs/leads.png, id=382, 689.57625pt x 214.8025pt>
File: figs/leads.png Graphic file (type png)

<use figs/leads.png>
Package pdftex.def Info: figs/leads.png used on input line 238.
(pdftex.def)             Requested size: 307.28987pt x 95.71954pt.
 [9

] [10


 <./figs/leads.png (PNG copy)>] [11


]
\openout4 = `Python_RPi_Part_3.vrb'.


(./Python_RPi_Part_3.vrb <figs/case3.jpg, id=481, 403.2666pt x 266.6763pt>
File: figs/case3.jpg Graphic file (type jpg)

<use figs/case3.jpg>
Package pdftex.def Info: figs/case3.jpg used on input line 4.
(pdftex.def)             Requested size: 153.64493pt x 101.6066pt.
 <figs/case4.jpg, id=482, 602.25pt x 449.68pt>
File: figs/case4.jpg Graphic file (type jpg)

<use figs/case4.jpg>
Package pdftex.def Info: figs/case4.jpg used on input line 6.
(pdftex.def)             Requested size: 153.64493pt x 114.71834pt.
) [12

 <./figs/case3.jpg> <./figs/case4.jpg>]
\openout4 = `Python_RPi_Part_3.vrb'.


(./Python_RPi_Part_3.vrb <figs/case1.jpg, id=518, 602.25pt x 602.25pt>
File: figs/case1.jpg Graphic file (type jpg)

<use figs/case1.jpg>
Package pdftex.def Info: figs/case1.jpg used on input line 4.
(pdftex.def)             Requested size: 153.64493pt x 153.64064pt.
 <figs/case2.png, id=519, 702.625pt x 702.625pt>
File: figs/case2.png Graphic file (type png)

<use figs/case2.png>
Package pdftex.def Info: figs/case2.png used on input line 6.
(pdftex.def)             Requested size: 153.64493pt x 153.64523pt.
) [13

 <./figs/case1.jpg> <./figs/case2.png>]
<figs/case5.jpg, id=556, 642.4pt x 379.4175pt>
File: figs/case5.jpg Graphic file (type jpg)
 <use figs/case5.jpg>
Package pdftex.def Info: figs/case5.jpg used on input line 270.
(pdftex.def)             Requested size: 307.28987pt x 181.49886pt.
 [14

 <./figs/case5.jpg>] <figs/element.png, id=590, 1315.91624pt x 595.22375pt>
File: figs/element.png Graphic file (type png)

<use figs/element.png>
Package pdftex.def Info: figs/element.png used on input line 276.
(pdftex.def)             Requested size: 307.28987pt x 138.98752pt.
 [15

 <./figs/element.png (PNG copy)>]
\openout4 = `Python_RPi_Part_3.vrb'.


(./Python_RPi_Part_3.vrb <figs/modmypi.png, id=616, 1289.81876pt x 650.43pt>
File: figs/modmypi.png Graphic file (type png)

<use figs/modmypi.png>
Package pdftex.def Info: figs/modmypi.png used on input line 2.
(pdftex.def)             Requested size: 307.28987pt x 154.95511pt.
) [16

 <./figs/modmypi.png (PNG copy)>]
<figs/elinux1.png, id=651, 1346.02875pt x 662.475pt>
File: figs/elinux1.png Graphic file (type png)
 <use figs/elinux1.png>
Package pdftex.def Info: figs/elinux1.png used on input line 292.
(pdftex.def)             Requested size: 307.28987pt x 151.23389pt.

[17

 <./figs/elinux1.png (PNG copy)>]
<figs/elinux2.png, id=686, 1333.98375pt x 660.4675pt>
File: figs/elinux2.png Graphic file (type png)
 <use figs/elinux2.png>
Package pdftex.def Info: figs/elinux2.png used on input line 298.
(pdftex.def)             Requested size: 307.28987pt x 152.13611pt.

[18

 <./figs/elinux2.png (PNG copy)>]
<figs/elinux3.png, id=712, 1296.845pt x 665.48625pt>
File: figs/elinux3.png Graphic file (type png)
 <use figs/elinux3.png>
Package pdftex.def Info: figs/elinux3.png used on input line 304.
(pdftex.def)             Requested size: 307.28987pt x 157.68906pt.

[19

 <./figs/elinux3.png (PNG copy)>]
<figs/elinux4.png, id=740, 1309.89375pt x 659.46375pt>
File: figs/elinux4.png Graphic file (type png)
 <use figs/elinux4.png>
Package pdftex.def Info: figs/elinux4.png used on input line 311.
(pdftex.def)             Requested size: 307.28987pt x 154.7023pt.

[20

 <./figs/elinux4.png (PNG copy)>]
<figs/elinux5.png, id=765, 1308.89pt x 666.49pt>
File: figs/elinux5.png Graphic file (type png)
 <use figs/elinux5.png>
Package pdftex.def Info: figs/elinux5.png used on input line 318.
(pdftex.def)             Requested size: 307.28987pt x 156.47263pt.

[21

 <./figs/elinux5.png (PNG copy)>] (./Python_RPi_Part_3.toc)
Overfull \hbox (36.03847pt too wide) in paragraph at lines 347--347
[][]\OT1/cmr/m/n/10 https://www.sdcard.org/downloads/formatter[]4/eula[]windows
/[][], 
 []


Overfull \hbox (16.81622pt too wide) in paragraph at lines 347--347
[][]\OT1/cmr/m/n/10 https://www.sdcard.org/downloads/formatter[]4/eula[]mac/[][
], 
 []

[22

]
\openout4 = `Python_RPi_Part_3.vrb'.

 (./Python_RPi_Part_3.vrb) [23

]
\openout4 = `Python_RPi_Part_3.vrb'.

 (./Python_RPi_Part_3.vrb
<figs/noobs1.png, id=871, 803.0pt x 602.25pt>
File: figs/noobs1.png Graphic file (type png)
 <use figs/noobs1.png>
Package pdftex.def Info: figs/noobs1.png used on input line 2.
(pdftex.def)             Requested size: 245.83282pt x 184.3706pt.
) [24

 <./figs/noobs1.png>]
\openout4 = `Python_RPi_Part_3.vrb'.

 (./Python_RPi_Part_3.vrb
<figs/noobs2.png, id=905, 803.0pt x 602.25pt>
File: figs/noobs2.png Graphic file (type png)
 <use figs/noobs2.png>
Package pdftex.def Info: figs/noobs2.png used on input line 2.
(pdftex.def)             Requested size: 245.83282pt x 184.3706pt.
) [25

 <./figs/noobs2.png>]
\openout4 = `Python_RPi_Part_3.vrb'.

 (./Python_RPi_Part_3.vrb
<figs/noobs3.png, id=940, 803.0pt x 602.25pt>
File: figs/noobs3.png Graphic file (type png)
 <use figs/noobs3.png>
Package pdftex.def Info: figs/noobs3.png used on input line 2.
(pdftex.def)             Requested size: 245.83282pt x 184.3706pt.
) [26

 <./figs/noobs3.png>]
\openout4 = `Python_RPi_Part_3.vrb'.

 (./Python_RPi_Part_3.vrb
<figs/riscos.png, id=975, 602.25pt x 451.6875pt>
File: figs/riscos.png Graphic file (type png)
 <use figs/riscos.png>
Package pdftex.def Info: figs/riscos.png used on input line 2.
(pdftex.def)             Requested size: 245.83282pt x 184.3729pt.
)
[27

 <./figs/riscos.png>]
\openout4 = `Python_RPi_Part_3.vrb'.

 (./Python_RPi_Part_3.vrb) [28

]
(./Python_RPi_Part_3.toc)
\openout4 = `Python_RPi_Part_3.vrb'.

 (./Python_RPi_Part_3.vrb
<figs/hort.png, id=1055, 1371.1225pt x 770.88pt>
File: figs/hort.png Graphic file (type png)
 <use figs/hort.png>
Package pdftex.def Info: figs/hort.png used on input line 9.
(pdftex.def)             Requested size: 153.64493pt x 86.37326pt.
) [29

 <./figs/hort.png>]
\openout4 = `Python_RPi_Part_3.vrb'.

 (./Python_RPi_Part_3.vrb) [30

]
\openout4 = `Python_RPi_Part_3.vrb'.

 (./Python_RPi_Part_3.vrb
<figs/short.png, id=1122, 702.4644pt x 295.3434pt>
File: figs/short.png Graphic file (type png)
 <use figs/short.png>
Package pdftex.def Info: figs/short.png used on input line 4.
(pdftex.def)             Requested size: 307.28987pt x 129.19888pt.
)
[31

 <./figs/short.png>]
\openout4 = `Python_RPi_Part_3.vrb'.

 (./Python_RPi_Part_3.vrb
<figs/xbmc.jpg, id=1157, 1027.84pt x 532.99126pt>
File: figs/xbmc.jpg Graphic file (type jpg)
 <use figs/xbmc.jpg>
Package pdftex.def Info: figs/xbmc.jpg used on input line 4.
(pdftex.def)             Requested size: 307.28987pt x 159.34558pt.
) [32

 <./figs/xbmc.jpg>]
\openout4 = `Python_RPi_Part_3.vrb'.

 (./Python_RPi_Part_3.vrb
<figs/geiger.jpg, id=1193, 963.6pt x 566.115pt>
File: figs/geiger.jpg Graphic file (type jpg)
 <use figs/geiger.jpg>
Package pdftex.def Info: figs/geiger.jpg used on input line 14.
(pdftex.def)             Requested size: 184.3758pt x 108.31448pt.
) [33

 <./figs/geiger.jpg>]
\openout4 = `Python_RPi_Part_3.vrb'.

 (./Python_RPi_Part_3.vrb) [34

]
\openout4 = `Python_RPi_Part_3.vrb'.

 (./Python_RPi_Part_3.vrb)
[35

]
\openout4 = `Python_RPi_Part_3.vrb'.

 (./Python_RPi_Part_3.vrb
\openout5 = `Python_RPi_Part_3.pyg'.

runsystem(pygmentize -l python -f latex -F tokenmerge      -P mathescape       
-P "verboptions= ,frame=lines,frame=lines,frame=lines" -o Python_RPi_Part_3.out
.pyg Python_RPi_Part_3.pyg)...executed.

 (./Python_RPi_Part_3.out.pyg
LaTeX Font Info:    Font shape `OT1/cmtt/bx/n' in size <10> not available
(Font)              Font shape `OT1/cmtt/m/n' tried instead on input line 2.
)
runsystem(rm Python_RPi_Part_3.out.pyg)...executed.

runsystem(rm Python_RPi_Part_3.pyg)...executed.

) [36

]
\openout4 = `Python_RPi_Part_3.vrb'.


(./Python_RPi_Part_3.vrb
\openout5 = `Python_RPi_Part_3.pyg'.

runsystem(pygmentize -l python -f latex -F tokenmerge      -P mathescape       
-P "verboptions= ,frame=lines,frame=lines,frame=lines" -o Python_RPi_Part_3.out
.pyg Python_RPi_Part_3.pyg)...executed.

 (./Python_RPi_Part_3.out.pyg)
runsystem(rm Python_RPi_Part_3.out.pyg)...executed.

runsystem(rm Python_RPi_Part_3.pyg)...executed.

)
Overfull \vbox (3.94772pt too high) detected at line 564
 []

[37

]
\openout4 = `Python_RPi_Part_3.vrb'.

 (./Python_RPi_Part_3.vrb) [38

]
\openout4 = `Python_RPi_Part_3.vrb'.

 (./Python_RPi_Part_3.vrb
<figs/gertboard1.jpg, id=1392, 1027.84pt x 770.88pt>
File: figs/gertboard1.jpg Graphic file (type jpg)
 <use figs/gertboard1.jpg>
Package pdftex.def Info: figs/gertboard1.jpg used on input line 2.
(pdftex.def)             Requested size: 307.28987pt x 230.46593pt.
)
Overfull \vbox (19.39143pt too high) detected at line 588
 []

[39

 <./figs/gertboard1.jpg>]
\openout4 = `Python_RPi_Part_3.vrb'.

 (./Python_RPi_Part_3.vrb
<figs/gertboard2.JPG, id=1425, 420.97275pt x 325.215pt>
File: figs/gertboard2.JPG Graphic file (type jpg)

<use figs/gertboard2.JPG>
Package pdftex.def Info: figs/gertboard2.JPG used on input line 2.
(pdftex.def)             Requested size: 261.19826pt x 201.78505pt.
) [40

 <./figs/gertboard2.JPG>]
(./Python_RPi_Part_3.toc)
\openout4 = `Python_RPi_Part_3.vrb'.

 (./Python_RPi_Part_3.vrb
<figs/pin1.png, id=1471, 569.9694pt x 405.1938pt>
File: figs/pin1.png Graphic file (type png)
 <use figs/pin1.png>
Package pdftex.def Info: figs/pin1.png used on input line 3.
(pdftex.def)             Requested size: 245.83282pt x 174.76784pt.
) [41

 <./figs/pin1.png>]
\openout4 = `Python_RPi_Part_3.vrb'.

 (./Python_RPi_Part_3.vrb
<figs/pin2.png, id=1504, 530.96327pt x 416.9423pt>
File: figs/pin2.png Graphic file (type png)
 <use figs/pin2.png>
Package pdftex.def Info: figs/pin2.png used on input line 3.
(pdftex.def)             Requested size: 245.83282pt x 193.04274pt.
)
[42

 <./figs/pin2.png>]
\openout4 = `Python_RPi_Part_3.vrb'.

 (./Python_RPi_Part_3.vrb
<figs/pin3.png, id=1537, 562.2606pt x 348.8232pt>
File: figs/pin3.png Graphic file (type png)
 <use figs/pin3.png>
Package pdftex.def Info: figs/pin3.png used on input line 3.
(pdftex.def)             Requested size: 245.83282pt x 152.51396pt.
) [43

 <./figs/pin3.png>]
\openout4 = `Python_RPi_Part_3.vrb'.

 (./Python_RPi_Part_3.vrb
<figs/pin4.png, id=1570, 807.015pt x 550.055pt>
File: figs/pin4.png Graphic file (type png)
 <use figs/pin4.png>
Package pdftex.def Info: figs/pin4.png used on input line 3.
(pdftex.def)             Requested size: 245.83282pt x 167.5525pt.
) [44

 <./figs/pin4.png (PNG copy)>]
\openout4 = `Python_RPi_Part_3.vrb'.

 (./Python_RPi_Part_3.vrb) [45

]
\openout4 = `Python_RPi_Part_3.vrb'.

 (./Python_RPi_Part_3.vrb <figs/pin5.png, id=1632, 314.6154pt x 307.3884pt>
File: figs/pin5.png Graphic file (type png)
 <use figs/pin5.png>
Package pdftex.def Info: figs/pin5.png used on input line 3.
(pdftex.def)             Requested size: 245.83282pt x 240.1888pt.
)
Overfull \vbox (39.1143pt too high) detected at line 668
 []

[46

 <./figs/pin5.png>]
\openout4 = `Python_RPi_Part_3.vrb'.

 (./Python_RPi_Part_3.vrb) [47

]
<figs/question_mark.jpg, id=1700, 1003.75pt x 1003.75pt>
File: figs/question_mark.jpg Graphic file (type jpg)

<use figs/question_mark.jpg>
Package pdftex.def Info: figs/question_mark.jpg used on input line 691.
(pdftex.def)             Requested size: 184.3758pt x 184.37367pt.
 [48

 <./figs/question_mark.jpg>]
\tf@nav=\write8
\openout8 = `Python_RPi_Part_3.nav'.

\tf@toc=\write9
\openout9 = `Python_RPi_Part_3.toc'.

\tf@snm=\write10
\openout10 = `Python_RPi_Part_3.snm'.

Package atveryend Info: Empty hook `BeforeClearDocument' on input line 694.
Package atveryend Info: Empty hook `AfterLastShipout' on input line 694.

(./Python_RPi_Part_3.aux)
Package atveryend Info: Executing hook `AtVeryEndDocument' on input line 694.
Package atveryend Info: Executing hook `AtEndAfterFileList' on input line 694.


Package rerunfilecheck Warning: File `Python_RPi_Part_3.out' has changed.
(rerunfilecheck)                Rerun to get outlines right
(rerunfilecheck)                or use package `bookmark'.

Package rerunfilecheck Info: Checksums for `Python_RPi_Part_3.out':
(rerunfilecheck)             Before: 6C27BEE5513284D6878944DC7F25F895;690
(rerunfilecheck)             After:  05FA484AB713DADCD5A1B0B146A5E263;731.

LaTeX Font Warning: Size substitutions with differences
(Font)              up to 1.0pt have occurred.

Package atveryend Info: Empty hook `AtVeryVeryEnd' on input line 694.
 ) 
Here is how much of TeX's memory you used:
 18146 strings out of 493485
 330578 string characters out of 3143526
 442531 words of memory out of 3000000
 20763 multiletter control sequences out of 15000+200000
 10345 words of font info for 41 fonts, out of 3000000 for 9000
 957 hyphenation exceptions out of 8191
 49i,20n,65p,402b,942s stack positions out of 5000i,500n,10000p,200000b,50000s
</usr/share/texlive/texmf-dist/fonts/type1/public/amsfonts/cm/cmbx5.pfb></usr
/share/texlive/texmf-dist/fonts/type1/public/amsfonts/cm/cmbx7.pfb></usr/share/
texlive/texmf-dist/fonts/type1/public/amsfonts/cm/cmitt10.pfb></usr/share/texli
ve/texmf-dist/fonts/type1/public/amsfonts/cm/cmmi7.pfb></usr/share/texlive/texm
f-dist/fonts/type1/public/amsfonts/cm/cmr10.pfb></usr/share/texlive/texmf-dist/
fonts/type1/public/amsfonts/cm/cmr12.pfb></usr/share/texlive/texmf-dist/fonts/t
ype1/public/amsfonts/cm/cmr5.pfb></usr/share/texlive/texmf-dist/fonts/type1/pub
lic/amsfonts/cm/cmr6.pfb></usr/share/texlive/texmf-dist/fonts/type1/public/amsf
onts/cm/cmr7.pfb></usr/share/texlive/texmf-dist/fonts/type1/public/amsfonts/cm/
cmr9.pfb></usr/share/texlive/texmf-dist/fonts/type1/public/amsfonts/cm/cmsy9.pf
b></usr/share/texlive/texmf-dist/fonts/type1/public/amsfonts/cm/cmti10.pfb></us
r/share/texlive/texmf-dist/fonts/type1/public/amsfonts/cm/cmtt10.pfb>
Output written on Python_RPi_Part_3.pdf (48 pages, 7756959 bytes).
PDF statistics:
 1798 PDF objects out of 2073 (max. 8388607)
 1596 compressed objects within 16 object streams
 102 named destinations out of 1000 (max. 500000)
 360 words of extra memory for PDF output out of 10000 (max. 10000000)

